2025-07-16T19:33:16.625Z [ERROR]: Invalid command options:
Validation error: Expected number, received nan at "repeat"
2025-07-17T06:10:49.608Z [ERROR]: Traceback (most recent call last):
  File "C:\Users\e430287.SPI-GLOBAL\AppData\Roaming\npm\node_modules\promptfoo\dist\src\python\wrapper.py", line 39, in <module>
    result = call_method(script_path, method_name, *data)
             ^^^^^^^^^^^^^^^^^^^^^^^^^^^^^^^^^^^^^^^^^^^^
  File "C:\Users\e430287.SPI-GLOBAL\AppData\Roaming\npm\node_modules\promptfoo\dist\src\python\wrapper.py", line 28, in call_method
    return method_to_call(*args)
           ^^^^^^^^^^^^^^^^^^^^^
  File "C:\Users\e430287.SPI-GLOBAL\Documents\automate_testcases_mine\final_assertions\fix_tokenizer.py", line 65, in assert_tokenizer_fix
    output = run_python_code(extracted_code, test_case)
             ^^^^^^^^^^^^^^^^^^^^^^^^^^^^^^^^^^^^^^^^^^
  File "C:\Users\e430287.SPI-GLOBAL\Documents\automate_testcases_mine\final_assertions\fix_tokenizer.py", line 28, in run_python_code
    f.write(full_code)
  File "C:\Users\e430287.SPI-GLOBAL\AppData\Local\anaconda3\Lib\tempfile.py", line 499, in func_wrapper
2025-07-17T06:10:49.611Z [ERROR]: return func(*args, **kwargs)
           ^^^^^^^^^^^^^^^^^^^^^
  File "C:\Users\e430287.SPI-GLOBAL\AppData\Local\anaconda3\Lib\encodings\cp1252.py", line 19, in encode
    return codecs.charmap_encode(input,self.errors,encoding_table)[0]
           ^^^^^^^^^^^^^^^^^^^^^^^^^^^^^^^^^^^^^^^^^^^^^^^^^^^^^^^
UnicodeEncodeError: 'charmap' codec can't encode character '\u2010' in position 227: character maps to <undefined>
2025-07-17T06:10:49.618Z [ERROR]: Error running Python script: UnicodeEncodeError: 'charmap' codec can't encode character '\u2010' in position 227: character maps to <undefined>
Stack Trace: Error: UnicodeEncodeError: 'charmap' codec can't encode character '\u2010' in position 227: character maps to <undefined>
    at PythonShell.parseError (C:\Users\e430287.SPI-GLOBAL\AppData\Roaming\npm\node_modules\promptfoo\node_modules\python-shell\index.js:303:21)
    at terminateIfNeeded (C:\Users\e430287.SPI-GLOBAL\AppData\Roaming\npm\node_modules\promptfoo\node_modules\python-shell\index.js:193:32)
    at ChildProcess.<anonymous> (C:\Users\e430287.SPI-GLOBAL\AppData\Roaming\npm\node_modules\promptfoo\node_modules\python-shell\index.js:185:13)
    at ChildProcess.emit (node:events:514:28)
    at ChildProcess._handle.onexit (node:internal/child_process:294:12)
    --Python Traceback: --
    File "C:\Users\e430287.SPI-GLOBAL\AppData\Roaming\npm\node_modules\promptfoo\dist\src\python\wrapper.py", line 39, in <module>
      result = call_method(script_path, method_name, *data)
               ^^^^^^^^^^^^^^^^^^^^^^^^^^^^^^^^^^^^^^^^^^^^
    File "C:\Users\e430287.SPI-GLOBAL\AppData\Roaming\npm\node_modules\promptfoo\dist\src\python\wrapper.py", line 28, in call_method
      return method_to_call(*args)
             ^^^^^^^^^^^^^^^^^^^^^
    File "C:\Users\e430287.SPI-GLOBAL\Documents\automate_testcases_mine\final_assertions\fix_tokenizer.py", line 65, in assert_tokenizer_fix
      output = run_python_code(extracted_code, test_case)
               ^^^^^^^^^^^^^^^^^^^^^^^^^^^^^^^^^^^^^^^^^^
    File "C:\Users\e430287.SPI-GLOBAL\Documents\automate_testcases_mine\final_assertions\fix_tokenizer.py", line 28, in run_python_code
      f.write(full_code)
    File "C:\Users\e430287.SPI-GLOBAL\AppData\Local\anaconda3\Lib\tempfile.py", line 499, in func_wrapper
      return func(*args, **kwargs)
             ^^^^^^^^^^^^^^^^^^^^^
    File "C:\Users\e430287.SPI-GLOBAL\AppData\Local\anaconda3\Lib\encodings\cp1252.py", line 19, in encode
      return codecs.charmap_encode(input,self.errors,encoding_table)[0]
             ^^^^^^^^^^^^^^^^^^^^^^^^^^^^^^^^^^^^^^^^^^^^^^^^^^^^^^^
2025-07-17T06:10:49.619Z [ERROR]: Error removing C:\Users\E43028~1.SPI\AppData\Local\Temp\7\promptfoo-python-output-json-1752732649376-678ddf348f9bb.json: Error: ENOENT: no such file or directory, unlink 'C:\Users\E43028~1.SPI\AppData\Local\Temp\7\promptfoo-python-output-json-1752732649376-678ddf348f9bb.json'
2025-07-17T06:10:52.582Z [ERROR]: Traceback (most recent call last):
  File "C:\Users\e430287.SPI-GLOBAL\AppData\Roaming\npm\node_modules\promptfoo\dist\src\python\wrapper.py", line 39, in <module>
    result = call_method(script_path, method_name, *data)
             ^^^^^^^^^^^^^^^^^^^^^^^^^^^^^^^^^^^^^^^^^^^^
  File "C:\Users\e430287.SPI-GLOBAL\AppData\Roaming\npm\node_modules\promptfoo\dist\src\python\wrapper.py", line 28, in call_method
    return method_to_call(*args)
           ^^^^^^^^^^^^^^^^^^^^^
  File "C:\Users\e430287.SPI-GLOBAL\Documents\automate_testcases_mine\final_assertions\fix_tokenizer.py", line 65, in assert_tokenizer_fix
    output = run_python_code(extracted_code, test_case)
             ^^^^^^^^^^^^^^^^^^^^^^^^^^^^^^^^^^^^^^^^^^
  File "C:\Users\e430287.SPI-GLOBAL\Documents\automate_testcases_mine\final_assertions\fix_tokenizer.py", line 28, in run_python_code
    f.write(full_code)
  File "C:\Users\e430287.SPI-GLOBAL\AppData\Local\anaconda3\Lib\tempfile.py", line 499, in func_wrapper
    return func(*args, **kwargs)
2025-07-17T06:10:52.582Z [ERROR]: ^^^^^^^^^^^^^^^^^^^^^
  File "C:\Users\e430287.SPI-GLOBAL\AppData\Local\anaconda3\Lib\encodings\cp1252.py", line 19, in encode
    return codecs.charmap_encode(input,self.errors,encoding_table)[0]
           ^^^^^^^^^^^^^^^^^^^^^^^^^^^^^^^^^^^^^^^^^^^^^^^^^^^^^^^
UnicodeEncodeError: 'charmap' codec can't encode character '\u2010' in position 79: character maps to <undefined>
2025-07-17T06:10:52.599Z [ERROR]: Error running Python script: UnicodeEncodeError: 'charmap' codec can't encode character '\u2010' in position 79: character maps to <undefined>
Stack Trace: Error: UnicodeEncodeError: 'charmap' codec can't encode character '\u2010' in position 79: character maps to <undefined>
    at PythonShell.parseError (C:\Users\e430287.SPI-GLOBAL\AppData\Roaming\npm\node_modules\promptfoo\node_modules\python-shell\index.js:303:21)
    at terminateIfNeeded (C:\Users\e430287.SPI-GLOBAL\AppData\Roaming\npm\node_modules\promptfoo\node_modules\python-shell\index.js:193:32)
    at ChildProcess.<anonymous> (C:\Users\e430287.SPI-GLOBAL\AppData\Roaming\npm\node_modules\promptfoo\node_modules\python-shell\index.js:185:13)
    at ChildProcess.emit (node:events:514:28)
    at ChildProcess._handle.onexit (node:internal/child_process:294:12)
    --Python Traceback: --
    File "C:\Users\e430287.SPI-GLOBAL\AppData\Roaming\npm\node_modules\promptfoo\dist\src\python\wrapper.py", line 39, in <module>
      result = call_method(script_path, method_name, *data)
               ^^^^^^^^^^^^^^^^^^^^^^^^^^^^^^^^^^^^^^^^^^^^
    File "C:\Users\e430287.SPI-GLOBAL\AppData\Roaming\npm\node_modules\promptfoo\dist\src\python\wrapper.py", line 28, in call_method
      return method_to_call(*args)
             ^^^^^^^^^^^^^^^^^^^^^
    File "C:\Users\e430287.SPI-GLOBAL\Documents\automate_testcases_mine\final_assertions\fix_tokenizer.py", line 65, in assert_tokenizer_fix
      output = run_python_code(extracted_code, test_case)
               ^^^^^^^^^^^^^^^^^^^^^^^^^^^^^^^^^^^^^^^^^^
    File "C:\Users\e430287.SPI-GLOBAL\Documents\automate_testcases_mine\final_assertions\fix_tokenizer.py", line 28, in run_python_code
      f.write(full_code)
    File "C:\Users\e430287.SPI-GLOBAL\AppData\Local\anaconda3\Lib\tempfile.py", line 499, in func_wrapper
      return func(*args, **kwargs)
             ^^^^^^^^^^^^^^^^^^^^^
    File "C:\Users\e430287.SPI-GLOBAL\AppData\Local\anaconda3\Lib\encodings\cp1252.py", line 19, in encode
      return codecs.charmap_encode(input,self.errors,encoding_table)[0]
             ^^^^^^^^^^^^^^^^^^^^^^^^^^^^^^^^^^^^^^^^^^^^^^^^^^^^^^^
2025-07-17T06:10:52.600Z [ERROR]: Error removing C:\Users\E43028~1.SPI\AppData\Local\Temp\7\promptfoo-python-output-json-1752732652434-3575287a5e272.json: Error: ENOENT: no such file or directory, unlink 'C:\Users\E43028~1.SPI\AppData\Local\Temp\7\promptfoo-python-output-json-1752732652434-3575287a5e272.json'
2025-07-17T06:10:56.078Z [ERROR]: Traceback (most recent call last):
  File "C:\Users\e430287.SPI-GLOBAL\AppData\Roaming\npm\node_modules\promptfoo\dist\src\python\wrapper.py", line 39, in <module>
    result = call_method(script_path, method_name, *data)
             ^^^^^^^^^^^^^^^^^^^^^^^^^^^^^^^^^^^^^^^^^^^^
  File "C:\Users\e430287.SPI-GLOBAL\AppData\Roaming\npm\node_modules\promptfoo\dist\src\python\wrapper.py", line 28, in call_method
    return method_to_call(*args)
           ^^^^^^^^^^^^^^^^^^^^^
  File "C:\Users\e430287.SPI-GLOBAL\Documents\automate_testcases_mine\final_assertions\fix_tokenizer.py", line 65, in assert_tokenizer_fix
    output = run_python_code(extracted_code, test_case)
             ^^^^^^^^^^^^^^^^^^^^^^^^^^^^^^^^^^^^^^^^^^
  File "C:\Users\e430287.SPI-GLOBAL\Documents\automate_testcases_mine\final_assertions\fix_tokenizer.py", line 28, in run_python_code
    f.write(full_code)
  File "C:\Users\e430287.SPI-GLOBAL\AppData\Local\anaconda3\Lib\tempfile.py", line 499, in func_wrapper
2025-07-17T06:10:56.079Z [ERROR]: return func(*args, **kwargs)
           ^^^^^^^^^^^^^^^^^^^^^
  File "C:\Users\e430287.SPI-GLOBAL\AppData\Local\anaconda3\Lib\encodings\cp1252.py", line 19, in encode
    return codecs.charmap_encode(input,self.errors,encoding_table)[0]
           ^^^^^^^^^^^^^^^^^^^^^^^^^^^^^^^^^^^^^^^^^^^^^^^^^^^^^^^
UnicodeEncodeError: 'charmap' codec can't encode character '\u2011' in position 107: character maps to <undefined>
2025-07-17T06:10:56.102Z [ERROR]: Error running Python script: UnicodeEncodeError: 'charmap' codec can't encode character '\u2011' in position 107: character maps to <undefined>
Stack Trace: Error: UnicodeEncodeError: 'charmap' codec can't encode character '\u2011' in position 107: character maps to <undefined>
    at PythonShell.parseError (C:\Users\e430287.SPI-GLOBAL\AppData\Roaming\npm\node_modules\promptfoo\node_modules\python-shell\index.js:303:21)
    at terminateIfNeeded (C:\Users\e430287.SPI-GLOBAL\AppData\Roaming\npm\node_modules\promptfoo\node_modules\python-shell\index.js:193:32)
    at ChildProcess.<anonymous> (C:\Users\e430287.SPI-GLOBAL\AppData\Roaming\npm\node_modules\promptfoo\node_modules\python-shell\index.js:185:13)
    at ChildProcess.emit (node:events:514:28)
    at ChildProcess._handle.onexit (node:internal/child_process:294:12)
    --Python Traceback: --
    File "C:\Users\e430287.SPI-GLOBAL\AppData\Roaming\npm\node_modules\promptfoo\dist\src\python\wrapper.py", line 39, in <module>
      result = call_method(script_path, method_name, *data)
               ^^^^^^^^^^^^^^^^^^^^^^^^^^^^^^^^^^^^^^^^^^^^
    File "C:\Users\e430287.SPI-GLOBAL\AppData\Roaming\npm\node_modules\promptfoo\dist\src\python\wrapper.py", line 28, in call_method
      return method_to_call(*args)
             ^^^^^^^^^^^^^^^^^^^^^
    File "C:\Users\e430287.SPI-GLOBAL\Documents\automate_testcases_mine\final_assertions\fix_tokenizer.py", line 65, in assert_tokenizer_fix
      output = run_python_code(extracted_code, test_case)
               ^^^^^^^^^^^^^^^^^^^^^^^^^^^^^^^^^^^^^^^^^^
    File "C:\Users\e430287.SPI-GLOBAL\Documents\automate_testcases_mine\final_assertions\fix_tokenizer.py", line 28, in run_python_code
      f.write(full_code)
    File "C:\Users\e430287.SPI-GLOBAL\AppData\Local\anaconda3\Lib\tempfile.py", line 499, in func_wrapper
      return func(*args, **kwargs)
             ^^^^^^^^^^^^^^^^^^^^^
    File "C:\Users\e430287.SPI-GLOBAL\AppData\Local\anaconda3\Lib\encodings\cp1252.py", line 19, in encode
      return codecs.charmap_encode(input,self.errors,encoding_table)[0]
             ^^^^^^^^^^^^^^^^^^^^^^^^^^^^^^^^^^^^^^^^^^^^^^^^^^^^^^^
2025-07-17T06:10:56.104Z [ERROR]: Error removing C:\Users\E43028~1.SPI\AppData\Local\Temp\7\promptfoo-python-output-json-1752732655862-8663f7d065212.json: Error: ENOENT: no such file or directory, unlink 'C:\Users\E43028~1.SPI\AppData\Local\Temp\7\promptfoo-python-output-json-1752732655862-8663f7d065212.json'
2025-07-17T06:11:07.636Z [ERROR]: Traceback (most recent call last):
  File "C:\Users\e430287.SPI-GLOBAL\AppData\Roaming\npm\node_modules\promptfoo\dist\src\python\wrapper.py", line 39, in <module>
    result = call_method(script_path, method_name, *data)
             ^^^^^^^^^^^^^^^^^^^^^^^^^^^^^^^^^^^^^^^^^^^^
  File "C:\Users\e430287.SPI-GLOBAL\AppData\Roaming\npm\node_modules\promptfoo\dist\src\python\wrapper.py", line 28, in call_method
    return method_to_call(*args)
           ^^^^^^^^^^^^^^^^^^^^^
  File "C:\Users\e430287.SPI-GLOBAL\Documents\automate_testcases_mine\final_assertions\fix_tokenizer.py", line 65, in assert_tokenizer_fix
    output = run_python_code(extracted_code, test_case)
             ^^^^^^^^^^^^^^^^^^^^^^^^^^^^^^^^^^^^^^^^^^
  File "C:\Users\e430287.SPI-GLOBAL\Documents\automate_testcases_mine\final_assertions\fix_tokenizer.py", line 28, in run_python_code
    f.write(full_code)
  File "C:\Users\e430287.SPI-GLOBAL\AppData\Local\anaconda3\Lib\tempfile.py", line 499, in func_wrapper
    return func(*args, **kwargs)
           ^^^^^^^^^^^^^^^^^^^^^
  File "C:\Users\e430287.SPI-GLOBAL\AppData\Local\anaconda3\Lib\encodings\cp1252.py", line 19, in encode
2025-07-17T06:11:07.637Z [ERROR]: return codecs.charmap_encode(input,self.errors,encoding_table)[0]
           ^^^^^^^^^^^^^^^^^^^^^^^^^^^^^^^^^^^^^^^^^^^^^^^^^^^^^^^
UnicodeEncodeError: 'charmap' codec can't encode character '\u2010' in position 222: character maps to <undefined>
2025-07-17T06:11:07.655Z [ERROR]: Error running Python script: UnicodeEncodeError: 'charmap' codec can't encode character '\u2010' in position 222: character maps to <undefined>
Stack Trace: Error: UnicodeEncodeError: 'charmap' codec can't encode character '\u2010' in position 222: character maps to <undefined>
    at PythonShell.parseError (C:\Users\e430287.SPI-GLOBAL\AppData\Roaming\npm\node_modules\promptfoo\node_modules\python-shell\index.js:303:21)
    at terminateIfNeeded (C:\Users\e430287.SPI-GLOBAL\AppData\Roaming\npm\node_modules\promptfoo\node_modules\python-shell\index.js:193:32)
    at ChildProcess.<anonymous> (C:\Users\e430287.SPI-GLOBAL\AppData\Roaming\npm\node_modules\promptfoo\node_modules\python-shell\index.js:185:13)
    at ChildProcess.emit (node:events:514:28)
    at ChildProcess._handle.onexit (node:internal/child_process:294:12)
    --Python Traceback: --
    File "C:\Users\e430287.SPI-GLOBAL\AppData\Roaming\npm\node_modules\promptfoo\dist\src\python\wrapper.py", line 39, in <module>
      result = call_method(script_path, method_name, *data)
               ^^^^^^^^^^^^^^^^^^^^^^^^^^^^^^^^^^^^^^^^^^^^
    File "C:\Users\e430287.SPI-GLOBAL\AppData\Roaming\npm\node_modules\promptfoo\dist\src\python\wrapper.py", line 28, in call_method
      return method_to_call(*args)
             ^^^^^^^^^^^^^^^^^^^^^
    File "C:\Users\e430287.SPI-GLOBAL\Documents\automate_testcases_mine\final_assertions\fix_tokenizer.py", line 65, in assert_tokenizer_fix
      output = run_python_code(extracted_code, test_case)
               ^^^^^^^^^^^^^^^^^^^^^^^^^^^^^^^^^^^^^^^^^^
    File "C:\Users\e430287.SPI-GLOBAL\Documents\automate_testcases_mine\final_assertions\fix_tokenizer.py", line 28, in run_python_code
      f.write(full_code)
    File "C:\Users\e430287.SPI-GLOBAL\AppData\Local\anaconda3\Lib\tempfile.py", line 499, in func_wrapper
      return func(*args, **kwargs)
             ^^^^^^^^^^^^^^^^^^^^^
    File "C:\Users\e430287.SPI-GLOBAL\AppData\Local\anaconda3\Lib\encodings\cp1252.py", line 19, in encode
      return codecs.charmap_encode(input,self.errors,encoding_table)[0]
             ^^^^^^^^^^^^^^^^^^^^^^^^^^^^^^^^^^^^^^^^^^^^^^^^^^^^^^^
2025-07-17T06:11:07.657Z [ERROR]: Error removing C:\Users\E43028~1.SPI\AppData\Local\Temp\7\promptfoo-python-output-json-1752732667440-6ce7d6dad34eb.json: Error: ENOENT: no such file or directory, unlink 'C:\Users\E43028~1.SPI\AppData\Local\Temp\7\promptfoo-python-output-json-1752732667440-6ce7d6dad34eb.json'
2025-07-18T18:39:17.951Z [ERROR]: Exception in thread Thread-1 (_readerthread):
Traceback (most recent call last):
2025-07-18T18:39:17.959Z [ERROR]: File "C:\Users\e430287.SPI-GLOBAL\AppData\Local\anaconda3\Lib\threading.py", line 1073, in _bootstrap_inner
    self.run()
  File "C:\Users\e430287.SPI-GLOBAL\AppData\Local\anaconda3\Lib\threading.py", line 1010, in run
    self._target(*self._args, **self._kwargs)
  File "C:\Users\e430287.SPI-GLOBAL\AppData\Local\anaconda3\Lib\subprocess.py", line 1599, in _readerthread
    buffer.append(fh.read())
                  ^^^^^^^^^
  File "C:\Users\e430287.SPI-GLOBAL\AppData\Local\anaconda3\Lib\encodings\cp1252.py", line 23, in decode
    return codecs.charmap_decode(input,self.errors,decoding_table)[0]
           ^^^^^^^^^^^^^^^^^^^^^^^^^^^^^^^^^^^^^^^^^^^^^^^^^^^^^^^
UnicodeDecodeError: 'charmap' codec can't decode byte 0x90 in position 665: character maps to <undefined>
Traceback (most recent call last):
  File "C:\Users\e430287.SPI-GLOBAL\AppData\Roaming\npm\node_modules\promptfoo\dist\src\python\wrapper.py", line 39, in <module>
    result = call_method(script_path, method_name, *data)
             ^^^^^^^^^^^^^^^^^^^^^^^^^^^^^^^^^^^^^^^^^^^^
  File "C:\Users\e430287.SPI-GLOBAL\AppData\Roaming\npm\node_modules\promptfoo\dist\src\python\wrapper.py", line 28, in call_method
    return method_to_call(*args)
           ^^^^^^^^^^^^^^^^^^^^^
  File "C:\Users\e430287.SPI-GLOBAL\Documents\automate_testcases_mine\final_assertions\explain_code_prime2.py", line 37, in get_assertion
    api_response = json.loads(result.stdout)
                   ^^^^^^^^^^^^^^^^^^^^^^^^^
  File "C:\Users\e430287.SPI-GLOBAL\AppData\Local\anaconda3\Lib\json\__init__.py", line 339, in loads
    raise TypeError(f'the JSON object must be str, bytes or bytearray, '
TypeError: the JSON object must be str, bytes or bytearray, not NoneType
2025-07-18T18:39:17.984Z [ERROR]: Error running Python script: Exception in thread Thread-1 (_readerthread):
Traceback (most recent call last):
  File "C:\Users\e430287.SPI-GLOBAL\AppData\Local\anaconda3\Lib\threading.py", line 1073, in _bootstrap_inner
    self.run()
  File "C:\Users\e430287.SPI-GLOBAL\AppData\Local\anaconda3\Lib\threading.py", line 1010, in run
    self._target(*self._args, **self._kwargs)
  File "C:\Users\e430287.SPI-GLOBAL\AppData\Local\anaconda3\Lib\subprocess.py", line 1599, in _readerthread
    buffer.append(fh.read())
                  ^^^^^^^^^
  File "C:\Users\e430287.SPI-GLOBAL\AppData\Local\anaconda3\Lib\encodings\cp1252.py", line 23, in decode
    return codecs.charmap_decode(input,self.errors,decoding_table)[0]
           ^^^^^^^^^^^^^^^^^^^^^^^^^^^^^^^^^^^^^^^^^^^^^^^^^^^^^^^
UnicodeDecodeError: 'charmap' codec can't decode byte 0x90 in position 665: character maps to <undefined>
Traceback (most recent call last):
  File "C:\Users\e430287.SPI-GLOBAL\AppData\Roaming\npm\node_modules\promptfoo\dist\src\python\wrapper.py", line 39, in <module>
    result = call_method(script_path, method_name, *data)
             ^^^^^^^^^^^^^^^^^^^^^^^^^^^^^^^^^^^^^^^^^^^^
  File "C:\Users\e430287.SPI-GLOBAL\AppData\Roaming\npm\node_modules\promptfoo\dist\src\python\wrapper.py", line 28, in call_method
    return method_to_call(*args)
           ^^^^^^^^^^^^^^^^^^^^^
  File "C:\Users\e430287.SPI-GLOBAL\Documents\automate_testcases_mine\final_assertions\explain_code_prime2.py", line 37, in get_assertion
    api_response = json.loads(result.stdout)
                   ^^^^^^^^^^^^^^^^^^^^^^^^^
  File "C:\Users\e430287.SPI-GLOBAL\AppData\Local\anaconda3\Lib\json\__init__.py", line 339, in loads
    raise TypeError(f'the JSON object must be str, bytes or bytearray, '
TypeError: the JSON object must be str, bytes or bytearray, not NoneType

Stack Trace: Error: Exception in thread Thread-1 (_readerthread):
Traceback (most recent call last):
  File "C:\Users\e430287.SPI-GLOBAL\AppData\Local\anaconda3\Lib\threading.py", line 1073, in _bootstrap_inner
    self.run()
  File "C:\Users\e430287.SPI-GLOBAL\AppData\Local\anaconda3\Lib\threading.py", line 1010, in run
    self._target(*self._args, **self._kwargs)
  File "C:\Users\e430287.SPI-GLOBAL\AppData\Local\anaconda3\Lib\subprocess.py", line 1599, in _readerthread
    buffer.append(fh.read())
                  ^^^^^^^^^
  File "C:\Users\e430287.SPI-GLOBAL\AppData\Local\anaconda3\Lib\encodings\cp1252.py", line 23, in decode
    return codecs.charmap_decode(input,self.errors,decoding_table)[0]
           ^^^^^^^^^^^^^^^^^^^^^^^^^^^^^^^^^^^^^^^^^^^^^^^^^^^^^^^
UnicodeDecodeError: 'charmap' codec can't decode byte 0x90 in position 665: character maps to <undefined>
Traceback (most recent call last):
  File "C:\Users\e430287.SPI-GLOBAL\AppData\Roaming\npm\node_modules\promptfoo\dist\src\python\wrapper.py", line 39, in <module>
    result = call_method(script_path, method_name, *data)
             ^^^^^^^^^^^^^^^^^^^^^^^^^^^^^^^^^^^^^^^^^^^^
  File "C:\Users\e430287.SPI-GLOBAL\AppData\Roaming\npm\node_modules\promptfoo\dist\src\python\wrapper.py", line 28, in call_method
    return method_to_call(*args)
           ^^^^^^^^^^^^^^^^^^^^^
  File "C:\Users\e430287.SPI-GLOBAL\Documents\automate_testcases_mine\final_assertions\explain_code_prime2.py", line 37, in get_assertion
    api_response = json.loads(result.stdout)
                   ^^^^^^^^^^^^^^^^^^^^^^^^^
  File "C:\Users\e430287.SPI-GLOBAL\AppData\Local\anaconda3\Lib\json\__init__.py", line 339, in loads
    raise TypeError(f'the JSON object must be str, bytes or bytearray, '
TypeError: the JSON object must be str, bytes or bytearray, not NoneType

    at PythonShell.parseError (C:\Users\e430287.SPI-GLOBAL\AppData\Roaming\npm\node_modules\promptfoo\node_modules\python-shell\index.js:311:21)
    at terminateIfNeeded (C:\Users\e430287.SPI-GLOBAL\AppData\Roaming\npm\node_modules\promptfoo\node_modules\python-shell\index.js:193:32)
    at ChildProcess.<anonymous> (C:\Users\e430287.SPI-GLOBAL\AppData\Roaming\npm\node_modules\promptfoo\node_modules\python-shell\index.js:185:13)
    at ChildProcess.emit (node:events:514:28)
    at ChildProcess._handle.onexit (node:internal/child_process:294:12)
2025-07-18T18:39:17.987Z [ERROR]: Error removing C:\Users\E43028~1.SPI\AppData\Local\Temp\2\promptfoo-python-output-json-1752863953864-ec37fde33f69a.json: Error: ENOENT: no such file or directory, unlink 'C:\Users\E43028~1.SPI\AppData\Local\Temp\2\promptfoo-python-output-json-1752863953864-ec37fde33f69a.json'
2025-07-19T05:22:18.060Z [ERROR]: Traceback (most recent call last):
  File "C:\Users\e430287.SPI-GLOBAL\AppData\Roaming\npm\node_modules\promptfoo\dist\src\python\wrapper.py", line 39, in <module>
    result = call_method(script_path, method_name, *data)
             ^^^^^^^^^^^^^^^^^^^^^^^^^^^^^^^^^^^^^^^^^^^^
  File "C:\Users\e430287.SPI-GLOBAL\AppData\Roaming\npm\node_modules\promptfoo\dist\src\python\wrapper.py", line 18, in call_method
    spec.loader.exec_module(script_module)
  File "<frozen importlib._bootstrap_external>", line 936, in exec_module
  File "<frozen importlib._bootstrap_external>", line 1074, in get_code
  File "<frozen importlib._bootstrap_external>", line 1004, in source_to_code
  File "<frozen importlib._bootstrap>", line 241, in _call_with_frames_removed
  File "C:\Users\e430287.SPI-GLOBAL\Documents\automate_testcases_mine\final_assertions\explain_code_prime2.py", line 24
2025-07-19T05:22:18.064Z [ERROR]: "-H", f"Authorization: Bearer {os.getenv("LLMFOUNDRY_TOKEN")}:my-test-project",
                                              ^^^^^^^^^^^^^^^^
SyntaxError: f-string: unmatched '('
2025-07-19T05:22:18.071Z [ERROR]: Error running Python script: SyntaxError: f-string: unmatched '('
Stack Trace: Error: SyntaxError: f-string: unmatched '('
    at PythonShell.parseError (C:\Users\e430287.SPI-GLOBAL\AppData\Roaming\npm\node_modules\promptfoo\node_modules\python-shell\index.js:303:21)
    at terminateIfNeeded (C:\Users\e430287.SPI-GLOBAL\AppData\Roaming\npm\node_modules\promptfoo\node_modules\python-shell\index.js:193:32)
    at ChildProcess.<anonymous> (C:\Users\e430287.SPI-GLOBAL\AppData\Roaming\npm\node_modules\promptfoo\node_modules\python-shell\index.js:185:13)
    at ChildProcess.emit (node:events:514:28)
    at ChildProcess._handle.onexit (node:internal/child_process:294:12)
    --Python Traceback: --
    File "C:\Users\e430287.SPI-GLOBAL\AppData\Roaming\npm\node_modules\promptfoo\dist\src\python\wrapper.py", line 39, in <module>
      result = call_method(script_path, method_name, *data)
               ^^^^^^^^^^^^^^^^^^^^^^^^^^^^^^^^^^^^^^^^^^^^
    File "C:\Users\e430287.SPI-GLOBAL\AppData\Roaming\npm\node_modules\promptfoo\dist\src\python\wrapper.py", line 18, in call_method
      spec.loader.exec_module(script_module)
    File "<frozen importlib._bootstrap_external>", line 936, in exec_module
    File "<frozen importlib._bootstrap_external>", line 1074, in get_code
    File "<frozen importlib._bootstrap_external>", line 1004, in source_to_code
    File "<frozen importlib._bootstrap>", line 241, in _call_with_frames_removed
    File "C:\Users\e430287.SPI-GLOBAL\Documents\automate_testcases_mine\final_assertions\explain_code_prime2.py", line 24
      "-H", f"Authorization: Bearer {os.getenv("LLMFOUNDRY_TOKEN")}:my-test-project",
                                                ^^^^^^^^^^^^^^^^
2025-07-19T05:22:18.073Z [ERROR]: Error removing C:\Users\E43028~1.SPI\AppData\Local\Temp\3\promptfoo-python-output-json-1752902537575-45cea846b3a14.json: Error: ENOENT: no such file or directory, unlink 'C:\Users\E43028~1.SPI\AppData\Local\Temp\3\promptfoo-python-output-json-1752902537575-45cea846b3a14.json'
2025-07-19T05:22:21.569Z [ERROR]: Traceback (most recent call last):
  File "C:\Users\e430287.SPI-GLOBAL\AppData\Roaming\npm\node_modules\promptfoo\dist\src\python\wrapper.py", line 39, in <module>
    result = call_method(script_path, method_name, *data)
             ^^^^^^^^^^^^^^^^^^^^^^^^^^^^^^^^^^^^^^^^^^^^
  File "C:\Users\e430287.SPI-GLOBAL\AppData\Roaming\npm\node_modules\promptfoo\dist\src\python\wrapper.py", line 18, in call_method
    spec.loader.exec_module(script_module)
  File "<frozen importlib._bootstrap_external>", line 936, in exec_module
  File "<frozen importlib._bootstrap_external>", line 1074, in get_code
  File "<frozen importlib._bootstrap_external>", line 1004, in source_to_code
  File "<frozen importlib._bootstrap>", line 241, in _call_with_frames_removed
  File "C:\Users\e430287.SPI-GLOBAL\Documents\automate_testcases_mine\final_assertions\explain_code_prime2.py", line 24
    "-H", f"Authorization: Bearer {os.getenv("LLMFOUNDRY_TOKEN")}:my-test-project",
                                              ^^^^^^^^^^^^^^^^
SyntaxError: f-string: unmatched '('
2025-07-19T05:22:21.583Z [ERROR]: Error running Python script: SyntaxError: f-string: unmatched '('
Stack Trace: Error: SyntaxError: f-string: unmatched '('
    at PythonShell.parseError (C:\Users\e430287.SPI-GLOBAL\AppData\Roaming\npm\node_modules\promptfoo\node_modules\python-shell\index.js:303:21)
    at terminateIfNeeded (C:\Users\e430287.SPI-GLOBAL\AppData\Roaming\npm\node_modules\promptfoo\node_modules\python-shell\index.js:193:32)
    at ChildProcess.<anonymous> (C:\Users\e430287.SPI-GLOBAL\AppData\Roaming\npm\node_modules\promptfoo\node_modules\python-shell\index.js:185:13)
    at ChildProcess.emit (node:events:514:28)
    at ChildProcess._handle.onexit (node:internal/child_process:294:12)
    --Python Traceback: --
    File "C:\Users\e430287.SPI-GLOBAL\AppData\Roaming\npm\node_modules\promptfoo\dist\src\python\wrapper.py", line 39, in <module>
      result = call_method(script_path, method_name, *data)
               ^^^^^^^^^^^^^^^^^^^^^^^^^^^^^^^^^^^^^^^^^^^^
    File "C:\Users\e430287.SPI-GLOBAL\AppData\Roaming\npm\node_modules\promptfoo\dist\src\python\wrapper.py", line 18, in call_method
      spec.loader.exec_module(script_module)
    File "<frozen importlib._bootstrap_external>", line 936, in exec_module
    File "<frozen importlib._bootstrap_external>", line 1074, in get_code
    File "<frozen importlib._bootstrap_external>", line 1004, in source_to_code
    File "<frozen importlib._bootstrap>", line 241, in _call_with_frames_removed
    File "C:\Users\e430287.SPI-GLOBAL\Documents\automate_testcases_mine\final_assertions\explain_code_prime2.py", line 24
      "-H", f"Authorization: Bearer {os.getenv("LLMFOUNDRY_TOKEN")}:my-test-project",
                                                ^^^^^^^^^^^^^^^^
2025-07-19T05:22:21.584Z [ERROR]: Error removing C:\Users\E43028~1.SPI\AppData\Local\Temp\3\promptfoo-python-output-json-1752902541454-9959246323b25.json: Error: ENOENT: no such file or directory, unlink 'C:\Users\E43028~1.SPI\AppData\Local\Temp\3\promptfoo-python-output-json-1752902541454-9959246323b25.json'
2025-07-19T05:22:25.956Z [ERROR]: Traceback (most recent call last):
  File "C:\Users\e430287.SPI-GLOBAL\AppData\Roaming\npm\node_modules\promptfoo\dist\src\python\wrapper.py", line 39, in <module>
    result = call_method(script_path, method_name, *data)
             ^^^^^^^^^^^^^^^^^^^^^^^^^^^^^^^^^^^^^^^^^^^^
  File "C:\Users\e430287.SPI-GLOBAL\AppData\Roaming\npm\node_modules\promptfoo\dist\src\python\wrapper.py", line 18, in call_method
    spec.loader.exec_module(script_module)
  File "<frozen importlib._bootstrap_external>", line 936, in exec_module
  File "<frozen importlib._bootstrap_external>", line 1074, in get_code
  File "<frozen importlib._bootstrap_external>", line 1004, in source_to_code
  File "<frozen importlib._bootstrap>", line 241, in _call_with_frames_removed
  File "C:\Users\e430287.SPI-GLOBAL\Documents\automate_testcases_mine\final_assertions\explain_code_prime2.py", line 24
    "-H", f"Authorization: Bearer {os.getenv("LLMFOUNDRY_TOKEN")}:my-test-project",
                                              ^^^^^^^^^^^^^^^^
SyntaxError: f-string: unmatched '('
2025-07-19T05:22:25.971Z [ERROR]: Error running Python script: SyntaxError: f-string: unmatched '('
Stack Trace: Error: SyntaxError: f-string: unmatched '('
    at PythonShell.parseError (C:\Users\e430287.SPI-GLOBAL\AppData\Roaming\npm\node_modules\promptfoo\node_modules\python-shell\index.js:303:21)
    at terminateIfNeeded (C:\Users\e430287.SPI-GLOBAL\AppData\Roaming\npm\node_modules\promptfoo\node_modules\python-shell\index.js:193:32)
    at ChildProcess.<anonymous> (C:\Users\e430287.SPI-GLOBAL\AppData\Roaming\npm\node_modules\promptfoo\node_modules\python-shell\index.js:185:13)
    at ChildProcess.emit (node:events:514:28)
    at ChildProcess._handle.onexit (node:internal/child_process:294:12)
    --Python Traceback: --
    File "C:\Users\e430287.SPI-GLOBAL\AppData\Roaming\npm\node_modules\promptfoo\dist\src\python\wrapper.py", line 39, in <module>
      result = call_method(script_path, method_name, *data)
               ^^^^^^^^^^^^^^^^^^^^^^^^^^^^^^^^^^^^^^^^^^^^
    File "C:\Users\e430287.SPI-GLOBAL\AppData\Roaming\npm\node_modules\promptfoo\dist\src\python\wrapper.py", line 18, in call_method
      spec.loader.exec_module(script_module)
    File "<frozen importlib._bootstrap_external>", line 936, in exec_module
    File "<frozen importlib._bootstrap_external>", line 1074, in get_code
    File "<frozen importlib._bootstrap_external>", line 1004, in source_to_code
    File "<frozen importlib._bootstrap>", line 241, in _call_with_frames_removed
    File "C:\Users\e430287.SPI-GLOBAL\Documents\automate_testcases_mine\final_assertions\explain_code_prime2.py", line 24
      "-H", f"Authorization: Bearer {os.getenv("LLMFOUNDRY_TOKEN")}:my-test-project",
                                                ^^^^^^^^^^^^^^^^
2025-07-19T05:22:25.972Z [ERROR]: Error removing C:\Users\E43028~1.SPI\AppData\Local\Temp\3\promptfoo-python-output-json-1752902545841-a51b55704b909.json: Error: ENOENT: no such file or directory, unlink 'C:\Users\E43028~1.SPI\AppData\Local\Temp\3\promptfoo-python-output-json-1752902545841-a51b55704b909.json'
2025-07-19T05:22:27.339Z [ERROR]: Traceback (most recent call last):
  File "C:\Users\e430287.SPI-GLOBAL\AppData\Roaming\npm\node_modules\promptfoo\dist\src\python\wrapper.py", line 39, in <module>
    result = call_method(script_path, method_name, *data)
             ^^^^^^^^^^^^^^^^^^^^^^^^^^^^^^^^^^^^^^^^^^^^
  File "C:\Users\e430287.SPI-GLOBAL\AppData\Roaming\npm\node_modules\promptfoo\dist\src\python\wrapper.py", line 18, in call_method
    spec.loader.exec_module(script_module)
  File "<frozen importlib._bootstrap_external>", line 936, in exec_module
  File "<frozen importlib._bootstrap_external>", line 1074, in get_code
  File "<frozen importlib._bootstrap_external>", line 1004, in source_to_code
  File "<frozen importlib._bootstrap>", line 241, in _call_with_frames_removed
  File "C:\Users\e430287.SPI-GLOBAL\Documents\automate_testcases_mine\final_assertions\explain_code_prime2.py", line 24
    "-H", f"Authorization: Bearer {os.getenv("LLMFOUNDRY_TOKEN")}:my-test-project",
                                              ^^^^^^^^^^^^^^^^
SyntaxError: f-string: unmatched '('
2025-07-19T05:22:27.358Z [ERROR]: Error running Python script: SyntaxError: f-string: unmatched '('
Stack Trace: Error: SyntaxError: f-string: unmatched '('
    at PythonShell.parseError (C:\Users\e430287.SPI-GLOBAL\AppData\Roaming\npm\node_modules\promptfoo\node_modules\python-shell\index.js:303:21)
    at terminateIfNeeded (C:\Users\e430287.SPI-GLOBAL\AppData\Roaming\npm\node_modules\promptfoo\node_modules\python-shell\index.js:193:32)
    at ChildProcess.<anonymous> (C:\Users\e430287.SPI-GLOBAL\AppData\Roaming\npm\node_modules\promptfoo\node_modules\python-shell\index.js:185:13)
    at ChildProcess.emit (node:events:514:28)
    at ChildProcess._handle.onexit (node:internal/child_process:294:12)
    --Python Traceback: --
    File "C:\Users\e430287.SPI-GLOBAL\AppData\Roaming\npm\node_modules\promptfoo\dist\src\python\wrapper.py", line 39, in <module>
      result = call_method(script_path, method_name, *data)
               ^^^^^^^^^^^^^^^^^^^^^^^^^^^^^^^^^^^^^^^^^^^^
    File "C:\Users\e430287.SPI-GLOBAL\AppData\Roaming\npm\node_modules\promptfoo\dist\src\python\wrapper.py", line 18, in call_method
      spec.loader.exec_module(script_module)
    File "<frozen importlib._bootstrap_external>", line 936, in exec_module
    File "<frozen importlib._bootstrap_external>", line 1074, in get_code
    File "<frozen importlib._bootstrap_external>", line 1004, in source_to_code
    File "<frozen importlib._bootstrap>", line 241, in _call_with_frames_removed
    File "C:\Users\e430287.SPI-GLOBAL\Documents\automate_testcases_mine\final_assertions\explain_code_prime2.py", line 24
      "-H", f"Authorization: Bearer {os.getenv("LLMFOUNDRY_TOKEN")}:my-test-project",
                                                ^^^^^^^^^^^^^^^^
2025-07-19T05:22:27.360Z [ERROR]: Error removing C:\Users\E43028~1.SPI\AppData\Local\Temp\3\promptfoo-python-output-json-1752902547209-31bf2a906af5d.json: Error: ENOENT: no such file or directory, unlink 'C:\Users\E43028~1.SPI\AppData\Local\Temp\3\promptfoo-python-output-json-1752902547209-31bf2a906af5d.json'
2025-07-19T05:22:41.827Z [ERROR]: Traceback (most recent call last):
  File "C:\Users\e430287.SPI-GLOBAL\AppData\Roaming\npm\node_modules\promptfoo\dist\src\python\wrapper.py", line 39, in <module>
    result = call_method(script_path, method_name, *data)
             ^^^^^^^^^^^^^^^^^^^^^^^^^^^^^^^^^^^^^^^^^^^^
  File "C:\Users\e430287.SPI-GLOBAL\AppData\Roaming\npm\node_modules\promptfoo\dist\src\python\wrapper.py", line 18, in call_method
    spec.loader.exec_module(script_module)
  File "<frozen importlib._bootstrap_external>", line 936, in exec_module
  File "<frozen importlib._bootstrap_external>", line 1074, in get_code
  File "<frozen importlib._bootstrap_external>", line 1004, in source_to_code
  File "<frozen importlib._bootstrap>", line 241, in _call_with_frames_removed
  File "C:\Users\e430287.SPI-GLOBAL\Documents\automate_testcases_mine\final_assertions\explain_code_prime2.py", line 24
    "-H", f"Authorization: Bearer {os.getenv("LLMFOUNDRY_TOKEN")}:my-test-project",
                                              ^^^^^^^^^^^^^^^^
SyntaxError: f-string: unmatched '('
2025-07-19T05:22:41.848Z [ERROR]: Error running Python script: SyntaxError: f-string: unmatched '('
Stack Trace: Error: SyntaxError: f-string: unmatched '('
    at PythonShell.parseError (C:\Users\e430287.SPI-GLOBAL\AppData\Roaming\npm\node_modules\promptfoo\node_modules\python-shell\index.js:303:21)
    at terminateIfNeeded (C:\Users\e430287.SPI-GLOBAL\AppData\Roaming\npm\node_modules\promptfoo\node_modules\python-shell\index.js:193:32)
    at ChildProcess.<anonymous> (C:\Users\e430287.SPI-GLOBAL\AppData\Roaming\npm\node_modules\promptfoo\node_modules\python-shell\index.js:185:13)
    at ChildProcess.emit (node:events:514:28)
    at ChildProcess._handle.onexit (node:internal/child_process:294:12)
    --Python Traceback: --
    File "C:\Users\e430287.SPI-GLOBAL\AppData\Roaming\npm\node_modules\promptfoo\dist\src\python\wrapper.py", line 39, in <module>
      result = call_method(script_path, method_name, *data)
               ^^^^^^^^^^^^^^^^^^^^^^^^^^^^^^^^^^^^^^^^^^^^
    File "C:\Users\e430287.SPI-GLOBAL\AppData\Roaming\npm\node_modules\promptfoo\dist\src\python\wrapper.py", line 18, in call_method
      spec.loader.exec_module(script_module)
    File "<frozen importlib._bootstrap_external>", line 936, in exec_module
    File "<frozen importlib._bootstrap_external>", line 1074, in get_code
    File "<frozen importlib._bootstrap_external>", line 1004, in source_to_code
    File "<frozen importlib._bootstrap>", line 241, in _call_with_frames_removed
    File "C:\Users\e430287.SPI-GLOBAL\Documents\automate_testcases_mine\final_assertions\explain_code_prime2.py", line 24
      "-H", f"Authorization: Bearer {os.getenv("LLMFOUNDRY_TOKEN")}:my-test-project",
                                                ^^^^^^^^^^^^^^^^
2025-07-19T05:22:41.849Z [ERROR]: Error removing C:\Users\E43028~1.SPI\AppData\Local\Temp\3\promptfoo-python-output-json-1752902561597-8e4cfb2966228.json: Error: ENOENT: no such file or directory, unlink 'C:\Users\E43028~1.SPI\AppData\Local\Temp\3\promptfoo-python-output-json-1752902561597-8e4cfb2966228.json'
2025-07-19T05:30:35.853Z [ERROR]: Exception in thread Thread-1 (_readerthread):
Traceback (most recent call last):
  File "C:\Users\e430287.SPI-GLOBAL\AppData\Local\Programs\Python\Python311\Lib\threading.py", line 1038, in _bootstrap_inner
2025-07-19T05:30:35.856Z [ERROR]: self.run()
  File "C:\Users\e430287.SPI-GLOBAL\AppData\Local\Programs\Python\Python311\Lib\threading.py", line 975, in run
    self._target(*self._args, **self._kwargs)
  File "C:\Users\e430287.SPI-GLOBAL\AppData\Local\Programs\Python\Python311\Lib\subprocess.py", line 1550, in _readerthread
2025-07-19T05:30:35.874Z [ERROR]: buffer.append(fh.read())
2025-07-19T05:30:35.875Z [ERROR]: ^^^^^^^^^
  File "C:\Users\e430287.SPI-GLOBAL\AppData\Local\Programs\Python\Python311\Lib\encodings\cp1252.py", line 23, in decode
    return codecs.charmap_decode(input,self.errors,decoding_table)[0]
           ^^^^^^^^^^^^^^^^^^^^^^^^^^^^^^^^^^^^^^^^^^^^^^^^^^^^^^^
UnicodeDecodeError: 'charmap' codec can't decode byte 0x9d in position 648: character maps to <undefined>
2025-07-19T05:30:35.877Z [ERROR]: Traceback (most recent call last):
  File "C:\Users\e430287.SPI-GLOBAL\AppData\Roaming\npm\node_modules\promptfoo\dist\src\python\wrapper.py", line 39, in <module>
    result = call_method(script_path, method_name, *data)
             ^^^^^^^^^^^^^^^^^^^^^^^^^^^^^^^^^^^^^^^^^^^^
  File "C:\Users\e430287.SPI-GLOBAL\AppData\Roaming\npm\node_modules\promptfoo\dist\src\python\wrapper.py", line 28, in call_method
    return method_to_call(*args)
           ^^^^^^^^^^^^^^^^^^^^^
  File "C:\Users\e430287.SPI-GLOBAL\Documents\automate_testcases_mine\final_assertions\explain_code_prime2.py", line 37, in get_assertion
    api_response = json.loads(result.stdout)
                   ^^^^^^^^^^^^^^^^^^^^^^^^^
  File "C:\Users\e430287.SPI-GLOBAL\AppData\Local\Programs\Python\Python311\Lib\json\__init__.py", line 339, in loads
2025-07-19T05:30:35.878Z [ERROR]: raise TypeError(f'the JSON object must be str, bytes or bytearray, '
TypeError: the JSON object must be str, bytes or bytearray, not NoneType
2025-07-19T05:30:35.896Z [ERROR]: Error running Python script: Exception in thread Thread-1 (_readerthread):
Traceback (most recent call last):
  File "C:\Users\e430287.SPI-GLOBAL\AppData\Local\Programs\Python\Python311\Lib\threading.py", line 1038, in _bootstrap_inner
    self.run()
  File "C:\Users\e430287.SPI-GLOBAL\AppData\Local\Programs\Python\Python311\Lib\threading.py", line 975, in run
    self._target(*self._args, **self._kwargs)
  File "C:\Users\e430287.SPI-GLOBAL\AppData\Local\Programs\Python\Python311\Lib\subprocess.py", line 1550, in _readerthread
    buffer.append(fh.read())
                  ^^^^^^^^^
  File "C:\Users\e430287.SPI-GLOBAL\AppData\Local\Programs\Python\Python311\Lib\encodings\cp1252.py", line 23, in decode
    return codecs.charmap_decode(input,self.errors,decoding_table)[0]
           ^^^^^^^^^^^^^^^^^^^^^^^^^^^^^^^^^^^^^^^^^^^^^^^^^^^^^^^
UnicodeDecodeError: 'charmap' codec can't decode byte 0x9d in position 648: character maps to <undefined>
Traceback (most recent call last):
  File "C:\Users\e430287.SPI-GLOBAL\AppData\Roaming\npm\node_modules\promptfoo\dist\src\python\wrapper.py", line 39, in <module>
    result = call_method(script_path, method_name, *data)
             ^^^^^^^^^^^^^^^^^^^^^^^^^^^^^^^^^^^^^^^^^^^^
  File "C:\Users\e430287.SPI-GLOBAL\AppData\Roaming\npm\node_modules\promptfoo\dist\src\python\wrapper.py", line 28, in call_method
    return method_to_call(*args)
           ^^^^^^^^^^^^^^^^^^^^^
  File "C:\Users\e430287.SPI-GLOBAL\Documents\automate_testcases_mine\final_assertions\explain_code_prime2.py", line 37, in get_assertion
    api_response = json.loads(result.stdout)
                   ^^^^^^^^^^^^^^^^^^^^^^^^^
  File "C:\Users\e430287.SPI-GLOBAL\AppData\Local\Programs\Python\Python311\Lib\json\__init__.py", line 339, in loads
    raise TypeError(f'the JSON object must be str, bytes or bytearray, '
TypeError: the JSON object must be str, bytes or bytearray, not NoneType

Stack Trace: Error: Exception in thread Thread-1 (_readerthread):
Traceback (most recent call last):
  File "C:\Users\e430287.SPI-GLOBAL\AppData\Local\Programs\Python\Python311\Lib\threading.py", line 1038, in _bootstrap_inner
    self.run()
  File "C:\Users\e430287.SPI-GLOBAL\AppData\Local\Programs\Python\Python311\Lib\threading.py", line 975, in run
    self._target(*self._args, **self._kwargs)
  File "C:\Users\e430287.SPI-GLOBAL\AppData\Local\Programs\Python\Python311\Lib\subprocess.py", line 1550, in _readerthread
    buffer.append(fh.read())
                  ^^^^^^^^^
  File "C:\Users\e430287.SPI-GLOBAL\AppData\Local\Programs\Python\Python311\Lib\encodings\cp1252.py", line 23, in decode
    return codecs.charmap_decode(input,self.errors,decoding_table)[0]
           ^^^^^^^^^^^^^^^^^^^^^^^^^^^^^^^^^^^^^^^^^^^^^^^^^^^^^^^
UnicodeDecodeError: 'charmap' codec can't decode byte 0x9d in position 648: character maps to <undefined>
Traceback (most recent call last):
  File "C:\Users\e430287.SPI-GLOBAL\AppData\Roaming\npm\node_modules\promptfoo\dist\src\python\wrapper.py", line 39, in <module>
    result = call_method(script_path, method_name, *data)
             ^^^^^^^^^^^^^^^^^^^^^^^^^^^^^^^^^^^^^^^^^^^^
  File "C:\Users\e430287.SPI-GLOBAL\AppData\Roaming\npm\node_modules\promptfoo\dist\src\python\wrapper.py", line 28, in call_method
    return method_to_call(*args)
           ^^^^^^^^^^^^^^^^^^^^^
  File "C:\Users\e430287.SPI-GLOBAL\Documents\automate_testcases_mine\final_assertions\explain_code_prime2.py", line 37, in get_assertion
    api_response = json.loads(result.stdout)
                   ^^^^^^^^^^^^^^^^^^^^^^^^^
  File "C:\Users\e430287.SPI-GLOBAL\AppData\Local\Programs\Python\Python311\Lib\json\__init__.py", line 339, in loads
    raise TypeError(f'the JSON object must be str, bytes or bytearray, '
TypeError: the JSON object must be str, bytes or bytearray, not NoneType

    at PythonShell.parseError (C:\Users\e430287.SPI-GLOBAL\AppData\Roaming\npm\node_modules\promptfoo\node_modules\python-shell\index.js:311:21)
    at terminateIfNeeded (C:\Users\e430287.SPI-GLOBAL\AppData\Roaming\npm\node_modules\promptfoo\node_modules\python-shell\index.js:193:32)
    at ChildProcess.<anonymous> (C:\Users\e430287.SPI-GLOBAL\AppData\Roaming\npm\node_modules\promptfoo\node_modules\python-shell\index.js:185:13)
    at ChildProcess.emit (node:events:514:28)
    at ChildProcess._handle.onexit (node:internal/child_process:294:12)
2025-07-19T05:30:35.897Z [ERROR]: Error removing C:\Users\E43028~1.SPI\AppData\Local\Temp\3\promptfoo-python-output-json-1752903032134-1abe49ec0d1ad.json: Error: ENOENT: no such file or directory, unlink 'C:\Users\E43028~1.SPI\AppData\Local\Temp\3\promptfoo-python-output-json-1752903032134-1abe49ec0d1ad.json'
2025-07-19T18:00:51.238Z [ERROR]: API call error: Error: Request failed after 4 retries: TypeError: fetch failed (Cause: Error: getaddrinfo ENOTFOUND openrouter.ai)
2025-07-19T18:00:52.894Z [ERROR]: API call error: Error: Request failed after 4 retries: TypeError: fetch failed (Cause: Error: getaddrinfo ENOTFOUND openrouter.ai)
2025-07-19T18:00:55.416Z [ERROR]: API call error: Error: Request failed after 4 retries: TypeError: fetch failed (Cause: Error: getaddrinfo ENOTFOUND openrouter.ai)
2025-07-19T18:00:56.041Z [ERROR]: API call error: Error: Request failed after 4 retries: TypeError: fetch failed (Cause: Error: getaddrinfo ENOTFOUND openrouter.ai)
2025-07-19T18:02:13.654Z [ERROR]: API call error: Error: Request failed after 4 retries: TypeError: fetch failed (Cause: Error: getaddrinfo ENOTFOUND openrouter.ai)
2025-07-19T18:15:55.768Z [ERROR]: API call error: Error: Request failed after 4 retries: TypeError: fetch failed (Cause: Error: getaddrinfo ENOTFOUND openrouter.ai)
2025-07-19T18:15:57.874Z [ERROR]: API call error: Error: Request failed after 4 retries: TypeError: fetch failed (Cause: Error: getaddrinfo ENOTFOUND openrouter.ai)
2025-07-19T18:16:00.774Z [ERROR]: API call error: Error: Request failed after 4 retries: TypeError: fetch failed (Cause: Error: getaddrinfo ENOTFOUND openrouter.ai)
2025-07-19T18:16:02.215Z [ERROR]: API call error: Error: Request failed after 4 retries: TypeError: fetch failed (Cause: Error: getaddrinfo ENOTFOUND openrouter.ai)
2025-07-19T18:17:16.553Z [ERROR]: API call error: Error: Request failed after 4 retries: TypeError: fetch failed (Cause: Error: getaddrinfo ENOTFOUND openrouter.ai)
2025-07-19T18:22:49.523Z [ERROR]: API call error: Error: Request failed after 4 retries: TypeError: fetch failed (Cause: Error: getaddrinfo ENOTFOUND llmfoundry.straive.com)
2025-07-19T18:22:51.578Z [ERROR]: API call error: Error: Request failed after 4 retries: TypeError: fetch failed (Cause: Error: getaddrinfo ENOTFOUND llmfoundry.straive.com)
2025-07-19T18:22:55.048Z [ERROR]: API call error: Error: Request failed after 4 retries: TypeError: fetch failed (Cause: Error: getaddrinfo ENOTFOUND llmfoundry.straive.com)
2025-07-19T18:22:59.911Z [ERROR]: API call error: Error: Request failed after 4 retries: TypeError: fetch failed (Cause: Error: getaddrinfo ENOTFOUND llmfoundry.straive.com)
2025-07-19T18:27:04.662Z [ERROR]: Traceback (most recent call last):
  File "C:\Users\e430287.SPI-GLOBAL\AppData\Roaming\npm\node_modules\promptfoo\dist\src\python\wrapper.py", line 39, in <module>
    result = call_method(script_path, method_name, *data)
             ^^^^^^^^^^^^^^^^^^^^^^^^^^^^^^^^^^^^^^^^^^^^
  File "C:\Users\e430287.SPI-GLOBAL\AppData\Roaming\npm\node_modules\promptfoo\dist\src\python\wrapper.py", line 28, in call_method
    return method_to_call(*args)
           ^^^^^^^^^^^^^^^^^^^^^
  File "C:\Users\e430287.SPI-GLOBAL\Documents\automate_testcases_mine\final_assertions\py_image_resize.py", line 105, in get_assertion
    if os.path.exists(temp_file_path):
                      ^^^^^^^^^^^^^^
UnboundLocalError: cannot access local variable 'temp_file_path' where it is not associated with a value
2025-07-19T18:27:04.693Z [ERROR]: Error running Python script: UnboundLocalError: cannot access local variable 'temp_file_path' where it is not associated with a value
Stack Trace: Error: UnboundLocalError: cannot access local variable 'temp_file_path' where it is not associated with a value
    at PythonShell.parseError (C:\Users\e430287.SPI-GLOBAL\AppData\Roaming\npm\node_modules\promptfoo\node_modules\python-shell\index.js:303:21)
    at terminateIfNeeded (C:\Users\e430287.SPI-GLOBAL\AppData\Roaming\npm\node_modules\promptfoo\node_modules\python-shell\index.js:193:32)
    at ChildProcess.<anonymous> (C:\Users\e430287.SPI-GLOBAL\AppData\Roaming\npm\node_modules\promptfoo\node_modules\python-shell\index.js:185:13)
    at ChildProcess.emit (node:events:514:28)
    at ChildProcess._handle.onexit (node:internal/child_process:294:12)
    --Python Traceback: --
    File "C:\Users\e430287.SPI-GLOBAL\AppData\Roaming\npm\node_modules\promptfoo\dist\src\python\wrapper.py", line 39, in <module>
      result = call_method(script_path, method_name, *data)
               ^^^^^^^^^^^^^^^^^^^^^^^^^^^^^^^^^^^^^^^^^^^^
    File "C:\Users\e430287.SPI-GLOBAL\AppData\Roaming\npm\node_modules\promptfoo\dist\src\python\wrapper.py", line 28, in call_method
      return method_to_call(*args)
             ^^^^^^^^^^^^^^^^^^^^^
    File "C:\Users\e430287.SPI-GLOBAL\Documents\automate_testcases_mine\final_assertions\py_image_resize.py", line 105, in get_assertion
      if os.path.exists(temp_file_path):
                        ^^^^^^^^^^^^^^
2025-07-19T18:27:04.695Z [ERROR]: Error removing C:\Users\E43028~1.SPI\AppData\Local\Temp\3\promptfoo-python-output-json-1752949624311-defd1a6510344.json: Error: ENOENT: no such file or directory, unlink 'C:\Users\E43028~1.SPI\AppData\Local\Temp\3\promptfoo-python-output-json-1752949624311-defd1a6510344.json'
2025-07-19T18:27:05.153Z [ERROR]: Traceback (most recent call last):
  File "C:\Users\e430287.SPI-GLOBAL\AppData\Roaming\npm\node_modules\promptfoo\dist\src\python\wrapper.py", line 39, in <module>
    result = call_method(script_path, method_name, *data)
             ^^^^^^^^^^^^^^^^^^^^^^^^^^^^^^^^^^^^^^^^^^^^
  File "C:\Users\e430287.SPI-GLOBAL\AppData\Roaming\npm\node_modules\promptfoo\dist\src\python\wrapper.py", line 28, in call_method
    return method_to_call(*args)
           ^^^^^^^^^^^^^^^^^^^^^
  File "C:\Users\e430287.SPI-GLOBAL\Documents\automate_testcases_mine\final_assertions\py_image_resize.py", line 105, in get_assertion
    if os.path.exists(temp_file_path):
                      ^^^^^^^^^^^^^^
UnboundLocalError: cannot access local variable 'temp_file_path' where it is not associated with a value
2025-07-19T18:27:05.197Z [ERROR]: Error running Python script: UnboundLocalError: cannot access local variable 'temp_file_path' where it is not associated with a value
Stack Trace: Error: UnboundLocalError: cannot access local variable 'temp_file_path' where it is not associated with a value
    at PythonShell.parseError (C:\Users\e430287.SPI-GLOBAL\AppData\Roaming\npm\node_modules\promptfoo\node_modules\python-shell\index.js:303:21)
    at terminateIfNeeded (C:\Users\e430287.SPI-GLOBAL\AppData\Roaming\npm\node_modules\promptfoo\node_modules\python-shell\index.js:193:32)
    at ChildProcess.<anonymous> (C:\Users\e430287.SPI-GLOBAL\AppData\Roaming\npm\node_modules\promptfoo\node_modules\python-shell\index.js:185:13)
    at ChildProcess.emit (node:events:514:28)
    at ChildProcess._handle.onexit (node:internal/child_process:294:12)
    --Python Traceback: --
    File "C:\Users\e430287.SPI-GLOBAL\AppData\Roaming\npm\node_modules\promptfoo\dist\src\python\wrapper.py", line 39, in <module>
      result = call_method(script_path, method_name, *data)
               ^^^^^^^^^^^^^^^^^^^^^^^^^^^^^^^^^^^^^^^^^^^^
    File "C:\Users\e430287.SPI-GLOBAL\AppData\Roaming\npm\node_modules\promptfoo\dist\src\python\wrapper.py", line 28, in call_method
      return method_to_call(*args)
             ^^^^^^^^^^^^^^^^^^^^^
    File "C:\Users\e430287.SPI-GLOBAL\Documents\automate_testcases_mine\final_assertions\py_image_resize.py", line 105, in get_assertion
      if os.path.exists(temp_file_path):
                        ^^^^^^^^^^^^^^
2025-07-19T18:27:05.199Z [ERROR]: Error removing C:\Users\E43028~1.SPI\AppData\Local\Temp\3\promptfoo-python-output-json-1752949624829-cc2f181747977.json: Error: ENOENT: no such file or directory, unlink 'C:\Users\E43028~1.SPI\AppData\Local\Temp\3\promptfoo-python-output-json-1752949624829-cc2f181747977.json'
2025-07-19T18:27:07.073Z [ERROR]: Traceback (most recent call last):
  File "C:\Users\e430287.SPI-GLOBAL\AppData\Roaming\npm\node_modules\promptfoo\dist\src\python\wrapper.py", line 39, in <module>
    result = call_method(script_path, method_name, *data)
             ^^^^^^^^^^^^^^^^^^^^^^^^^^^^^^^^^^^^^^^^^^^^
  File "C:\Users\e430287.SPI-GLOBAL\AppData\Roaming\npm\node_modules\promptfoo\dist\src\python\wrapper.py", line 28, in call_method
    return method_to_call(*args)
           ^^^^^^^^^^^^^^^^^^^^^
  File "C:\Users\e430287.SPI-GLOBAL\Documents\automate_testcases_mine\final_assertions\py_image_resize.py", line 105, in get_assertion
    if os.path.exists(temp_file_path):
                      ^^^^^^^^^^^^^^
UnboundLocalError: cannot access local variable 'temp_file_path' where it is not associated with a value
2025-07-19T18:27:07.114Z [ERROR]: Error running Python script: UnboundLocalError: cannot access local variable 'temp_file_path' where it is not associated with a value
Stack Trace: Error: UnboundLocalError: cannot access local variable 'temp_file_path' where it is not associated with a value
    at PythonShell.parseError (C:\Users\e430287.SPI-GLOBAL\AppData\Roaming\npm\node_modules\promptfoo\node_modules\python-shell\index.js:303:21)
    at terminateIfNeeded (C:\Users\e430287.SPI-GLOBAL\AppData\Roaming\npm\node_modules\promptfoo\node_modules\python-shell\index.js:193:32)
    at ChildProcess.<anonymous> (C:\Users\e430287.SPI-GLOBAL\AppData\Roaming\npm\node_modules\promptfoo\node_modules\python-shell\index.js:185:13)
    at ChildProcess.emit (node:events:514:28)
    at ChildProcess._handle.onexit (node:internal/child_process:294:12)
    --Python Traceback: --
    File "C:\Users\e430287.SPI-GLOBAL\AppData\Roaming\npm\node_modules\promptfoo\dist\src\python\wrapper.py", line 39, in <module>
      result = call_method(script_path, method_name, *data)
               ^^^^^^^^^^^^^^^^^^^^^^^^^^^^^^^^^^^^^^^^^^^^
    File "C:\Users\e430287.SPI-GLOBAL\AppData\Roaming\npm\node_modules\promptfoo\dist\src\python\wrapper.py", line 28, in call_method
      return method_to_call(*args)
             ^^^^^^^^^^^^^^^^^^^^^
    File "C:\Users\e430287.SPI-GLOBAL\Documents\automate_testcases_mine\final_assertions\py_image_resize.py", line 105, in get_assertion
      if os.path.exists(temp_file_path):
                        ^^^^^^^^^^^^^^
2025-07-19T18:27:07.117Z [ERROR]: Error removing C:\Users\E43028~1.SPI\AppData\Local\Temp\3\promptfoo-python-output-json-1752949626753-94ad607922661.json: Error: ENOENT: no such file or directory, unlink 'C:\Users\E43028~1.SPI\AppData\Local\Temp\3\promptfoo-python-output-json-1752949626753-94ad607922661.json'
2025-07-19T18:32:18.523Z [ERROR]: Traceback (most recent call last):
  File "C:\Users\e430287.SPI-GLOBAL\AppData\Roaming\npm\node_modules\promptfoo\dist\src\python\wrapper.py", line 39, in <module>
    result = call_method(script_path, method_name, *data)
             ^^^^^^^^^^^^^^^^^^^^^^^^^^^^^^^^^^^^^^^^^^^^
  File "C:\Users\e430287.SPI-GLOBAL\AppData\Roaming\npm\node_modules\promptfoo\dist\src\python\wrapper.py", line 28, in call_method
    return method_to_call(*args)
           ^^^^^^^^^^^^^^^^^^^^^
  File "C:\Users\e430287.SPI-GLOBAL\Documents\automate_testcases_mine\final_assertions\py_image_resize.py", line 106, in get_assertion
    if os.path.exists(temp_file_path):
                      ^^^^^^^^^^^^^^
UnboundLocalError: cannot access local variable 'temp_file_path' where it is not associated with a value
2025-07-19T18:32:18.555Z [ERROR]: Error running Python script: UnboundLocalError: cannot access local variable 'temp_file_path' where it is not associated with a value
Stack Trace: Error: UnboundLocalError: cannot access local variable 'temp_file_path' where it is not associated with a value
    at PythonShell.parseError (C:\Users\e430287.SPI-GLOBAL\AppData\Roaming\npm\node_modules\promptfoo\node_modules\python-shell\index.js:303:21)
    at terminateIfNeeded (C:\Users\e430287.SPI-GLOBAL\AppData\Roaming\npm\node_modules\promptfoo\node_modules\python-shell\index.js:193:32)
    at ChildProcess.<anonymous> (C:\Users\e430287.SPI-GLOBAL\AppData\Roaming\npm\node_modules\promptfoo\node_modules\python-shell\index.js:185:13)
    at ChildProcess.emit (node:events:514:28)
    at ChildProcess._handle.onexit (node:internal/child_process:294:12)
    --Python Traceback: --
    File "C:\Users\e430287.SPI-GLOBAL\AppData\Roaming\npm\node_modules\promptfoo\dist\src\python\wrapper.py", line 39, in <module>
      result = call_method(script_path, method_name, *data)
               ^^^^^^^^^^^^^^^^^^^^^^^^^^^^^^^^^^^^^^^^^^^^
    File "C:\Users\e430287.SPI-GLOBAL\AppData\Roaming\npm\node_modules\promptfoo\dist\src\python\wrapper.py", line 28, in call_method
      return method_to_call(*args)
             ^^^^^^^^^^^^^^^^^^^^^
    File "C:\Users\e430287.SPI-GLOBAL\Documents\automate_testcases_mine\final_assertions\py_image_resize.py", line 106, in get_assertion
      if os.path.exists(temp_file_path):
                        ^^^^^^^^^^^^^^
2025-07-19T18:32:18.557Z [ERROR]: Error removing C:\Users\E43028~1.SPI\AppData\Local\Temp\3\promptfoo-python-output-json-1752949938070-e8d9593e7bd16.json: Error: ENOENT: no such file or directory, unlink 'C:\Users\E43028~1.SPI\AppData\Local\Temp\3\promptfoo-python-output-json-1752949938070-e8d9593e7bd16.json'
2025-07-19T18:32:21.447Z [ERROR]: Traceback (most recent call last):
  File "C:\Users\e430287.SPI-GLOBAL\AppData\Roaming\npm\node_modules\promptfoo\dist\src\python\wrapper.py", line 39, in <module>
    result = call_method(script_path, method_name, *data)
             ^^^^^^^^^^^^^^^^^^^^^^^^^^^^^^^^^^^^^^^^^^^^
  File "C:\Users\e430287.SPI-GLOBAL\AppData\Roaming\npm\node_modules\promptfoo\dist\src\python\wrapper.py", line 28, in call_method
    return method_to_call(*args)
           ^^^^^^^^^^^^^^^^^^^^^
  File "C:\Users\e430287.SPI-GLOBAL\Documents\automate_testcases_mine\final_assertions\py_image_resize.py", line 106, in get_assertion
    if os.path.exists(temp_file_path):
                      ^^^^^^^^^^^^^^
UnboundLocalError: cannot access local variable 'temp_file_path' where it is not associated with a value
2025-07-19T18:32:21.480Z [ERROR]: Error running Python script: UnboundLocalError: cannot access local variable 'temp_file_path' where it is not associated with a value
Stack Trace: Error: UnboundLocalError: cannot access local variable 'temp_file_path' where it is not associated with a value
    at PythonShell.parseError (C:\Users\e430287.SPI-GLOBAL\AppData\Roaming\npm\node_modules\promptfoo\node_modules\python-shell\index.js:303:21)
    at terminateIfNeeded (C:\Users\e430287.SPI-GLOBAL\AppData\Roaming\npm\node_modules\promptfoo\node_modules\python-shell\index.js:193:32)
    at ChildProcess.<anonymous> (C:\Users\e430287.SPI-GLOBAL\AppData\Roaming\npm\node_modules\promptfoo\node_modules\python-shell\index.js:185:13)
    at ChildProcess.emit (node:events:514:28)
    at ChildProcess._handle.onexit (node:internal/child_process:294:12)
    --Python Traceback: --
    File "C:\Users\e430287.SPI-GLOBAL\AppData\Roaming\npm\node_modules\promptfoo\dist\src\python\wrapper.py", line 39, in <module>
      result = call_method(script_path, method_name, *data)
               ^^^^^^^^^^^^^^^^^^^^^^^^^^^^^^^^^^^^^^^^^^^^
    File "C:\Users\e430287.SPI-GLOBAL\AppData\Roaming\npm\node_modules\promptfoo\dist\src\python\wrapper.py", line 28, in call_method
      return method_to_call(*args)
             ^^^^^^^^^^^^^^^^^^^^^
    File "C:\Users\e430287.SPI-GLOBAL\Documents\automate_testcases_mine\final_assertions\py_image_resize.py", line 106, in get_assertion
      if os.path.exists(temp_file_path):
                        ^^^^^^^^^^^^^^
2025-07-19T18:32:21.482Z [ERROR]: Error removing C:\Users\E43028~1.SPI\AppData\Local\Temp\3\promptfoo-python-output-json-1752949941126-a6cdde24f5c1c.json: Error: ENOENT: no such file or directory, unlink 'C:\Users\E43028~1.SPI\AppData\Local\Temp\3\promptfoo-python-output-json-1752949941126-a6cdde24f5c1c.json'
2025-07-19T18:32:23.737Z [ERROR]: Traceback (most recent call last):
  File "C:\Users\e430287.SPI-GLOBAL\AppData\Roaming\npm\node_modules\promptfoo\dist\src\python\wrapper.py", line 39, in <module>
    result = call_method(script_path, method_name, *data)
             ^^^^^^^^^^^^^^^^^^^^^^^^^^^^^^^^^^^^^^^^^^^^
  File "C:\Users\e430287.SPI-GLOBAL\AppData\Roaming\npm\node_modules\promptfoo\dist\src\python\wrapper.py", line 28, in call_method
    return method_to_call(*args)
           ^^^^^^^^^^^^^^^^^^^^^
  File "C:\Users\e430287.SPI-GLOBAL\Documents\automate_testcases_mine\final_assertions\py_image_resize.py", line 106, in get_assertion
    if os.path.exists(temp_file_path):
                      ^^^^^^^^^^^^^^
UnboundLocalError: cannot access local variable 'temp_file_path' where it is not associated with a value
2025-07-19T18:32:23.778Z [ERROR]: Error running Python script: UnboundLocalError: cannot access local variable 'temp_file_path' where it is not associated with a value
Stack Trace: Error: UnboundLocalError: cannot access local variable 'temp_file_path' where it is not associated with a value
    at PythonShell.parseError (C:\Users\e430287.SPI-GLOBAL\AppData\Roaming\npm\node_modules\promptfoo\node_modules\python-shell\index.js:303:21)
    at terminateIfNeeded (C:\Users\e430287.SPI-GLOBAL\AppData\Roaming\npm\node_modules\promptfoo\node_modules\python-shell\index.js:193:32)
    at ChildProcess.<anonymous> (C:\Users\e430287.SPI-GLOBAL\AppData\Roaming\npm\node_modules\promptfoo\node_modules\python-shell\index.js:185:13)
    at ChildProcess.emit (node:events:514:28)
    at ChildProcess._handle.onexit (node:internal/child_process:294:12)
    --Python Traceback: --
    File "C:\Users\e430287.SPI-GLOBAL\AppData\Roaming\npm\node_modules\promptfoo\dist\src\python\wrapper.py", line 39, in <module>
      result = call_method(script_path, method_name, *data)
               ^^^^^^^^^^^^^^^^^^^^^^^^^^^^^^^^^^^^^^^^^^^^
    File "C:\Users\e430287.SPI-GLOBAL\AppData\Roaming\npm\node_modules\promptfoo\dist\src\python\wrapper.py", line 28, in call_method
      return method_to_call(*args)
             ^^^^^^^^^^^^^^^^^^^^^
    File "C:\Users\e430287.SPI-GLOBAL\Documents\automate_testcases_mine\final_assertions\py_image_resize.py", line 106, in get_assertion
      if os.path.exists(temp_file_path):
                        ^^^^^^^^^^^^^^
2025-07-19T18:32:23.780Z [ERROR]: Error removing C:\Users\E43028~1.SPI\AppData\Local\Temp\3\promptfoo-python-output-json-1752949943425-1e12b133e6dab.json: Error: ENOENT: no such file or directory, unlink 'C:\Users\E43028~1.SPI\AppData\Local\Temp\3\promptfoo-python-output-json-1752949943425-1e12b133e6dab.json'
2025-07-19T18:32:28.318Z [ERROR]: Traceback (most recent call last):
  File "C:\Users\e430287.SPI-GLOBAL\AppData\Roaming\npm\node_modules\promptfoo\dist\src\python\wrapper.py", line 39, in <module>
    result = call_method(script_path, method_name, *data)
             ^^^^^^^^^^^^^^^^^^^^^^^^^^^^^^^^^^^^^^^^^^^^
  File "C:\Users\e430287.SPI-GLOBAL\AppData\Roaming\npm\node_modules\promptfoo\dist\src\python\wrapper.py", line 28, in call_method
    return method_to_call(*args)
           ^^^^^^^^^^^^^^^^^^^^^
  File "C:\Users\e430287.SPI-GLOBAL\Documents\automate_testcases_mine\final_assertions\py_image_resize.py", line 106, in get_assertion
    if os.path.exists(temp_file_path):
                      ^^^^^^^^^^^^^^
UnboundLocalError: cannot access local variable 'temp_file_path' where it is not associated with a value
2025-07-19T18:32:28.361Z [ERROR]: Error running Python script: UnboundLocalError: cannot access local variable 'temp_file_path' where it is not associated with a value
Stack Trace: Error: UnboundLocalError: cannot access local variable 'temp_file_path' where it is not associated with a value
    at PythonShell.parseError (C:\Users\e430287.SPI-GLOBAL\AppData\Roaming\npm\node_modules\promptfoo\node_modules\python-shell\index.js:303:21)
    at terminateIfNeeded (C:\Users\e430287.SPI-GLOBAL\AppData\Roaming\npm\node_modules\promptfoo\node_modules\python-shell\index.js:193:32)
    at ChildProcess.<anonymous> (C:\Users\e430287.SPI-GLOBAL\AppData\Roaming\npm\node_modules\promptfoo\node_modules\python-shell\index.js:185:13)
    at ChildProcess.emit (node:events:514:28)
    at ChildProcess._handle.onexit (node:internal/child_process:294:12)
    --Python Traceback: --
    File "C:\Users\e430287.SPI-GLOBAL\AppData\Roaming\npm\node_modules\promptfoo\dist\src\python\wrapper.py", line 39, in <module>
      result = call_method(script_path, method_name, *data)
               ^^^^^^^^^^^^^^^^^^^^^^^^^^^^^^^^^^^^^^^^^^^^
    File "C:\Users\e430287.SPI-GLOBAL\AppData\Roaming\npm\node_modules\promptfoo\dist\src\python\wrapper.py", line 28, in call_method
      return method_to_call(*args)
             ^^^^^^^^^^^^^^^^^^^^^
    File "C:\Users\e430287.SPI-GLOBAL\Documents\automate_testcases_mine\final_assertions\py_image_resize.py", line 106, in get_assertion
      if os.path.exists(temp_file_path):
                        ^^^^^^^^^^^^^^
2025-07-19T18:32:28.362Z [ERROR]: Error removing C:\Users\E43028~1.SPI\AppData\Local\Temp\3\promptfoo-python-output-json-1752949948007-d1c663d9fb008.json: Error: ENOENT: no such file or directory, unlink 'C:\Users\E43028~1.SPI\AppData\Local\Temp\3\promptfoo-python-output-json-1752949948007-d1c663d9fb008.json'
2025-07-19T18:32:29.195Z [ERROR]: Traceback (most recent call last):
  File "C:\Users\e430287.SPI-GLOBAL\AppData\Roaming\npm\node_modules\promptfoo\dist\src\python\wrapper.py", line 39, in <module>
    result = call_method(script_path, method_name, *data)
             ^^^^^^^^^^^^^^^^^^^^^^^^^^^^^^^^^^^^^^^^^^^^
  File "C:\Users\e430287.SPI-GLOBAL\AppData\Roaming\npm\node_modules\promptfoo\dist\src\python\wrapper.py", line 28, in call_method
    return method_to_call(*args)
           ^^^^^^^^^^^^^^^^^^^^^
  File "C:\Users\e430287.SPI-GLOBAL\Documents\automate_testcases_mine\final_assertions\py_image_resize.py", line 106, in get_assertion
    if os.path.exists(temp_file_path):
                      ^^^^^^^^^^^^^^
UnboundLocalError: cannot access local variable 'temp_file_path' where it is not associated with a value
2025-07-19T18:32:29.239Z [ERROR]: Error running Python script: UnboundLocalError: cannot access local variable 'temp_file_path' where it is not associated with a value
Stack Trace: Error: UnboundLocalError: cannot access local variable 'temp_file_path' where it is not associated with a value
    at PythonShell.parseError (C:\Users\e430287.SPI-GLOBAL\AppData\Roaming\npm\node_modules\promptfoo\node_modules\python-shell\index.js:303:21)
    at terminateIfNeeded (C:\Users\e430287.SPI-GLOBAL\AppData\Roaming\npm\node_modules\promptfoo\node_modules\python-shell\index.js:193:32)
    at ChildProcess.<anonymous> (C:\Users\e430287.SPI-GLOBAL\AppData\Roaming\npm\node_modules\promptfoo\node_modules\python-shell\index.js:185:13)
    at ChildProcess.emit (node:events:514:28)
    at ChildProcess._handle.onexit (node:internal/child_process:294:12)
    --Python Traceback: --
    File "C:\Users\e430287.SPI-GLOBAL\AppData\Roaming\npm\node_modules\promptfoo\dist\src\python\wrapper.py", line 39, in <module>
      result = call_method(script_path, method_name, *data)
               ^^^^^^^^^^^^^^^^^^^^^^^^^^^^^^^^^^^^^^^^^^^^
    File "C:\Users\e430287.SPI-GLOBAL\AppData\Roaming\npm\node_modules\promptfoo\dist\src\python\wrapper.py", line 28, in call_method
      return method_to_call(*args)
             ^^^^^^^^^^^^^^^^^^^^^
    File "C:\Users\e430287.SPI-GLOBAL\Documents\automate_testcases_mine\final_assertions\py_image_resize.py", line 106, in get_assertion
      if os.path.exists(temp_file_path):
                        ^^^^^^^^^^^^^^
2025-07-19T18:32:29.240Z [ERROR]: Error removing C:\Users\E43028~1.SPI\AppData\Local\Temp\3\promptfoo-python-output-json-1752949948895-ddbde0c4971b8.json: Error: ENOENT: no such file or directory, unlink 'C:\Users\E43028~1.SPI\AppData\Local\Temp\3\promptfoo-python-output-json-1752949948895-ddbde0c4971b8.json'
2025-07-19T20:04:36.562Z [ERROR]: Exception in thread Thread-1 (_readerthread):
Traceback (most recent call last):
  File "C:\Users\e430287.SPI-GLOBAL\AppData\Local\Programs\Python\Python311\Lib\threading.py", line 1038, in _bootstrap_inner
    self.run()
  File "C:\Users\e430287.SPI-GLOBAL\AppData\Local\Programs\Python\Python311\Lib\threading.py", line 975, in run
    self._target(*self._args, **self._kwargs)
  File "C:\Users\e430287.SPI-GLOBAL\AppData\Local\Programs\Python\Python311\Lib\subprocess.py", line 1550, in _readerthread
    buffer.append(fh.read())
                  ^^^^^^^^^
  File "C:\Users\e430287.SPI-GLOBAL\AppData\Local\Programs\Python\Python311\Lib\encodings\cp1252.py", line 23, in decode
    return codecs.charmap_decode(input,self.errors,decoding_table)[0]
           ^^^^^^^^^^^^^^^^^^^^^^^^^^^^^^^^^^^^^^^^^^^^^^^^^^^^^^^
UnicodeDecodeError: 'charmap' codec can't decode byte 0x9d in position 514: character maps to <undefined>
Traceback (most recent call last):
  File "C:\Users\e430287.SPI-GLOBAL\AppData\Roaming\npm\node_modules\promptfoo\dist\src\python\wrapper.py", line 39, in <module>
2025-07-19T20:04:36.570Z [ERROR]: result = call_method(script_path, method_name, *data)
             ^^^^^^^^^^^^^^^^^^^^^^^^^^^^^^^^^^^^^^^^^^^^
  File "C:\Users\e430287.SPI-GLOBAL\AppData\Roaming\npm\node_modules\promptfoo\dist\src\python\wrapper.py", line 28, in call_method
    return method_to_call(*args)
           ^^^^^^^^^^^^^^^^^^^^^
  File "C:\Users\e430287.SPI-GLOBAL\Documents\automate_testcases_mine\final_assertions\aws_ipv6.py", line 32, in assert_aws_security_issue
    llm_response_data = json.loads(result.stdout)
                        ^^^^^^^^^^^^^^^^^^^^^^^^^
  File "C:\Users\e430287.SPI-GLOBAL\AppData\Local\Programs\Python\Python311\Lib\json\__init__.py", line 339, in loads
    raise TypeError(f'the JSON object must be str, bytes or bytearray, '
TypeError: the JSON object must be str, bytes or bytearray, not NoneType
2025-07-19T20:04:36.593Z [ERROR]: Error running Python script: Exception in thread Thread-1 (_readerthread):
Traceback (most recent call last):
  File "C:\Users\e430287.SPI-GLOBAL\AppData\Local\Programs\Python\Python311\Lib\threading.py", line 1038, in _bootstrap_inner
    self.run()
  File "C:\Users\e430287.SPI-GLOBAL\AppData\Local\Programs\Python\Python311\Lib\threading.py", line 975, in run
    self._target(*self._args, **self._kwargs)
  File "C:\Users\e430287.SPI-GLOBAL\AppData\Local\Programs\Python\Python311\Lib\subprocess.py", line 1550, in _readerthread
    buffer.append(fh.read())
                  ^^^^^^^^^
  File "C:\Users\e430287.SPI-GLOBAL\AppData\Local\Programs\Python\Python311\Lib\encodings\cp1252.py", line 23, in decode
    return codecs.charmap_decode(input,self.errors,decoding_table)[0]
           ^^^^^^^^^^^^^^^^^^^^^^^^^^^^^^^^^^^^^^^^^^^^^^^^^^^^^^^
UnicodeDecodeError: 'charmap' codec can't decode byte 0x9d in position 514: character maps to <undefined>
Traceback (most recent call last):
  File "C:\Users\e430287.SPI-GLOBAL\AppData\Roaming\npm\node_modules\promptfoo\dist\src\python\wrapper.py", line 39, in <module>
    result = call_method(script_path, method_name, *data)
             ^^^^^^^^^^^^^^^^^^^^^^^^^^^^^^^^^^^^^^^^^^^^
  File "C:\Users\e430287.SPI-GLOBAL\AppData\Roaming\npm\node_modules\promptfoo\dist\src\python\wrapper.py", line 28, in call_method
    return method_to_call(*args)
           ^^^^^^^^^^^^^^^^^^^^^
  File "C:\Users\e430287.SPI-GLOBAL\Documents\automate_testcases_mine\final_assertions\aws_ipv6.py", line 32, in assert_aws_security_issue
    llm_response_data = json.loads(result.stdout)
                        ^^^^^^^^^^^^^^^^^^^^^^^^^
  File "C:\Users\e430287.SPI-GLOBAL\AppData\Local\Programs\Python\Python311\Lib\json\__init__.py", line 339, in loads
    raise TypeError(f'the JSON object must be str, bytes or bytearray, '
TypeError: the JSON object must be str, bytes or bytearray, not NoneType

Stack Trace: Error: Exception in thread Thread-1 (_readerthread):
Traceback (most recent call last):
  File "C:\Users\e430287.SPI-GLOBAL\AppData\Local\Programs\Python\Python311\Lib\threading.py", line 1038, in _bootstrap_inner
    self.run()
  File "C:\Users\e430287.SPI-GLOBAL\AppData\Local\Programs\Python\Python311\Lib\threading.py", line 975, in run
    self._target(*self._args, **self._kwargs)
  File "C:\Users\e430287.SPI-GLOBAL\AppData\Local\Programs\Python\Python311\Lib\subprocess.py", line 1550, in _readerthread
    buffer.append(fh.read())
                  ^^^^^^^^^
  File "C:\Users\e430287.SPI-GLOBAL\AppData\Local\Programs\Python\Python311\Lib\encodings\cp1252.py", line 23, in decode
    return codecs.charmap_decode(input,self.errors,decoding_table)[0]
           ^^^^^^^^^^^^^^^^^^^^^^^^^^^^^^^^^^^^^^^^^^^^^^^^^^^^^^^
UnicodeDecodeError: 'charmap' codec can't decode byte 0x9d in position 514: character maps to <undefined>
Traceback (most recent call last):
  File "C:\Users\e430287.SPI-GLOBAL\AppData\Roaming\npm\node_modules\promptfoo\dist\src\python\wrapper.py", line 39, in <module>
    result = call_method(script_path, method_name, *data)
             ^^^^^^^^^^^^^^^^^^^^^^^^^^^^^^^^^^^^^^^^^^^^
  File "C:\Users\e430287.SPI-GLOBAL\AppData\Roaming\npm\node_modules\promptfoo\dist\src\python\wrapper.py", line 28, in call_method
    return method_to_call(*args)
           ^^^^^^^^^^^^^^^^^^^^^
  File "C:\Users\e430287.SPI-GLOBAL\Documents\automate_testcases_mine\final_assertions\aws_ipv6.py", line 32, in assert_aws_security_issue
    llm_response_data = json.loads(result.stdout)
                        ^^^^^^^^^^^^^^^^^^^^^^^^^
  File "C:\Users\e430287.SPI-GLOBAL\AppData\Local\Programs\Python\Python311\Lib\json\__init__.py", line 339, in loads
    raise TypeError(f'the JSON object must be str, bytes or bytearray, '
TypeError: the JSON object must be str, bytes or bytearray, not NoneType

    at PythonShell.parseError (C:\Users\e430287.SPI-GLOBAL\AppData\Roaming\npm\node_modules\promptfoo\node_modules\python-shell\index.js:311:21)
    at terminateIfNeeded (C:\Users\e430287.SPI-GLOBAL\AppData\Roaming\npm\node_modules\promptfoo\node_modules\python-shell\index.js:193:32)
    at ChildProcess.<anonymous> (C:\Users\e430287.SPI-GLOBAL\AppData\Roaming\npm\node_modules\promptfoo\node_modules\python-shell\index.js:185:13)
    at ChildProcess.emit (node:events:514:28)
    at ChildProcess._handle.onexit (node:internal/child_process:294:12)
2025-07-19T20:04:36.596Z [ERROR]: Error removing C:\Users\E43028~1.SPI\AppData\Local\Temp\3\promptfoo-python-output-json-1752955471692-d4558ed418176.json: Error: ENOENT: no such file or directory, unlink 'C:\Users\E43028~1.SPI\AppData\Local\Temp\3\promptfoo-python-output-json-1752955471692-d4558ed418176.json'
2025-07-20T05:43:40.949Z [ERROR]: API call error: Error: Request failed after 4 retries: TypeError: fetch failed (Cause: Error: getaddrinfo ENOTFOUND llmfoundry.straive.com)
2025-07-20T05:43:41.052Z [ERROR]: API call error: Error: Request failed after 4 retries: TypeError: fetch failed (Cause: Error: getaddrinfo ENOTFOUND llmfoundry.straive.com)
2025-07-20T05:43:45.833Z [ERROR]: API call error: Error: Request failed after 4 retries: TypeError: fetch failed (Cause: Error: getaddrinfo ENOTFOUND llmfoundry.straive.com)
2025-07-20T05:43:48.820Z [ERROR]: API call error: Error: Request failed after 4 retries: TypeError: fetch failed (Cause: Error: getaddrinfo ENOTFOUND llmfoundry.straive.com)
2025-07-20T06:54:42.979Z [ERROR]: Traceback (most recent call last):
  File "C:\Users\e430287.SPI-GLOBAL\AppData\Roaming\npm\node_modules\promptfoo\dist\src\python\wrapper.py", line 39, in <module>
2025-07-20T06:54:42.982Z [ERROR]: result = call_method(script_path, method_name, *data)
2025-07-20T06:54:42.987Z [ERROR]: ^^^^^^^^^^^^^^^^^^^^^^^^^^^^^^^^^^^^^^^^^^^^
  File "C:\Users\e430287.SPI-GLOBAL\AppData\Roaming\npm\node_modules\promptfoo\dist\src\python\wrapper.py", line 28, in call_method
2025-07-20T06:54:42.988Z [ERROR]: return method_to_call(*args)
           ^^^^^^^^^^^^^^^^^^^^^
  File "C:\Users\e430287.SPI-GLOBAL\Documents\automate_testcases_mine\final_assertions\fancy_sql_process.py", line 54, in assert_sql_query_response
    cleanup_database()
  File "C:\Users\e430287.SPI-GLOBAL\Documents\automate_testcases_mine\final_assertions\fancy_sql_process.py", line 159, in cleanup_database
    os.remove('people.db')
2025-07-20T06:54:43.009Z [ERROR]: PermissionError: [WinError 32] The process cannot access the file because it is being used by another process: 'people.db'
2025-07-20T06:54:43.044Z [ERROR]: Error running Python script: PermissionError: [WinError 32] The process cannot access the file because it is being used by another process: 'people.db'
Stack Trace: Error: PermissionError: [WinError 32] The process cannot access the file because it is being used by another process: 'people.db'
    at PythonShell.parseError (C:\Users\e430287.SPI-GLOBAL\AppData\Roaming\npm\node_modules\promptfoo\node_modules\python-shell\index.js:303:21)
    at terminateIfNeeded (C:\Users\e430287.SPI-GLOBAL\AppData\Roaming\npm\node_modules\promptfoo\node_modules\python-shell\index.js:193:32)
    at ChildProcess.<anonymous> (C:\Users\e430287.SPI-GLOBAL\AppData\Roaming\npm\node_modules\promptfoo\node_modules\python-shell\index.js:185:13)
    at ChildProcess.emit (node:events:514:28)
    at ChildProcess._handle.onexit (node:internal/child_process:294:12)
    --Python Traceback: --
    File "C:\Users\e430287.SPI-GLOBAL\AppData\Roaming\npm\node_modules\promptfoo\dist\src\python\wrapper.py", line 39, in <module>
      result = call_method(script_path, method_name, *data)
               ^^^^^^^^^^^^^^^^^^^^^^^^^^^^^^^^^^^^^^^^^^^^
    File "C:\Users\e430287.SPI-GLOBAL\AppData\Roaming\npm\node_modules\promptfoo\dist\src\python\wrapper.py", line 28, in call_method
      return method_to_call(*args)
             ^^^^^^^^^^^^^^^^^^^^^
    File "C:\Users\e430287.SPI-GLOBAL\Documents\automate_testcases_mine\final_assertions\fancy_sql_process.py", line 54, in assert_sql_query_response
      cleanup_database()
    File "C:\Users\e430287.SPI-GLOBAL\Documents\automate_testcases_mine\final_assertions\fancy_sql_process.py", line 159, in cleanup_database
      os.remove('people.db')
2025-07-20T06:54:43.046Z [ERROR]: Error removing C:\Users\E43028~1.SPI\AppData\Local\Temp\3\promptfoo-python-output-json-1752994482661-cffaf94a1ee32.json: Error: ENOENT: no such file or directory, unlink 'C:\Users\E43028~1.SPI\AppData\Local\Temp\3\promptfoo-python-output-json-1752994482661-cffaf94a1ee32.json'
2025-07-20T18:39:45.283Z [ERROR]: Traceback (most recent call last):
  File "C:\Users\e430287.SPI-GLOBAL\AppData\Roaming\npm\node_modules\promptfoo\dist\src\python\wrapper.py", line 39, in <module>
2025-07-20T18:39:45.288Z [ERROR]: Traceback (most recent call last):
  File "C:\Users\e430287.SPI-GLOBAL\AppData\Roaming\npm\node_modules\promptfoo\dist\src\python\wrapper.py", line 39, in <module>
    result = call_method(script_path, method_name, *data)
             ^^^^^^^^^^^^^^^^^^^^^^^^^^^^^^^^^^^^^^^^^^^^
  File "C:\Users\e430287.SPI-GLOBAL\AppData\Roaming\npm\node_modules\promptfoo\dist\src\python\wrapper.py", line 28, in call_method
    return method_to_call(*args)
           ^^^^^^^^^^^^^^^^^^^^^
  File "C:\Users\e430287.SPI-GLOBAL\Documents\automate_testcases_mine\final_assertions\why_broken_flask_extra_brace.py", line 7, in assert_identifies_extra_brace
    formatted_prompt = evaluation_prompt.format(response)
                       ^^^^^^^^^^^^^^^^^^^^^^^^^^^^^^^^^^
ValueError: Single '}' encountered in format string
2025-07-20T18:39:45.293Z [ERROR]: result = call_method(script_path, method_name, *data)
             ^^^^^^^^^^^^^^^^^^^^^^^^^^^^^^^^^^^^^^^^^^^^
  File "C:\Users\e430287.SPI-GLOBAL\AppData\Roaming\npm\node_modules\promptfoo\dist\src\python\wrapper.py", line 28, in call_method
    return method_to_call(*args)
           ^^^^^^^^^^^^^^^^^^^^^
  File "C:\Users\e430287.SPI-GLOBAL\Documents\automate_testcases_mine\final_assertions\why_broken_flask_extra_brace.py", line 7, in assert_identifies_extra_brace
    formatted_prompt = evaluation_prompt.format(response)
                       ^^^^^^^^^^^^^^^^^^^^^^^^^^^^^^^^^^
ValueError: Single '}' encountered in format string
2025-07-20T18:39:45.308Z [ERROR]: Error running Python script: ValueError: Single '}' encountered in format string
Stack Trace: Error: ValueError: Single '}' encountered in format string
    at PythonShell.parseError (C:\Users\e430287.SPI-GLOBAL\AppData\Roaming\npm\node_modules\promptfoo\node_modules\python-shell\index.js:303:21)
    at terminateIfNeeded (C:\Users\e430287.SPI-GLOBAL\AppData\Roaming\npm\node_modules\promptfoo\node_modules\python-shell\index.js:193:32)
    at ChildProcess.<anonymous> (C:\Users\e430287.SPI-GLOBAL\AppData\Roaming\npm\node_modules\promptfoo\node_modules\python-shell\index.js:185:13)
    at ChildProcess.emit (node:events:514:28)
    at ChildProcess._handle.onexit (node:internal/child_process:294:12)
    --Python Traceback: --
    File "C:\Users\e430287.SPI-GLOBAL\AppData\Roaming\npm\node_modules\promptfoo\dist\src\python\wrapper.py", line 39, in <module>
      result = call_method(script_path, method_name, *data)
               ^^^^^^^^^^^^^^^^^^^^^^^^^^^^^^^^^^^^^^^^^^^^
    File "C:\Users\e430287.SPI-GLOBAL\AppData\Roaming\npm\node_modules\promptfoo\dist\src\python\wrapper.py", line 28, in call_method
      return method_to_call(*args)
             ^^^^^^^^^^^^^^^^^^^^^
    File "C:\Users\e430287.SPI-GLOBAL\Documents\automate_testcases_mine\final_assertions\why_broken_flask_extra_brace.py", line 7, in assert_identifies_extra_brace
      formatted_prompt = evaluation_prompt.format(response)
                         ^^^^^^^^^^^^^^^^^^^^^^^^^^^^^^^^^^
2025-07-20T18:39:45.310Z [ERROR]: Error removing C:\Users\E43028~1.SPI\AppData\Local\Temp\3\promptfoo-python-output-json-1753036784818-bd89e55a49fc4.json: Error: ENOENT: no such file or directory, unlink 'C:\Users\E43028~1.SPI\AppData\Local\Temp\3\promptfoo-python-output-json-1753036784818-bd89e55a49fc4.json'
2025-07-20T18:39:45.362Z [ERROR]: Error running Python script: ValueError: Single '}' encountered in format string
Stack Trace: Error: ValueError: Single '}' encountered in format string
    at PythonShell.parseError (C:\Users\e430287.SPI-GLOBAL\AppData\Roaming\npm\node_modules\promptfoo\node_modules\python-shell\index.js:303:21)
    at terminateIfNeeded (C:\Users\e430287.SPI-GLOBAL\AppData\Roaming\npm\node_modules\promptfoo\node_modules\python-shell\index.js:193:32)
    at ChildProcess.<anonymous> (C:\Users\e430287.SPI-GLOBAL\AppData\Roaming\npm\node_modules\promptfoo\node_modules\python-shell\index.js:185:13)
    at ChildProcess.emit (node:events:514:28)
    at ChildProcess._handle.onexit (node:internal/child_process:294:12)
    --Python Traceback: --
    File "C:\Users\e430287.SPI-GLOBAL\AppData\Roaming\npm\node_modules\promptfoo\dist\src\python\wrapper.py", line 39, in <module>
      result = call_method(script_path, method_name, *data)
               ^^^^^^^^^^^^^^^^^^^^^^^^^^^^^^^^^^^^^^^^^^^^
    File "C:\Users\e430287.SPI-GLOBAL\AppData\Roaming\npm\node_modules\promptfoo\dist\src\python\wrapper.py", line 28, in call_method
      return method_to_call(*args)
             ^^^^^^^^^^^^^^^^^^^^^
    File "C:\Users\e430287.SPI-GLOBAL\Documents\automate_testcases_mine\final_assertions\why_broken_flask_extra_brace.py", line 7, in assert_identifies_extra_brace
      formatted_prompt = evaluation_prompt.format(response)
                         ^^^^^^^^^^^^^^^^^^^^^^^^^^^^^^^^^^
2025-07-20T18:39:45.364Z [ERROR]: Error removing C:\Users\E43028~1.SPI\AppData\Local\Temp\3\promptfoo-python-output-json-1753036784795-bc8f9e6f1cd03.json: Error: ENOENT: no such file or directory, unlink 'C:\Users\E43028~1.SPI\AppData\Local\Temp\3\promptfoo-python-output-json-1753036784795-bc8f9e6f1cd03.json'
2025-07-20T18:39:46.006Z [ERROR]: Traceback (most recent call last):
  File "C:\Users\e430287.SPI-GLOBAL\AppData\Roaming\npm\node_modules\promptfoo\dist\src\python\wrapper.py", line 39, in <module>
    result = call_method(script_path, method_name, *data)
             ^^^^^^^^^^^^^^^^^^^^^^^^^^^^^^^^^^^^^^^^^^^^
  File "C:\Users\e430287.SPI-GLOBAL\AppData\Roaming\npm\node_modules\promptfoo\dist\src\python\wrapper.py", line 28, in call_method
    return method_to_call(*args)
           ^^^^^^^^^^^^^^^^^^^^^
  File "C:\Users\e430287.SPI-GLOBAL\Documents\automate_testcases_mine\final_assertions\why_broken_flask_extra_brace.py", line 7, in assert_identifies_extra_brace
    formatted_prompt = evaluation_prompt.format(response)
                       ^^^^^^^^^^^^^^^^^^^^^^^^^^^^^^^^^^
ValueError: Single '}' encountered in format string
2025-07-20T18:39:46.042Z [ERROR]: Error running Python script: ValueError: Single '}' encountered in format string
Stack Trace: Error: ValueError: Single '}' encountered in format string
    at PythonShell.parseError (C:\Users\e430287.SPI-GLOBAL\AppData\Roaming\npm\node_modules\promptfoo\node_modules\python-shell\index.js:303:21)
    at terminateIfNeeded (C:\Users\e430287.SPI-GLOBAL\AppData\Roaming\npm\node_modules\promptfoo\node_modules\python-shell\index.js:193:32)
    at ChildProcess.<anonymous> (C:\Users\e430287.SPI-GLOBAL\AppData\Roaming\npm\node_modules\promptfoo\node_modules\python-shell\index.js:185:13)
    at ChildProcess.emit (node:events:514:28)
    at ChildProcess._handle.onexit (node:internal/child_process:294:12)
    --Python Traceback: --
    File "C:\Users\e430287.SPI-GLOBAL\AppData\Roaming\npm\node_modules\promptfoo\dist\src\python\wrapper.py", line 39, in <module>
      result = call_method(script_path, method_name, *data)
               ^^^^^^^^^^^^^^^^^^^^^^^^^^^^^^^^^^^^^^^^^^^^
    File "C:\Users\e430287.SPI-GLOBAL\AppData\Roaming\npm\node_modules\promptfoo\dist\src\python\wrapper.py", line 28, in call_method
      return method_to_call(*args)
             ^^^^^^^^^^^^^^^^^^^^^
    File "C:\Users\e430287.SPI-GLOBAL\Documents\automate_testcases_mine\final_assertions\why_broken_flask_extra_brace.py", line 7, in assert_identifies_extra_brace
      formatted_prompt = evaluation_prompt.format(response)
                         ^^^^^^^^^^^^^^^^^^^^^^^^^^^^^^^^^^
2025-07-20T18:39:46.043Z [ERROR]: Error removing C:\Users\E43028~1.SPI\AppData\Local\Temp\3\promptfoo-python-output-json-1753036785753-b264db6d656a4.json: Error: ENOENT: no such file or directory, unlink 'C:\Users\E43028~1.SPI\AppData\Local\Temp\3\promptfoo-python-output-json-1753036785753-b264db6d656a4.json'
2025-07-20T18:40:10.707Z [ERROR]: Traceback (most recent call last):
  File "C:\Users\e430287.SPI-GLOBAL\AppData\Roaming\npm\node_modules\promptfoo\dist\src\python\wrapper.py", line 39, in <module>
    result = call_method(script_path, method_name, *data)
             ^^^^^^^^^^^^^^^^^^^^^^^^^^^^^^^^^^^^^^^^^^^^
  File "C:\Users\e430287.SPI-GLOBAL\AppData\Roaming\npm\node_modules\promptfoo\dist\src\python\wrapper.py", line 28, in call_method
    return method_to_call(*args)
           ^^^^^^^^^^^^^^^^^^^^^
  File "C:\Users\e430287.SPI-GLOBAL\Documents\automate_testcases_mine\final_assertions\why_broken_flask_extra_brace.py", line 7, in assert_identifies_extra_brace
    formatted_prompt = evaluation_prompt.format(response)
                       ^^^^^^^^^^^^^^^^^^^^^^^^^^^^^^^^^^
ValueError: Single '}' encountered in format string
2025-07-20T18:40:10.748Z [ERROR]: Error running Python script: ValueError: Single '}' encountered in format string
Stack Trace: Error: ValueError: Single '}' encountered in format string
    at PythonShell.parseError (C:\Users\e430287.SPI-GLOBAL\AppData\Roaming\npm\node_modules\promptfoo\node_modules\python-shell\index.js:303:21)
    at terminateIfNeeded (C:\Users\e430287.SPI-GLOBAL\AppData\Roaming\npm\node_modules\promptfoo\node_modules\python-shell\index.js:193:32)
    at ChildProcess.<anonymous> (C:\Users\e430287.SPI-GLOBAL\AppData\Roaming\npm\node_modules\promptfoo\node_modules\python-shell\index.js:185:13)
    at ChildProcess.emit (node:events:514:28)
    at ChildProcess._handle.onexit (node:internal/child_process:294:12)
    --Python Traceback: --
    File "C:\Users\e430287.SPI-GLOBAL\AppData\Roaming\npm\node_modules\promptfoo\dist\src\python\wrapper.py", line 39, in <module>
      result = call_method(script_path, method_name, *data)
               ^^^^^^^^^^^^^^^^^^^^^^^^^^^^^^^^^^^^^^^^^^^^
    File "C:\Users\e430287.SPI-GLOBAL\AppData\Roaming\npm\node_modules\promptfoo\dist\src\python\wrapper.py", line 28, in call_method
      return method_to_call(*args)
             ^^^^^^^^^^^^^^^^^^^^^
    File "C:\Users\e430287.SPI-GLOBAL\Documents\automate_testcases_mine\final_assertions\why_broken_flask_extra_brace.py", line 7, in assert_identifies_extra_brace
      formatted_prompt = evaluation_prompt.format(response)
                         ^^^^^^^^^^^^^^^^^^^^^^^^^^^^^^^^^^
2025-07-20T18:40:10.750Z [ERROR]: Error removing C:\Users\E43028~1.SPI\AppData\Local\Temp\3\promptfoo-python-output-json-1753036810425-6404488a9460a.json: Error: ENOENT: no such file or directory, unlink 'C:\Users\E43028~1.SPI\AppData\Local\Temp\3\promptfoo-python-output-json-1753036810425-6404488a9460a.json'
2025-07-20T18:40:14.963Z [ERROR]: Traceback (most recent call last):
  File "C:\Users\e430287.SPI-GLOBAL\AppData\Roaming\npm\node_modules\promptfoo\dist\src\python\wrapper.py", line 39, in <module>
    result = call_method(script_path, method_name, *data)
             ^^^^^^^^^^^^^^^^^^^^^^^^^^^^^^^^^^^^^^^^^^^^
  File "C:\Users\e430287.SPI-GLOBAL\AppData\Roaming\npm\node_modules\promptfoo\dist\src\python\wrapper.py", line 28, in call_method
    return method_to_call(*args)
           ^^^^^^^^^^^^^^^^^^^^^
  File "C:\Users\e430287.SPI-GLOBAL\Documents\automate_testcases_mine\final_assertions\why_broken_flask_extra_brace.py", line 7, in assert_identifies_extra_brace
    formatted_prompt = evaluation_prompt.format(response)
                       ^^^^^^^^^^^^^^^^^^^^^^^^^^^^^^^^^^
ValueError: Single '}' encountered in format string
2025-07-20T18:40:15.004Z [ERROR]: Error running Python script: ValueError: Single '}' encountered in format string
Stack Trace: Error: ValueError: Single '}' encountered in format string
    at PythonShell.parseError (C:\Users\e430287.SPI-GLOBAL\AppData\Roaming\npm\node_modules\promptfoo\node_modules\python-shell\index.js:303:21)
    at terminateIfNeeded (C:\Users\e430287.SPI-GLOBAL\AppData\Roaming\npm\node_modules\promptfoo\node_modules\python-shell\index.js:193:32)
    at ChildProcess.<anonymous> (C:\Users\e430287.SPI-GLOBAL\AppData\Roaming\npm\node_modules\promptfoo\node_modules\python-shell\index.js:185:13)
    at ChildProcess.emit (node:events:514:28)
    at ChildProcess._handle.onexit (node:internal/child_process:294:12)
    --Python Traceback: --
    File "C:\Users\e430287.SPI-GLOBAL\AppData\Roaming\npm\node_modules\promptfoo\dist\src\python\wrapper.py", line 39, in <module>
      result = call_method(script_path, method_name, *data)
               ^^^^^^^^^^^^^^^^^^^^^^^^^^^^^^^^^^^^^^^^^^^^
    File "C:\Users\e430287.SPI-GLOBAL\AppData\Roaming\npm\node_modules\promptfoo\dist\src\python\wrapper.py", line 28, in call_method
      return method_to_call(*args)
             ^^^^^^^^^^^^^^^^^^^^^
    File "C:\Users\e430287.SPI-GLOBAL\Documents\automate_testcases_mine\final_assertions\why_broken_flask_extra_brace.py", line 7, in assert_identifies_extra_brace
      formatted_prompt = evaluation_prompt.format(response)
                         ^^^^^^^^^^^^^^^^^^^^^^^^^^^^^^^^^^
2025-07-20T18:40:15.005Z [ERROR]: Error removing C:\Users\E43028~1.SPI\AppData\Local\Temp\3\promptfoo-python-output-json-1753036814638-616d2f153a856.json: Error: ENOENT: no such file or directory, unlink 'C:\Users\E43028~1.SPI\AppData\Local\Temp\3\promptfoo-python-output-json-1753036814638-616d2f153a856.json'
2025-07-20T18:40:34.501Z [ERROR]: Traceback (most recent call last):
  File "C:\Users\e430287.SPI-GLOBAL\AppData\Roaming\npm\node_modules\promptfoo\dist\src\python\wrapper.py", line 39, in <module>
    result = call_method(script_path, method_name, *data)
             ^^^^^^^^^^^^^^^^^^^^^^^^^^^^^^^^^^^^^^^^^^^^
  File "C:\Users\e430287.SPI-GLOBAL\AppData\Roaming\npm\node_modules\promptfoo\dist\src\python\wrapper.py", line 28, in call_method
    return method_to_call(*args)
           ^^^^^^^^^^^^^^^^^^^^^
  File "C:\Users\e430287.SPI-GLOBAL\Documents\automate_testcases_mine\final_assertions\why_broken_flask_extra_brace.py", line 13, in assert_identifies_extra_brace
    formatted_prompt = evaluation_prompt.format(response)
                       ^^^^^^^^^^^^^^^^^^^^^^^^^^^^^^^^^^
ValueError: Single '}' encountered in format string
2025-07-20T18:40:34.526Z [ERROR]: Traceback (most recent call last):
  File "C:\Users\e430287.SPI-GLOBAL\AppData\Roaming\npm\node_modules\promptfoo\dist\src\python\wrapper.py", line 39, in <module>
    result = call_method(script_path, method_name, *data)
             ^^^^^^^^^^^^^^^^^^^^^^^^^^^^^^^^^^^^^^^^^^^^
  File "C:\Users\e430287.SPI-GLOBAL\AppData\Roaming\npm\node_modules\promptfoo\dist\src\python\wrapper.py", line 28, in call_method
    return method_to_call(*args)
           ^^^^^^^^^^^^^^^^^^^^^
  File "C:\Users\e430287.SPI-GLOBAL\Documents\automate_testcases_mine\final_assertions\why_broken_flask_extra_brace.py", line 13, in assert_identifies_extra_brace
    formatted_prompt = evaluation_prompt.format(response)
                       ^^^^^^^^^^^^^^^^^^^^^^^^^^^^^^^^^^
ValueError: Single '}' encountered in format string
2025-07-20T18:40:34.549Z [ERROR]: Traceback (most recent call last):
  File "C:\Users\e430287.SPI-GLOBAL\AppData\Roaming\npm\node_modules\promptfoo\dist\src\python\wrapper.py", line 39, in <module>
    result = call_method(script_path, method_name, *data)
             ^^^^^^^^^^^^^^^^^^^^^^^^^^^^^^^^^^^^^^^^^^^^
  File "C:\Users\e430287.SPI-GLOBAL\AppData\Roaming\npm\node_modules\promptfoo\dist\src\python\wrapper.py", line 28, in call_method
    return method_to_call(*args)
           ^^^^^^^^^^^^^^^^^^^^^
  File "C:\Users\e430287.SPI-GLOBAL\Documents\automate_testcases_mine\final_assertions\why_broken_flask_extra_brace.py", line 13, in assert_identifies_extra_brace
    formatted_prompt = evaluation_prompt.format(response)
                       ^^^^^^^^^^^^^^^^^^^^^^^^^^^^^^^^^^
ValueError: Single '}' encountered in format string
2025-07-20T18:40:34.562Z [ERROR]: Error running Python script: ValueError: Single '}' encountered in format string
Stack Trace: Error: ValueError: Single '}' encountered in format string
    at PythonShell.parseError (C:\Users\e430287.SPI-GLOBAL\AppData\Roaming\npm\node_modules\promptfoo\node_modules\python-shell\index.js:303:21)
    at terminateIfNeeded (C:\Users\e430287.SPI-GLOBAL\AppData\Roaming\npm\node_modules\promptfoo\node_modules\python-shell\index.js:193:32)
    at ChildProcess.<anonymous> (C:\Users\e430287.SPI-GLOBAL\AppData\Roaming\npm\node_modules\promptfoo\node_modules\python-shell\index.js:185:13)
    at ChildProcess.emit (node:events:514:28)
    at ChildProcess._handle.onexit (node:internal/child_process:294:12)
    --Python Traceback: --
    File "C:\Users\e430287.SPI-GLOBAL\AppData\Roaming\npm\node_modules\promptfoo\dist\src\python\wrapper.py", line 39, in <module>
      result = call_method(script_path, method_name, *data)
               ^^^^^^^^^^^^^^^^^^^^^^^^^^^^^^^^^^^^^^^^^^^^
    File "C:\Users\e430287.SPI-GLOBAL\AppData\Roaming\npm\node_modules\promptfoo\dist\src\python\wrapper.py", line 28, in call_method
      return method_to_call(*args)
             ^^^^^^^^^^^^^^^^^^^^^
    File "C:\Users\e430287.SPI-GLOBAL\Documents\automate_testcases_mine\final_assertions\why_broken_flask_extra_brace.py", line 13, in assert_identifies_extra_brace
      formatted_prompt = evaluation_prompt.format(response)
                         ^^^^^^^^^^^^^^^^^^^^^^^^^^^^^^^^^^
2025-07-20T18:40:34.565Z [ERROR]: Error removing C:\Users\E43028~1.SPI\AppData\Local\Temp\3\promptfoo-python-output-json-1753036834115-89029f277f52b.json: Error: ENOENT: no such file or directory, unlink 'C:\Users\E43028~1.SPI\AppData\Local\Temp\3\promptfoo-python-output-json-1753036834115-89029f277f52b.json'
2025-07-20T18:40:34.626Z [ERROR]: Traceback (most recent call last):
  File "C:\Users\e430287.SPI-GLOBAL\AppData\Roaming\npm\node_modules\promptfoo\dist\src\python\wrapper.py", line 39, in <module>
    result = call_method(script_path, method_name, *data)
             ^^^^^^^^^^^^^^^^^^^^^^^^^^^^^^^^^^^^^^^^^^^^
  File "C:\Users\e430287.SPI-GLOBAL\AppData\Roaming\npm\node_modules\promptfoo\dist\src\python\wrapper.py", line 28, in call_method
    return method_to_call(*args)
           ^^^^^^^^^^^^^^^^^^^^^
  File "C:\Users\e430287.SPI-GLOBAL\Documents\automate_testcases_mine\final_assertions\why_broken_flask_extra_brace.py", line 13, in assert_identifies_extra_brace
    formatted_prompt = evaluation_prompt.format(response)
                       ^^^^^^^^^^^^^^^^^^^^^^^^^^^^^^^^^^
ValueError: Single '}' encountered in format string
2025-07-20T18:40:34.631Z [ERROR]: Error running Python script: ValueError: Single '}' encountered in format string
Stack Trace: Error: ValueError: Single '}' encountered in format string
    at PythonShell.parseError (C:\Users\e430287.SPI-GLOBAL\AppData\Roaming\npm\node_modules\promptfoo\node_modules\python-shell\index.js:303:21)
    at terminateIfNeeded (C:\Users\e430287.SPI-GLOBAL\AppData\Roaming\npm\node_modules\promptfoo\node_modules\python-shell\index.js:193:32)
    at ChildProcess.<anonymous> (C:\Users\e430287.SPI-GLOBAL\AppData\Roaming\npm\node_modules\promptfoo\node_modules\python-shell\index.js:185:13)
    at ChildProcess.emit (node:events:514:28)
    at ChildProcess._handle.onexit (node:internal/child_process:294:12)
    --Python Traceback: --
    File "C:\Users\e430287.SPI-GLOBAL\AppData\Roaming\npm\node_modules\promptfoo\dist\src\python\wrapper.py", line 39, in <module>
      result = call_method(script_path, method_name, *data)
               ^^^^^^^^^^^^^^^^^^^^^^^^^^^^^^^^^^^^^^^^^^^^
    File "C:\Users\e430287.SPI-GLOBAL\AppData\Roaming\npm\node_modules\promptfoo\dist\src\python\wrapper.py", line 28, in call_method
      return method_to_call(*args)
             ^^^^^^^^^^^^^^^^^^^^^
    File "C:\Users\e430287.SPI-GLOBAL\Documents\automate_testcases_mine\final_assertions\why_broken_flask_extra_brace.py", line 13, in assert_identifies_extra_brace
      formatted_prompt = evaluation_prompt.format(response)
                         ^^^^^^^^^^^^^^^^^^^^^^^^^^^^^^^^^^
2025-07-20T18:40:34.633Z [ERROR]: Error removing C:\Users\E43028~1.SPI\AppData\Local\Temp\3\promptfoo-python-output-json-1753036834143-5966e82e689fa.json: Error: ENOENT: no such file or directory, unlink 'C:\Users\E43028~1.SPI\AppData\Local\Temp\3\promptfoo-python-output-json-1753036834143-5966e82e689fa.json'
2025-07-20T18:40:34.649Z [ERROR]: Error running Python script: ValueError: Single '}' encountered in format string
Stack Trace: Error: ValueError: Single '}' encountered in format string
    at PythonShell.parseError (C:\Users\e430287.SPI-GLOBAL\AppData\Roaming\npm\node_modules\promptfoo\node_modules\python-shell\index.js:303:21)
    at terminateIfNeeded (C:\Users\e430287.SPI-GLOBAL\AppData\Roaming\npm\node_modules\promptfoo\node_modules\python-shell\index.js:193:32)
    at ChildProcess.<anonymous> (C:\Users\e430287.SPI-GLOBAL\AppData\Roaming\npm\node_modules\promptfoo\node_modules\python-shell\index.js:185:13)
    at ChildProcess.emit (node:events:514:28)
    at ChildProcess._handle.onexit (node:internal/child_process:294:12)
    --Python Traceback: --
    File "C:\Users\e430287.SPI-GLOBAL\AppData\Roaming\npm\node_modules\promptfoo\dist\src\python\wrapper.py", line 39, in <module>
      result = call_method(script_path, method_name, *data)
               ^^^^^^^^^^^^^^^^^^^^^^^^^^^^^^^^^^^^^^^^^^^^
    File "C:\Users\e430287.SPI-GLOBAL\AppData\Roaming\npm\node_modules\promptfoo\dist\src\python\wrapper.py", line 28, in call_method
      return method_to_call(*args)
             ^^^^^^^^^^^^^^^^^^^^^
    File "C:\Users\e430287.SPI-GLOBAL\Documents\automate_testcases_mine\final_assertions\why_broken_flask_extra_brace.py", line 13, in assert_identifies_extra_brace
      formatted_prompt = evaluation_prompt.format(response)
                         ^^^^^^^^^^^^^^^^^^^^^^^^^^^^^^^^^^
2025-07-20T18:40:34.651Z [ERROR]: Error removing C:\Users\E43028~1.SPI\AppData\Local\Temp\3\promptfoo-python-output-json-1753036834159-2b858db89eac7.json: Error: ENOENT: no such file or directory, unlink 'C:\Users\E43028~1.SPI\AppData\Local\Temp\3\promptfoo-python-output-json-1753036834159-2b858db89eac7.json'
2025-07-20T18:40:34.672Z [ERROR]: Error running Python script: ValueError: Single '}' encountered in format string
Stack Trace: Error: ValueError: Single '}' encountered in format string
    at PythonShell.parseError (C:\Users\e430287.SPI-GLOBAL\AppData\Roaming\npm\node_modules\promptfoo\node_modules\python-shell\index.js:303:21)
    at terminateIfNeeded (C:\Users\e430287.SPI-GLOBAL\AppData\Roaming\npm\node_modules\promptfoo\node_modules\python-shell\index.js:193:32)
    at ChildProcess.<anonymous> (C:\Users\e430287.SPI-GLOBAL\AppData\Roaming\npm\node_modules\promptfoo\node_modules\python-shell\index.js:185:13)
    at ChildProcess.emit (node:events:514:28)
    at ChildProcess._handle.onexit (node:internal/child_process:294:12)
    --Python Traceback: --
    File "C:\Users\e430287.SPI-GLOBAL\AppData\Roaming\npm\node_modules\promptfoo\dist\src\python\wrapper.py", line 39, in <module>
      result = call_method(script_path, method_name, *data)
               ^^^^^^^^^^^^^^^^^^^^^^^^^^^^^^^^^^^^^^^^^^^^
    File "C:\Users\e430287.SPI-GLOBAL\AppData\Roaming\npm\node_modules\promptfoo\dist\src\python\wrapper.py", line 28, in call_method
      return method_to_call(*args)
             ^^^^^^^^^^^^^^^^^^^^^
    File "C:\Users\e430287.SPI-GLOBAL\Documents\automate_testcases_mine\final_assertions\why_broken_flask_extra_brace.py", line 13, in assert_identifies_extra_brace
      formatted_prompt = evaluation_prompt.format(response)
                         ^^^^^^^^^^^^^^^^^^^^^^^^^^^^^^^^^^
2025-07-20T18:40:34.673Z [ERROR]: Error removing C:\Users\E43028~1.SPI\AppData\Local\Temp\3\promptfoo-python-output-json-1753036834181-42e16a71ed36f.json: Error: ENOENT: no such file or directory, unlink 'C:\Users\E43028~1.SPI\AppData\Local\Temp\3\promptfoo-python-output-json-1753036834181-42e16a71ed36f.json'
2025-07-20T18:40:35.219Z [ERROR]: Traceback (most recent call last):
  File "C:\Users\e430287.SPI-GLOBAL\AppData\Roaming\npm\node_modules\promptfoo\dist\src\python\wrapper.py", line 39, in <module>
    result = call_method(script_path, method_name, *data)
             ^^^^^^^^^^^^^^^^^^^^^^^^^^^^^^^^^^^^^^^^^^^^
  File "C:\Users\e430287.SPI-GLOBAL\AppData\Roaming\npm\node_modules\promptfoo\dist\src\python\wrapper.py", line 28, in call_method
    return method_to_call(*args)
           ^^^^^^^^^^^^^^^^^^^^^
  File "C:\Users\e430287.SPI-GLOBAL\Documents\automate_testcases_mine\final_assertions\why_broken_flask_extra_brace.py", line 13, in assert_identifies_extra_brace
    formatted_prompt = evaluation_prompt.format(response)
                       ^^^^^^^^^^^^^^^^^^^^^^^^^^^^^^^^^^
ValueError: Single '}' encountered in format string
2025-07-20T18:40:35.257Z [ERROR]: Error running Python script: ValueError: Single '}' encountered in format string
Stack Trace: Error: ValueError: Single '}' encountered in format string
    at PythonShell.parseError (C:\Users\e430287.SPI-GLOBAL\AppData\Roaming\npm\node_modules\promptfoo\node_modules\python-shell\index.js:303:21)
    at terminateIfNeeded (C:\Users\e430287.SPI-GLOBAL\AppData\Roaming\npm\node_modules\promptfoo\node_modules\python-shell\index.js:193:32)
    at ChildProcess.<anonymous> (C:\Users\e430287.SPI-GLOBAL\AppData\Roaming\npm\node_modules\promptfoo\node_modules\python-shell\index.js:185:13)
    at ChildProcess.emit (node:events:514:28)
    at ChildProcess._handle.onexit (node:internal/child_process:294:12)
    --Python Traceback: --
    File "C:\Users\e430287.SPI-GLOBAL\AppData\Roaming\npm\node_modules\promptfoo\dist\src\python\wrapper.py", line 39, in <module>
      result = call_method(script_path, method_name, *data)
               ^^^^^^^^^^^^^^^^^^^^^^^^^^^^^^^^^^^^^^^^^^^^
    File "C:\Users\e430287.SPI-GLOBAL\AppData\Roaming\npm\node_modules\promptfoo\dist\src\python\wrapper.py", line 28, in call_method
      return method_to_call(*args)
             ^^^^^^^^^^^^^^^^^^^^^
    File "C:\Users\e430287.SPI-GLOBAL\Documents\automate_testcases_mine\final_assertions\why_broken_flask_extra_brace.py", line 13, in assert_identifies_extra_brace
      formatted_prompt = evaluation_prompt.format(response)
                         ^^^^^^^^^^^^^^^^^^^^^^^^^^^^^^^^^^
2025-07-20T18:40:35.259Z [ERROR]: Error removing C:\Users\E43028~1.SPI\AppData\Local\Temp\3\promptfoo-python-output-json-1753036834977-700cf281231cc.json: Error: ENOENT: no such file or directory, unlink 'C:\Users\E43028~1.SPI\AppData\Local\Temp\3\promptfoo-python-output-json-1753036834977-700cf281231cc.json'
2025-07-20T18:53:13.787Z [ERROR]: Traceback (most recent call last):
  File "C:\Users\e430287.SPI-GLOBAL\AppData\Roaming\npm\node_modules\promptfoo\dist\src\python\wrapper.py", line 39, in <module>
    result = call_method(script_path, method_name, *data)
             ^^^^^^^^^^^^^^^^^^^^^^^^^^^^^^^^^^^^^^^^^^^^
  File "C:\Users\e430287.SPI-GLOBAL\AppData\Roaming\npm\node_modules\promptfoo\dist\src\python\wrapper.py", line 28, in call_method
    return method_to_call(*args)
           ^^^^^^^^^^^^^^^^^^^^^
  File "C:\Users\e430287.SPI-GLOBAL\Documents\automate_testcases_mine\final_assertions\why_broken_flask_extra_brace.py", line 15, in assert_identifies_extra_brace
    formatted_prompt = evaluation_prompt.format(response)
                       ^^^^^^^^^^^^^^^^^^^^^^^^^^^^^^^^^^
ValueError: Single '}' encountered in format string
2025-07-20T18:53:13.812Z [ERROR]: Error running Python script: ValueError: Single '}' encountered in format string
Stack Trace: Error: ValueError: Single '}' encountered in format string
    at PythonShell.parseError (C:\Users\e430287.SPI-GLOBAL\AppData\Roaming\npm\node_modules\promptfoo\node_modules\python-shell\index.js:303:21)
    at terminateIfNeeded (C:\Users\e430287.SPI-GLOBAL\AppData\Roaming\npm\node_modules\promptfoo\node_modules\python-shell\index.js:193:32)
    at ChildProcess.<anonymous> (C:\Users\e430287.SPI-GLOBAL\AppData\Roaming\npm\node_modules\promptfoo\node_modules\python-shell\index.js:185:13)
    at ChildProcess.emit (node:events:514:28)
    at ChildProcess._handle.onexit (node:internal/child_process:294:12)
    --Python Traceback: --
    File "C:\Users\e430287.SPI-GLOBAL\AppData\Roaming\npm\node_modules\promptfoo\dist\src\python\wrapper.py", line 39, in <module>
      result = call_method(script_path, method_name, *data)
               ^^^^^^^^^^^^^^^^^^^^^^^^^^^^^^^^^^^^^^^^^^^^
    File "C:\Users\e430287.SPI-GLOBAL\AppData\Roaming\npm\node_modules\promptfoo\dist\src\python\wrapper.py", line 28, in call_method
      return method_to_call(*args)
             ^^^^^^^^^^^^^^^^^^^^^
    File "C:\Users\e430287.SPI-GLOBAL\Documents\automate_testcases_mine\final_assertions\why_broken_flask_extra_brace.py", line 15, in assert_identifies_extra_brace
      formatted_prompt = evaluation_prompt.format(response)
                         ^^^^^^^^^^^^^^^^^^^^^^^^^^^^^^^^^^
2025-07-20T18:53:13.814Z [ERROR]: Error removing C:\Users\E43028~1.SPI\AppData\Local\Temp\3\promptfoo-python-output-json-1753037593414-1ab5d1bde8529.json: Error: ENOENT: no such file or directory, unlink 'C:\Users\E43028~1.SPI\AppData\Local\Temp\3\promptfoo-python-output-json-1753037593414-1ab5d1bde8529.json'
2025-07-20T18:53:15.009Z [ERROR]: Traceback (most recent call last):
  File "C:\Users\e430287.SPI-GLOBAL\AppData\Roaming\npm\node_modules\promptfoo\dist\src\python\wrapper.py", line 39, in <module>
    result = call_method(script_path, method_name, *data)
             ^^^^^^^^^^^^^^^^^^^^^^^^^^^^^^^^^^^^^^^^^^^^
  File "C:\Users\e430287.SPI-GLOBAL\AppData\Roaming\npm\node_modules\promptfoo\dist\src\python\wrapper.py", line 28, in call_method
    return method_to_call(*args)
           ^^^^^^^^^^^^^^^^^^^^^
  File "C:\Users\e430287.SPI-GLOBAL\Documents\automate_testcases_mine\final_assertions\why_broken_flask_extra_brace.py", line 15, in assert_identifies_extra_brace
    formatted_prompt = evaluation_prompt.format(response)
                       ^^^^^^^^^^^^^^^^^^^^^^^^^^^^^^^^^^
ValueError: Single '}' encountered in format string
2025-07-20T18:53:15.037Z [ERROR]: Error running Python script: ValueError: Single '}' encountered in format string
Stack Trace: Error: ValueError: Single '}' encountered in format string
    at PythonShell.parseError (C:\Users\e430287.SPI-GLOBAL\AppData\Roaming\npm\node_modules\promptfoo\node_modules\python-shell\index.js:303:21)
    at terminateIfNeeded (C:\Users\e430287.SPI-GLOBAL\AppData\Roaming\npm\node_modules\promptfoo\node_modules\python-shell\index.js:193:32)
    at ChildProcess.<anonymous> (C:\Users\e430287.SPI-GLOBAL\AppData\Roaming\npm\node_modules\promptfoo\node_modules\python-shell\index.js:185:13)
    at ChildProcess.emit (node:events:514:28)
    at ChildProcess._handle.onexit (node:internal/child_process:294:12)
    --Python Traceback: --
    File "C:\Users\e430287.SPI-GLOBAL\AppData\Roaming\npm\node_modules\promptfoo\dist\src\python\wrapper.py", line 39, in <module>
      result = call_method(script_path, method_name, *data)
               ^^^^^^^^^^^^^^^^^^^^^^^^^^^^^^^^^^^^^^^^^^^^
    File "C:\Users\e430287.SPI-GLOBAL\AppData\Roaming\npm\node_modules\promptfoo\dist\src\python\wrapper.py", line 28, in call_method
      return method_to_call(*args)
             ^^^^^^^^^^^^^^^^^^^^^
    File "C:\Users\e430287.SPI-GLOBAL\Documents\automate_testcases_mine\final_assertions\why_broken_flask_extra_brace.py", line 15, in assert_identifies_extra_brace
      formatted_prompt = evaluation_prompt.format(response)
                         ^^^^^^^^^^^^^^^^^^^^^^^^^^^^^^^^^^
2025-07-20T18:53:15.039Z [ERROR]: Error removing C:\Users\E43028~1.SPI\AppData\Local\Temp\3\promptfoo-python-output-json-1753037594759-e6f80af9dd4ae.json: Error: ENOENT: no such file or directory, unlink 'C:\Users\E43028~1.SPI\AppData\Local\Temp\3\promptfoo-python-output-json-1753037594759-e6f80af9dd4ae.json'
2025-07-20T18:53:18.973Z [ERROR]: Traceback (most recent call last):
  File "C:\Users\e430287.SPI-GLOBAL\AppData\Roaming\npm\node_modules\promptfoo\dist\src\python\wrapper.py", line 39, in <module>
    result = call_method(script_path, method_name, *data)
             ^^^^^^^^^^^^^^^^^^^^^^^^^^^^^^^^^^^^^^^^^^^^
  File "C:\Users\e430287.SPI-GLOBAL\AppData\Roaming\npm\node_modules\promptfoo\dist\src\python\wrapper.py", line 28, in call_method
    return method_to_call(*args)
           ^^^^^^^^^^^^^^^^^^^^^
  File "C:\Users\e430287.SPI-GLOBAL\Documents\automate_testcases_mine\final_assertions\why_broken_flask_extra_brace.py", line 15, in assert_identifies_extra_brace
    formatted_prompt = evaluation_prompt.format(response)
                       ^^^^^^^^^^^^^^^^^^^^^^^^^^^^^^^^^^
ValueError: Single '}' encountered in format string
2025-07-20T18:53:19.010Z [ERROR]: Error running Python script: ValueError: Single '}' encountered in format string
Stack Trace: Error: ValueError: Single '}' encountered in format string
    at PythonShell.parseError (C:\Users\e430287.SPI-GLOBAL\AppData\Roaming\npm\node_modules\promptfoo\node_modules\python-shell\index.js:303:21)
    at terminateIfNeeded (C:\Users\e430287.SPI-GLOBAL\AppData\Roaming\npm\node_modules\promptfoo\node_modules\python-shell\index.js:193:32)
    at ChildProcess.<anonymous> (C:\Users\e430287.SPI-GLOBAL\AppData\Roaming\npm\node_modules\promptfoo\node_modules\python-shell\index.js:185:13)
    at ChildProcess.emit (node:events:514:28)
    at ChildProcess._handle.onexit (node:internal/child_process:294:12)
    --Python Traceback: --
    File "C:\Users\e430287.SPI-GLOBAL\AppData\Roaming\npm\node_modules\promptfoo\dist\src\python\wrapper.py", line 39, in <module>
      result = call_method(script_path, method_name, *data)
               ^^^^^^^^^^^^^^^^^^^^^^^^^^^^^^^^^^^^^^^^^^^^
    File "C:\Users\e430287.SPI-GLOBAL\AppData\Roaming\npm\node_modules\promptfoo\dist\src\python\wrapper.py", line 28, in call_method
      return method_to_call(*args)
             ^^^^^^^^^^^^^^^^^^^^^
    File "C:\Users\e430287.SPI-GLOBAL\Documents\automate_testcases_mine\final_assertions\why_broken_flask_extra_brace.py", line 15, in assert_identifies_extra_brace
      formatted_prompt = evaluation_prompt.format(response)
                         ^^^^^^^^^^^^^^^^^^^^^^^^^^^^^^^^^^
2025-07-20T18:53:19.012Z [ERROR]: Error removing C:\Users\E43028~1.SPI\AppData\Local\Temp\3\promptfoo-python-output-json-1753037598727-ca7514cf6da53.json: Error: ENOENT: no such file or directory, unlink 'C:\Users\E43028~1.SPI\AppData\Local\Temp\3\promptfoo-python-output-json-1753037598727-ca7514cf6da53.json'
2025-07-20T18:53:20.012Z [ERROR]: Traceback (most recent call last):
  File "C:\Users\e430287.SPI-GLOBAL\AppData\Roaming\npm\node_modules\promptfoo\dist\src\python\wrapper.py", line 39, in <module>
    result = call_method(script_path, method_name, *data)
             ^^^^^^^^^^^^^^^^^^^^^^^^^^^^^^^^^^^^^^^^^^^^
  File "C:\Users\e430287.SPI-GLOBAL\AppData\Roaming\npm\node_modules\promptfoo\dist\src\python\wrapper.py", line 28, in call_method
    return method_to_call(*args)
           ^^^^^^^^^^^^^^^^^^^^^
  File "C:\Users\e430287.SPI-GLOBAL\Documents\automate_testcases_mine\final_assertions\why_broken_flask_extra_brace.py", line 15, in assert_identifies_extra_brace
    formatted_prompt = evaluation_prompt.format(response)
                       ^^^^^^^^^^^^^^^^^^^^^^^^^^^^^^^^^^
ValueError: Single '}' encountered in format string
2025-07-20T18:53:20.045Z [ERROR]: Error running Python script: ValueError: Single '}' encountered in format string
Stack Trace: Error: ValueError: Single '}' encountered in format string
    at PythonShell.parseError (C:\Users\e430287.SPI-GLOBAL\AppData\Roaming\npm\node_modules\promptfoo\node_modules\python-shell\index.js:303:21)
    at terminateIfNeeded (C:\Users\e430287.SPI-GLOBAL\AppData\Roaming\npm\node_modules\promptfoo\node_modules\python-shell\index.js:193:32)
    at ChildProcess.<anonymous> (C:\Users\e430287.SPI-GLOBAL\AppData\Roaming\npm\node_modules\promptfoo\node_modules\python-shell\index.js:185:13)
    at ChildProcess.emit (node:events:514:28)
    at ChildProcess._handle.onexit (node:internal/child_process:294:12)
    --Python Traceback: --
    File "C:\Users\e430287.SPI-GLOBAL\AppData\Roaming\npm\node_modules\promptfoo\dist\src\python\wrapper.py", line 39, in <module>
      result = call_method(script_path, method_name, *data)
               ^^^^^^^^^^^^^^^^^^^^^^^^^^^^^^^^^^^^^^^^^^^^
    File "C:\Users\e430287.SPI-GLOBAL\AppData\Roaming\npm\node_modules\promptfoo\dist\src\python\wrapper.py", line 28, in call_method
      return method_to_call(*args)
             ^^^^^^^^^^^^^^^^^^^^^
    File "C:\Users\e430287.SPI-GLOBAL\Documents\automate_testcases_mine\final_assertions\why_broken_flask_extra_brace.py", line 15, in assert_identifies_extra_brace
      formatted_prompt = evaluation_prompt.format(response)
                         ^^^^^^^^^^^^^^^^^^^^^^^^^^^^^^^^^^
2025-07-20T18:53:20.047Z [ERROR]: Error removing C:\Users\E43028~1.SPI\AppData\Local\Temp\3\promptfoo-python-output-json-1753037599758-0d4c1a35d9d74.json: Error: ENOENT: no such file or directory, unlink 'C:\Users\E43028~1.SPI\AppData\Local\Temp\3\promptfoo-python-output-json-1753037599758-0d4c1a35d9d74.json'
2025-07-20T18:53:27.044Z [ERROR]: Traceback (most recent call last):
  File "C:\Users\e430287.SPI-GLOBAL\AppData\Roaming\npm\node_modules\promptfoo\dist\src\python\wrapper.py", line 39, in <module>
    result = call_method(script_path, method_name, *data)
             ^^^^^^^^^^^^^^^^^^^^^^^^^^^^^^^^^^^^^^^^^^^^
  File "C:\Users\e430287.SPI-GLOBAL\AppData\Roaming\npm\node_modules\promptfoo\dist\src\python\wrapper.py", line 28, in call_method
    return method_to_call(*args)
           ^^^^^^^^^^^^^^^^^^^^^
  File "C:\Users\e430287.SPI-GLOBAL\Documents\automate_testcases_mine\final_assertions\why_broken_flask_extra_brace.py", line 15, in assert_identifies_extra_brace
    formatted_prompt = evaluation_prompt.format(response)
                       ^^^^^^^^^^^^^^^^^^^^^^^^^^^^^^^^^^
ValueError: Single '}' encountered in format string
2025-07-20T18:53:27.073Z [ERROR]: Error running Python script: ValueError: Single '}' encountered in format string
Stack Trace: Error: ValueError: Single '}' encountered in format string
    at PythonShell.parseError (C:\Users\e430287.SPI-GLOBAL\AppData\Roaming\npm\node_modules\promptfoo\node_modules\python-shell\index.js:303:21)
    at terminateIfNeeded (C:\Users\e430287.SPI-GLOBAL\AppData\Roaming\npm\node_modules\promptfoo\node_modules\python-shell\index.js:193:32)
    at ChildProcess.<anonymous> (C:\Users\e430287.SPI-GLOBAL\AppData\Roaming\npm\node_modules\promptfoo\node_modules\python-shell\index.js:185:13)
    at ChildProcess.emit (node:events:514:28)
    at ChildProcess._handle.onexit (node:internal/child_process:294:12)
    --Python Traceback: --
    File "C:\Users\e430287.SPI-GLOBAL\AppData\Roaming\npm\node_modules\promptfoo\dist\src\python\wrapper.py", line 39, in <module>
      result = call_method(script_path, method_name, *data)
               ^^^^^^^^^^^^^^^^^^^^^^^^^^^^^^^^^^^^^^^^^^^^
    File "C:\Users\e430287.SPI-GLOBAL\AppData\Roaming\npm\node_modules\promptfoo\dist\src\python\wrapper.py", line 28, in call_method
      return method_to_call(*args)
             ^^^^^^^^^^^^^^^^^^^^^
    File "C:\Users\e430287.SPI-GLOBAL\Documents\automate_testcases_mine\final_assertions\why_broken_flask_extra_brace.py", line 15, in assert_identifies_extra_brace
      formatted_prompt = evaluation_prompt.format(response)
                         ^^^^^^^^^^^^^^^^^^^^^^^^^^^^^^^^^^
2025-07-20T18:53:27.075Z [ERROR]: Error removing C:\Users\E43028~1.SPI\AppData\Local\Temp\3\promptfoo-python-output-json-1753037606802-dc626e47f5df8.json: Error: ENOENT: no such file or directory, unlink 'C:\Users\E43028~1.SPI\AppData\Local\Temp\3\promptfoo-python-output-json-1753037606802-dc626e47f5df8.json'
2025-07-22T20:40:39.318Z [ERROR]: API call error: Error: Error parsing response as JSON: <!DOCTYPE html>
<html lang="en">

<head>
  <title>LLM Foundry is down</title>
  <meta charset="UTF-8">
  <meta name="viewport" content="width=device-width, initial-scale=1.0">
  <meta http-equiv="Cache-Control" content="no-cache, no-store, must-revalidate">
  <meta http-equiv="Pragma" content="no-cache">
  <meta http-equiv="Expires" content="0">
  <link rel="icon" href="favicon.svg">
  <link href="https://cdn.jsdelivr.net/npm/bootstrap@5.3/dist/css/bootstrap.min.css" rel="stylesheet" crossorigin="anonymous">
  <link rel="stylesheet" href="https://cdn.jsdelivr.net/npm/bootstrap-icons@1/font/bootstrap-icons.min.css" crossorigin="anonymous">
  <script>
    setTimeout(() => location.reload(), 30000);
  </script>
</head>

<body>
  <div class="position-relative overflow-hidden p-3 p-md-5 m-md-3 text-center bg-body-tertiary">
    <div class="col-md-6 p-lg-5 mx-auto my-5">
      <h1 class="display-3 fw-bold">LLM Foundry is down</h1>
      <div class="mt-5 fs-5">It might be re-starting. That takes about 60 seconds.</div>
      <div class="mt-5 fs-5">Contact <a href="mailto:servicedesk@straive.com" class="text-monospace fw-bold">servicedesk@straive.com</a> if it's down for more than 60 seconds.</div>
    </div>
    <div class="product-device shadow-sm d-none d-md-block"></div>
    <div class="product-device product-device-2 shadow-sm d-none d-md-block"></div>
  </div>

  <footer class="my-5 vh-100 d-flex align-items-center justify-content-center">
    <h1 class="display-4">Designed by <a href="https://gramener.com/" ping="log/click" class="text-reset link-offset-3 link-underline link-underline-opacity-25">Gramener</a></h1>
  </footer>
</body>

</html>

2025-07-24T11:16:59.657Z [ERROR]: Traceback (most recent call last):
  File "C:\Users\e430287.SPI-GLOBAL\AppData\Roaming\npm\node_modules\promptfoo\dist\src\python\wrapper.py", line 39, in <module>
    result = call_method(script_path, method_name, *data)
             ^^^^^^^^^^^^^^^^^^^^^^^^^^^^^^^^^^^^^^^^^^^^
  File "C:\Users\e430287.SPI-GLOBAL\AppData\Roaming\npm\node_modules\promptfoo\dist\src\python\wrapper.py", line 28, in call_method
    return method_to_call(*args)
           ^^^^^^^^^^^^^^^^^^^^^
  File "C:\Users\e430287.SPI-GLOBAL\Documents\automate_testcases_mine\final_assertions\program_pipes_cpp.py", line 84, in check_cpp_dataflow_dsl
    output = run_cpp_code(extracted_code, test_case)
             ^^^^^^^^^^^^^^^^^^^^^^^^^^^^^^^^^^^^^^^
  File "C:\Users\e430287.SPI-GLOBAL\Documents\automate_testcases_mine\final_assertions\program_pipes_cpp.py", line 42, in run_cpp_code
    f.write(full_code)
  File "C:\Users\e430287.SPI-GLOBAL\AppData\Local\Programs\Python\Python311\Lib\encodings\cp1252.py", line 19, in encode
2025-07-24T11:16:59.660Z [ERROR]: return codecs.charmap_encode(input,self.errors,encoding_table)[0]
           ^^^^^^^^^^^^^^^^^^^^^^^^^^^^^^^^^^^^^^^^^^^^^^^^^^^^^^^
UnicodeEncodeError: 'charmap' codec can't encode characters in position 282-283: character maps to <undefined>
2025-07-24T11:16:59.664Z [ERROR]: Error running Python script: UnicodeEncodeError: 'charmap' codec can't encode characters in position 282-283: character maps to <undefined>
Stack Trace: Error: UnicodeEncodeError: 'charmap' codec can't encode characters in position 282-283: character maps to <undefined>
    at PythonShell.parseError (C:\Users\e430287.SPI-GLOBAL\AppData\Roaming\npm\node_modules\promptfoo\node_modules\python-shell\index.js:303:21)
    at terminateIfNeeded (C:\Users\e430287.SPI-GLOBAL\AppData\Roaming\npm\node_modules\promptfoo\node_modules\python-shell\index.js:193:32)
    at ChildProcess.<anonymous> (C:\Users\e430287.SPI-GLOBAL\AppData\Roaming\npm\node_modules\promptfoo\node_modules\python-shell\index.js:185:13)
    at ChildProcess.emit (node:events:514:28)
    at ChildProcess._handle.onexit (node:internal/child_process:294:12)
    --Python Traceback: --
    File "C:\Users\e430287.SPI-GLOBAL\AppData\Roaming\npm\node_modules\promptfoo\dist\src\python\wrapper.py", line 39, in <module>
      result = call_method(script_path, method_name, *data)
               ^^^^^^^^^^^^^^^^^^^^^^^^^^^^^^^^^^^^^^^^^^^^
    File "C:\Users\e430287.SPI-GLOBAL\AppData\Roaming\npm\node_modules\promptfoo\dist\src\python\wrapper.py", line 28, in call_method
      return method_to_call(*args)
             ^^^^^^^^^^^^^^^^^^^^^
    File "C:\Users\e430287.SPI-GLOBAL\Documents\automate_testcases_mine\final_assertions\program_pipes_cpp.py", line 84, in check_cpp_dataflow_dsl
      output = run_cpp_code(extracted_code, test_case)
               ^^^^^^^^^^^^^^^^^^^^^^^^^^^^^^^^^^^^^^^
    File "C:\Users\e430287.SPI-GLOBAL\Documents\automate_testcases_mine\final_assertions\program_pipes_cpp.py", line 42, in run_cpp_code
      f.write(full_code)
    File "C:\Users\e430287.SPI-GLOBAL\AppData\Local\Programs\Python\Python311\Lib\encodings\cp1252.py", line 19, in encode
      return codecs.charmap_encode(input,self.errors,encoding_table)[0]
             ^^^^^^^^^^^^^^^^^^^^^^^^^^^^^^^^^^^^^^^^^^^^^^^^^^^^^^^
2025-07-24T11:16:59.665Z [ERROR]: Error removing C:\Users\E43028~1.SPI\AppData\Local\Temp\3\promptfoo-python-output-json-1753355819472-a26963129629.json: Error: ENOENT: no such file or directory, unlink 'C:\Users\E43028~1.SPI\AppData\Local\Temp\3\promptfoo-python-output-json-1753355819472-a26963129629.json'
2025-07-24T11:17:00.248Z [ERROR]: Traceback (most recent call last):
  File "C:\Users\e430287.SPI-GLOBAL\AppData\Roaming\npm\node_modules\promptfoo\dist\src\python\wrapper.py", line 39, in <module>
    result = call_method(script_path, method_name, *data)
             ^^^^^^^^^^^^^^^^^^^^^^^^^^^^^^^^^^^^^^^^^^^^
  File "C:\Users\e430287.SPI-GLOBAL\AppData\Roaming\npm\node_modules\promptfoo\dist\src\python\wrapper.py", line 28, in call_method
    return method_to_call(*args)
           ^^^^^^^^^^^^^^^^^^^^^
  File "C:\Users\e430287.SPI-GLOBAL\Documents\automate_testcases_mine\final_assertions\program_pipes_cpp.py", line 84, in check_cpp_dataflow_dsl
    output = run_cpp_code(extracted_code, test_case)
             ^^^^^^^^^^^^^^^^^^^^^^^^^^^^^^^^^^^^^^^
  File "C:\Users\e430287.SPI-GLOBAL\Documents\automate_testcases_mine\final_assertions\program_pipes_cpp.py", line 42, in run_cpp_code
    f.write(full_code)
  File "C:\Users\e430287.SPI-GLOBAL\AppData\Local\Programs\Python\Python311\Lib\encodings\cp1252.py", line 19, in encode
    return codecs.charmap_encode(input,self.errors,encoding_table)[0]
           ^^^^^^^^^^^^^^^^^^^^^^^^^^^^^^^^^^^^^^^^^^^^^^^^^^^^^^^
UnicodeEncodeError: 'charmap' codec can't encode characters in position 282-283: character maps to <undefined>
2025-07-24T11:17:00.274Z [ERROR]: Error running Python script: UnicodeEncodeError: 'charmap' codec can't encode characters in position 282-283: character maps to <undefined>
Stack Trace: Error: UnicodeEncodeError: 'charmap' codec can't encode characters in position 282-283: character maps to <undefined>
    at PythonShell.parseError (C:\Users\e430287.SPI-GLOBAL\AppData\Roaming\npm\node_modules\promptfoo\node_modules\python-shell\index.js:303:21)
    at terminateIfNeeded (C:\Users\e430287.SPI-GLOBAL\AppData\Roaming\npm\node_modules\promptfoo\node_modules\python-shell\index.js:193:32)
    at ChildProcess.<anonymous> (C:\Users\e430287.SPI-GLOBAL\AppData\Roaming\npm\node_modules\promptfoo\node_modules\python-shell\index.js:185:13)
    at ChildProcess.emit (node:events:514:28)
    at ChildProcess._handle.onexit (node:internal/child_process:294:12)
    --Python Traceback: --
    File "C:\Users\e430287.SPI-GLOBAL\AppData\Roaming\npm\node_modules\promptfoo\dist\src\python\wrapper.py", line 39, in <module>
      result = call_method(script_path, method_name, *data)
               ^^^^^^^^^^^^^^^^^^^^^^^^^^^^^^^^^^^^^^^^^^^^
    File "C:\Users\e430287.SPI-GLOBAL\AppData\Roaming\npm\node_modules\promptfoo\dist\src\python\wrapper.py", line 28, in call_method
      return method_to_call(*args)
             ^^^^^^^^^^^^^^^^^^^^^
    File "C:\Users\e430287.SPI-GLOBAL\Documents\automate_testcases_mine\final_assertions\program_pipes_cpp.py", line 84, in check_cpp_dataflow_dsl
      output = run_cpp_code(extracted_code, test_case)
               ^^^^^^^^^^^^^^^^^^^^^^^^^^^^^^^^^^^^^^^
    File "C:\Users\e430287.SPI-GLOBAL\Documents\automate_testcases_mine\final_assertions\program_pipes_cpp.py", line 42, in run_cpp_code
      f.write(full_code)
    File "C:\Users\e430287.SPI-GLOBAL\AppData\Local\Programs\Python\Python311\Lib\encodings\cp1252.py", line 19, in encode
      return codecs.charmap_encode(input,self.errors,encoding_table)[0]
             ^^^^^^^^^^^^^^^^^^^^^^^^^^^^^^^^^^^^^^^^^^^^^^^^^^^^^^^
2025-07-24T11:17:00.275Z [ERROR]: Error removing C:\Users\E43028~1.SPI\AppData\Local\Temp\3\promptfoo-python-output-json-1753355820071-e87c7fb1c9237.json: Error: ENOENT: no such file or directory, unlink 'C:\Users\E43028~1.SPI\AppData\Local\Temp\3\promptfoo-python-output-json-1753355820071-e87c7fb1c9237.json'
2025-07-24T11:17:04.231Z [ERROR]: Traceback (most recent call last):
  File "C:\Users\e430287.SPI-GLOBAL\AppData\Roaming\npm\node_modules\promptfoo\dist\src\python\wrapper.py", line 39, in <module>
    result = call_method(script_path, method_name, *data)
             ^^^^^^^^^^^^^^^^^^^^^^^^^^^^^^^^^^^^^^^^^^^^
  File "C:\Users\e430287.SPI-GLOBAL\AppData\Roaming\npm\node_modules\promptfoo\dist\src\python\wrapper.py", line 28, in call_method
    return method_to_call(*args)
           ^^^^^^^^^^^^^^^^^^^^^
  File "C:\Users\e430287.SPI-GLOBAL\Documents\automate_testcases_mine\final_assertions\program_pipes_cpp.py", line 84, in check_cpp_dataflow_dsl
    output = run_cpp_code(extracted_code, test_case)
             ^^^^^^^^^^^^^^^^^^^^^^^^^^^^^^^^^^^^^^^
  File "C:\Users\e430287.SPI-GLOBAL\Documents\automate_testcases_mine\final_assertions\program_pipes_cpp.py", line 42, in run_cpp_code
    f.write(full_code)
  File "C:\Users\e430287.SPI-GLOBAL\AppData\Local\Programs\Python\Python311\Lib\encodings\cp1252.py", line 19, in encode
    return codecs.charmap_encode(input,self.errors,encoding_table)[0]
           ^^^^^^^^^^^^^^^^^^^^^^^^^^^^^^^^^^^^^^^^^^^^^^^^^^^^^^^
UnicodeEncodeError: 'charmap' codec can't encode character '\u2010' in position 177: character maps to <undefined>
2025-07-24T11:17:04.245Z [ERROR]: Error running Python script: UnicodeEncodeError: 'charmap' codec can't encode character '\u2010' in position 177: character maps to <undefined>
Stack Trace: Error: UnicodeEncodeError: 'charmap' codec can't encode character '\u2010' in position 177: character maps to <undefined>
    at PythonShell.parseError (C:\Users\e430287.SPI-GLOBAL\AppData\Roaming\npm\node_modules\promptfoo\node_modules\python-shell\index.js:303:21)
    at terminateIfNeeded (C:\Users\e430287.SPI-GLOBAL\AppData\Roaming\npm\node_modules\promptfoo\node_modules\python-shell\index.js:193:32)
    at ChildProcess.<anonymous> (C:\Users\e430287.SPI-GLOBAL\AppData\Roaming\npm\node_modules\promptfoo\node_modules\python-shell\index.js:185:13)
    at ChildProcess.emit (node:events:514:28)
    at ChildProcess._handle.onexit (node:internal/child_process:294:12)
    --Python Traceback: --
    File "C:\Users\e430287.SPI-GLOBAL\AppData\Roaming\npm\node_modules\promptfoo\dist\src\python\wrapper.py", line 39, in <module>
      result = call_method(script_path, method_name, *data)
               ^^^^^^^^^^^^^^^^^^^^^^^^^^^^^^^^^^^^^^^^^^^^
    File "C:\Users\e430287.SPI-GLOBAL\AppData\Roaming\npm\node_modules\promptfoo\dist\src\python\wrapper.py", line 28, in call_method
      return method_to_call(*args)
             ^^^^^^^^^^^^^^^^^^^^^
    File "C:\Users\e430287.SPI-GLOBAL\Documents\automate_testcases_mine\final_assertions\program_pipes_cpp.py", line 84, in check_cpp_dataflow_dsl
      output = run_cpp_code(extracted_code, test_case)
               ^^^^^^^^^^^^^^^^^^^^^^^^^^^^^^^^^^^^^^^
    File "C:\Users\e430287.SPI-GLOBAL\Documents\automate_testcases_mine\final_assertions\program_pipes_cpp.py", line 42, in run_cpp_code
      f.write(full_code)
    File "C:\Users\e430287.SPI-GLOBAL\AppData\Local\Programs\Python\Python311\Lib\encodings\cp1252.py", line 19, in encode
      return codecs.charmap_encode(input,self.errors,encoding_table)[0]
             ^^^^^^^^^^^^^^^^^^^^^^^^^^^^^^^^^^^^^^^^^^^^^^^^^^^^^^^
2025-07-24T11:17:04.246Z [ERROR]: Error removing C:\Users\E43028~1.SPI\AppData\Local\Temp\3\promptfoo-python-output-json-1753355824117-57aaba32bee2d.json: Error: ENOENT: no such file or directory, unlink 'C:\Users\E43028~1.SPI\AppData\Local\Temp\3\promptfoo-python-output-json-1753355824117-57aaba32bee2d.json'
2025-07-24T11:17:25.666Z [ERROR]: Traceback (most recent call last):
  File "C:\Users\e430287.SPI-GLOBAL\AppData\Roaming\npm\node_modules\promptfoo\dist\src\python\wrapper.py", line 39, in <module>
    result = call_method(script_path, method_name, *data)
             ^^^^^^^^^^^^^^^^^^^^^^^^^^^^^^^^^^^^^^^^^^^^
  File "C:\Users\e430287.SPI-GLOBAL\AppData\Roaming\npm\node_modules\promptfoo\dist\src\python\wrapper.py", line 28, in call_method
    return method_to_call(*args)
           ^^^^^^^^^^^^^^^^^^^^^
  File "C:\Users\e430287.SPI-GLOBAL\Documents\automate_testcases_mine\final_assertions\program_pipes_cpp.py", line 84, in check_cpp_dataflow_dsl
    output = run_cpp_code(extracted_code, test_case)
             ^^^^^^^^^^^^^^^^^^^^^^^^^^^^^^^^^^^^^^^
  File "C:\Users\e430287.SPI-GLOBAL\Documents\automate_testcases_mine\final_assertions\program_pipes_cpp.py", line 42, in run_cpp_code
    f.write(full_code)
  File "C:\Users\e430287.SPI-GLOBAL\AppData\Local\Programs\Python\Python311\Lib\encodings\cp1252.py", line 19, in encode
    return codecs.charmap_encode(input,self.errors,encoding_table)[0]
           ^^^^^^^^^^^^^^^^^^^^^^^^^^^^^^^^^^^^^^^^^^^^^^^^^^^^^^^
UnicodeEncodeError: 'charmap' codec can't encode character '\u2010' in position 35: character maps to <undefined>
2025-07-24T11:17:25.683Z [ERROR]: Error running Python script: UnicodeEncodeError: 'charmap' codec can't encode character '\u2010' in position 35: character maps to <undefined>
Stack Trace: Error: UnicodeEncodeError: 'charmap' codec can't encode character '\u2010' in position 35: character maps to <undefined>
    at PythonShell.parseError (C:\Users\e430287.SPI-GLOBAL\AppData\Roaming\npm\node_modules\promptfoo\node_modules\python-shell\index.js:303:21)
    at terminateIfNeeded (C:\Users\e430287.SPI-GLOBAL\AppData\Roaming\npm\node_modules\promptfoo\node_modules\python-shell\index.js:193:32)
    at ChildProcess.<anonymous> (C:\Users\e430287.SPI-GLOBAL\AppData\Roaming\npm\node_modules\promptfoo\node_modules\python-shell\index.js:185:13)
    at ChildProcess.emit (node:events:514:28)
    at ChildProcess._handle.onexit (node:internal/child_process:294:12)
    --Python Traceback: --
    File "C:\Users\e430287.SPI-GLOBAL\AppData\Roaming\npm\node_modules\promptfoo\dist\src\python\wrapper.py", line 39, in <module>
      result = call_method(script_path, method_name, *data)
               ^^^^^^^^^^^^^^^^^^^^^^^^^^^^^^^^^^^^^^^^^^^^
    File "C:\Users\e430287.SPI-GLOBAL\AppData\Roaming\npm\node_modules\promptfoo\dist\src\python\wrapper.py", line 28, in call_method
      return method_to_call(*args)
             ^^^^^^^^^^^^^^^^^^^^^
    File "C:\Users\e430287.SPI-GLOBAL\Documents\automate_testcases_mine\final_assertions\program_pipes_cpp.py", line 84, in check_cpp_dataflow_dsl
      output = run_cpp_code(extracted_code, test_case)
               ^^^^^^^^^^^^^^^^^^^^^^^^^^^^^^^^^^^^^^^
    File "C:\Users\e430287.SPI-GLOBAL\Documents\automate_testcases_mine\final_assertions\program_pipes_cpp.py", line 42, in run_cpp_code
      f.write(full_code)
    File "C:\Users\e430287.SPI-GLOBAL\AppData\Local\Programs\Python\Python311\Lib\encodings\cp1252.py", line 19, in encode
      return codecs.charmap_encode(input,self.errors,encoding_table)[0]
             ^^^^^^^^^^^^^^^^^^^^^^^^^^^^^^^^^^^^^^^^^^^^^^^^^^^^^^^
2025-07-24T11:17:25.684Z [ERROR]: Error removing C:\Users\E43028~1.SPI\AppData\Local\Temp\3\promptfoo-python-output-json-1753355845551-fc8ad22f33da4.json: Error: ENOENT: no such file or directory, unlink 'C:\Users\E43028~1.SPI\AppData\Local\Temp\3\promptfoo-python-output-json-1753355845551-fc8ad22f33da4.json'
2025-07-24T11:17:34.624Z [ERROR]: Traceback (most recent call last):
  File "C:\Users\e430287.SPI-GLOBAL\AppData\Roaming\npm\node_modules\promptfoo\dist\src\python\wrapper.py", line 39, in <module>
    result = call_method(script_path, method_name, *data)
             ^^^^^^^^^^^^^^^^^^^^^^^^^^^^^^^^^^^^^^^^^^^^
  File "C:\Users\e430287.SPI-GLOBAL\AppData\Roaming\npm\node_modules\promptfoo\dist\src\python\wrapper.py", line 28, in call_method
    return method_to_call(*args)
           ^^^^^^^^^^^^^^^^^^^^^
  File "C:\Users\e430287.SPI-GLOBAL\Documents\automate_testcases_mine\final_assertions\program_pipes_cpp.py", line 84, in check_cpp_dataflow_dsl
    output = run_cpp_code(extracted_code, test_case)
             ^^^^^^^^^^^^^^^^^^^^^^^^^^^^^^^^^^^^^^^
  File "C:\Users\e430287.SPI-GLOBAL\Documents\automate_testcases_mine\final_assertions\program_pipes_cpp.py", line 42, in run_cpp_code
    f.write(full_code)
  File "C:\Users\e430287.SPI-GLOBAL\AppData\Local\Programs\Python\Python311\Lib\encodings\cp1252.py", line 19, in encode
    return codecs.charmap_encode(input,self.errors,encoding_table)[0]
           ^^^^^^^^^^^^^^^^^^^^^^^^^^^^^^^^^^^^^^^^^^^^^^^^^^^^^^^
UnicodeEncodeError: 'charmap' codec can't encode character '\u2010' in position 208: character maps to <undefined>
2025-07-24T11:17:34.640Z [ERROR]: Error running Python script: UnicodeEncodeError: 'charmap' codec can't encode character '\u2010' in position 208: character maps to <undefined>
Stack Trace: Error: UnicodeEncodeError: 'charmap' codec can't encode character '\u2010' in position 208: character maps to <undefined>
    at PythonShell.parseError (C:\Users\e430287.SPI-GLOBAL\AppData\Roaming\npm\node_modules\promptfoo\node_modules\python-shell\index.js:303:21)
    at terminateIfNeeded (C:\Users\e430287.SPI-GLOBAL\AppData\Roaming\npm\node_modules\promptfoo\node_modules\python-shell\index.js:193:32)
    at ChildProcess.<anonymous> (C:\Users\e430287.SPI-GLOBAL\AppData\Roaming\npm\node_modules\promptfoo\node_modules\python-shell\index.js:185:13)
    at ChildProcess.emit (node:events:514:28)
    at ChildProcess._handle.onexit (node:internal/child_process:294:12)
    --Python Traceback: --
    File "C:\Users\e430287.SPI-GLOBAL\AppData\Roaming\npm\node_modules\promptfoo\dist\src\python\wrapper.py", line 39, in <module>
      result = call_method(script_path, method_name, *data)
               ^^^^^^^^^^^^^^^^^^^^^^^^^^^^^^^^^^^^^^^^^^^^
    File "C:\Users\e430287.SPI-GLOBAL\AppData\Roaming\npm\node_modules\promptfoo\dist\src\python\wrapper.py", line 28, in call_method
      return method_to_call(*args)
             ^^^^^^^^^^^^^^^^^^^^^
    File "C:\Users\e430287.SPI-GLOBAL\Documents\automate_testcases_mine\final_assertions\program_pipes_cpp.py", line 84, in check_cpp_dataflow_dsl
      output = run_cpp_code(extracted_code, test_case)
               ^^^^^^^^^^^^^^^^^^^^^^^^^^^^^^^^^^^^^^^
    File "C:\Users\e430287.SPI-GLOBAL\Documents\automate_testcases_mine\final_assertions\program_pipes_cpp.py", line 42, in run_cpp_code
      f.write(full_code)
    File "C:\Users\e430287.SPI-GLOBAL\AppData\Local\Programs\Python\Python311\Lib\encodings\cp1252.py", line 19, in encode
      return codecs.charmap_encode(input,self.errors,encoding_table)[0]
             ^^^^^^^^^^^^^^^^^^^^^^^^^^^^^^^^^^^^^^^^^^^^^^^^^^^^^^^
2025-07-24T11:17:34.642Z [ERROR]: Error removing C:\Users\E43028~1.SPI\AppData\Local\Temp\3\promptfoo-python-output-json-1753355854504-f5ba8e59d4803.json: Error: ENOENT: no such file or directory, unlink 'C:\Users\E43028~1.SPI\AppData\Local\Temp\3\promptfoo-python-output-json-1753355854504-f5ba8e59d4803.json'
2025-07-24T11:22:15.673Z [ERROR]: Traceback (most recent call last):
  File "C:\Users\e430287.SPI-GLOBAL\AppData\Roaming\npm\node_modules\promptfoo\dist\src\python\wrapper.py", line 39, in <module>
    result = call_method(script_path, method_name, *data)
             ^^^^^^^^^^^^^^^^^^^^^^^^^^^^^^^^^^^^^^^^^^^^
  File "C:\Users\e430287.SPI-GLOBAL\AppData\Roaming\npm\node_modules\promptfoo\dist\src\python\wrapper.py", line 28, in call_method
    return method_to_call(*args)
           ^^^^^^^^^^^^^^^^^^^^^
  File "C:\Users\e430287.SPI-GLOBAL\Documents\automate_testcases_mine\final_assertions\program_pipes_cpp.py", line 84, in check_cpp_dataflow_dsl
    output = run_cpp_code(extracted_code, test_case)
             ^^^^^^^^^^^^^^^^^^^^^^^^^^^^^^^^^^^^^^^
  File "C:\Users\e430287.SPI-GLOBAL\Documents\automate_testcases_mine\final_assertions\program_pipes_cpp.py", line 42, in run_cpp_code
    f.write(full_code)
  File "C:\Users\e430287.SPI-GLOBAL\AppData\Local\Programs\Python\Python311\Lib\encodings\cp1252.py", line 19, in encode
    return codecs.charmap_encode(input,self.errors,encoding_table)[0]
           ^^^^^^^^^^^^^^^^^^^^^^^^^^^^^^^^^^^^^^^^^^^^^^^^^^^^^^^
UnicodeEncodeError: 'charmap' codec can't encode character '\u2010' in position 57: character maps to <undefined>
2025-07-24T11:22:15.681Z [ERROR]: Error running Python script: UnicodeEncodeError: 'charmap' codec can't encode character '\u2010' in position 57: character maps to <undefined>
Stack Trace: Error: UnicodeEncodeError: 'charmap' codec can't encode character '\u2010' in position 57: character maps to <undefined>
    at PythonShell.parseError (C:\Users\e430287.SPI-GLOBAL\AppData\Roaming\npm\node_modules\promptfoo\node_modules\python-shell\index.js:303:21)
    at terminateIfNeeded (C:\Users\e430287.SPI-GLOBAL\AppData\Roaming\npm\node_modules\promptfoo\node_modules\python-shell\index.js:193:32)
    at ChildProcess.<anonymous> (C:\Users\e430287.SPI-GLOBAL\AppData\Roaming\npm\node_modules\promptfoo\node_modules\python-shell\index.js:185:13)
    at ChildProcess.emit (node:events:514:28)
    at ChildProcess._handle.onexit (node:internal/child_process:294:12)
    --Python Traceback: --
    File "C:\Users\e430287.SPI-GLOBAL\AppData\Roaming\npm\node_modules\promptfoo\dist\src\python\wrapper.py", line 39, in <module>
      result = call_method(script_path, method_name, *data)
               ^^^^^^^^^^^^^^^^^^^^^^^^^^^^^^^^^^^^^^^^^^^^
    File "C:\Users\e430287.SPI-GLOBAL\AppData\Roaming\npm\node_modules\promptfoo\dist\src\python\wrapper.py", line 28, in call_method
      return method_to_call(*args)
             ^^^^^^^^^^^^^^^^^^^^^
    File "C:\Users\e430287.SPI-GLOBAL\Documents\automate_testcases_mine\final_assertions\program_pipes_cpp.py", line 84, in check_cpp_dataflow_dsl
      output = run_cpp_code(extracted_code, test_case)
               ^^^^^^^^^^^^^^^^^^^^^^^^^^^^^^^^^^^^^^^
    File "C:\Users\e430287.SPI-GLOBAL\Documents\automate_testcases_mine\final_assertions\program_pipes_cpp.py", line 42, in run_cpp_code
      f.write(full_code)
    File "C:\Users\e430287.SPI-GLOBAL\AppData\Local\Programs\Python\Python311\Lib\encodings\cp1252.py", line 19, in encode
      return codecs.charmap_encode(input,self.errors,encoding_table)[0]
             ^^^^^^^^^^^^^^^^^^^^^^^^^^^^^^^^^^^^^^^^^^^^^^^^^^^^^^^
2025-07-24T11:22:15.682Z [ERROR]: Error removing C:\Users\E43028~1.SPI\AppData\Local\Temp\3\promptfoo-python-output-json-1753356135560-f91671901b7bd.json: Error: ENOENT: no such file or directory, unlink 'C:\Users\E43028~1.SPI\AppData\Local\Temp\3\promptfoo-python-output-json-1753356135560-f91671901b7bd.json'
2025-07-24T11:22:16.570Z [ERROR]: Traceback (most recent call last):
  File "C:\Users\e430287.SPI-GLOBAL\AppData\Roaming\npm\node_modules\promptfoo\dist\src\python\wrapper.py", line 39, in <module>
    result = call_method(script_path, method_name, *data)
             ^^^^^^^^^^^^^^^^^^^^^^^^^^^^^^^^^^^^^^^^^^^^
  File "C:\Users\e430287.SPI-GLOBAL\AppData\Roaming\npm\node_modules\promptfoo\dist\src\python\wrapper.py", line 28, in call_method
    return method_to_call(*args)
           ^^^^^^^^^^^^^^^^^^^^^
  File "C:\Users\e430287.SPI-GLOBAL\Documents\automate_testcases_mine\final_assertions\program_pipes_cpp.py", line 84, in check_cpp_dataflow_dsl
    output = run_cpp_code(extracted_code, test_case)
             ^^^^^^^^^^^^^^^^^^^^^^^^^^^^^^^^^^^^^^^
  File "C:\Users\e430287.SPI-GLOBAL\Documents\automate_testcases_mine\final_assertions\program_pipes_cpp.py", line 42, in run_cpp_code
    f.write(full_code)
  File "C:\Users\e430287.SPI-GLOBAL\AppData\Local\Programs\Python\Python311\Lib\encodings\cp1252.py", line 19, in encode
    return codecs.charmap_encode(input,self.errors,encoding_table)[0]
           ^^^^^^^^^^^^^^^^^^^^^^^^^^^^^^^^^^^^^^^^^^^^^^^^^^^^^^^
UnicodeEncodeError: 'charmap' codec can't encode character '\u2010' in position 1022: character maps to <undefined>
2025-07-24T11:22:16.589Z [ERROR]: Error running Python script: UnicodeEncodeError: 'charmap' codec can't encode character '\u2010' in position 1022: character maps to <undefined>
Stack Trace: Error: UnicodeEncodeError: 'charmap' codec can't encode character '\u2010' in position 1022: character maps to <undefined>
    at PythonShell.parseError (C:\Users\e430287.SPI-GLOBAL\AppData\Roaming\npm\node_modules\promptfoo\node_modules\python-shell\index.js:303:21)
    at terminateIfNeeded (C:\Users\e430287.SPI-GLOBAL\AppData\Roaming\npm\node_modules\promptfoo\node_modules\python-shell\index.js:193:32)
    at ChildProcess.<anonymous> (C:\Users\e430287.SPI-GLOBAL\AppData\Roaming\npm\node_modules\promptfoo\node_modules\python-shell\index.js:185:13)
    at ChildProcess.emit (node:events:514:28)
    at ChildProcess._handle.onexit (node:internal/child_process:294:12)
    --Python Traceback: --
    File "C:\Users\e430287.SPI-GLOBAL\AppData\Roaming\npm\node_modules\promptfoo\dist\src\python\wrapper.py", line 39, in <module>
      result = call_method(script_path, method_name, *data)
               ^^^^^^^^^^^^^^^^^^^^^^^^^^^^^^^^^^^^^^^^^^^^
    File "C:\Users\e430287.SPI-GLOBAL\AppData\Roaming\npm\node_modules\promptfoo\dist\src\python\wrapper.py", line 28, in call_method
      return method_to_call(*args)
             ^^^^^^^^^^^^^^^^^^^^^
    File "C:\Users\e430287.SPI-GLOBAL\Documents\automate_testcases_mine\final_assertions\program_pipes_cpp.py", line 84, in check_cpp_dataflow_dsl
      output = run_cpp_code(extracted_code, test_case)
               ^^^^^^^^^^^^^^^^^^^^^^^^^^^^^^^^^^^^^^^
    File "C:\Users\e430287.SPI-GLOBAL\Documents\automate_testcases_mine\final_assertions\program_pipes_cpp.py", line 42, in run_cpp_code
      f.write(full_code)
    File "C:\Users\e430287.SPI-GLOBAL\AppData\Local\Programs\Python\Python311\Lib\encodings\cp1252.py", line 19, in encode
      return codecs.charmap_encode(input,self.errors,encoding_table)[0]
             ^^^^^^^^^^^^^^^^^^^^^^^^^^^^^^^^^^^^^^^^^^^^^^^^^^^^^^^
2025-07-24T11:22:16.591Z [ERROR]: Error removing C:\Users\E43028~1.SPI\AppData\Local\Temp\3\promptfoo-python-output-json-1753356136435-7fd3859f585e1.json: Error: ENOENT: no such file or directory, unlink 'C:\Users\E43028~1.SPI\AppData\Local\Temp\3\promptfoo-python-output-json-1753356136435-7fd3859f585e1.json'
2025-07-24T11:22:23.450Z [ERROR]: Traceback (most recent call last):
  File "C:\Users\e430287.SPI-GLOBAL\AppData\Roaming\npm\node_modules\promptfoo\dist\src\python\wrapper.py", line 39, in <module>
    result = call_method(script_path, method_name, *data)
             ^^^^^^^^^^^^^^^^^^^^^^^^^^^^^^^^^^^^^^^^^^^^
  File "C:\Users\e430287.SPI-GLOBAL\AppData\Roaming\npm\node_modules\promptfoo\dist\src\python\wrapper.py", line 28, in call_method
    return method_to_call(*args)
           ^^^^^^^^^^^^^^^^^^^^^
  File "C:\Users\e430287.SPI-GLOBAL\Documents\automate_testcases_mine\final_assertions\program_pipes_cpp.py", line 84, in check_cpp_dataflow_dsl
    output = run_cpp_code(extracted_code, test_case)
             ^^^^^^^^^^^^^^^^^^^^^^^^^^^^^^^^^^^^^^^
  File "C:\Users\e430287.SPI-GLOBAL\Documents\automate_testcases_mine\final_assertions\program_pipes_cpp.py", line 42, in run_cpp_code
    f.write(full_code)
  File "C:\Users\e430287.SPI-GLOBAL\AppData\Local\Programs\Python\Python311\Lib\encodings\cp1252.py", line 19, in encode
    return codecs.charmap_encode(input,self.errors,encoding_table)[0]
           ^^^^^^^^^^^^^^^^^^^^^^^^^^^^^^^^^^^^^^^^^^^^^^^^^^^^^^^
UnicodeEncodeError: 'charmap' codec can't encode character '\u2010' in position 76: character maps to <undefined>
2025-07-24T11:22:23.462Z [ERROR]: Error running Python script: UnicodeEncodeError: 'charmap' codec can't encode character '\u2010' in position 76: character maps to <undefined>
Stack Trace: Error: UnicodeEncodeError: 'charmap' codec can't encode character '\u2010' in position 76: character maps to <undefined>
    at PythonShell.parseError (C:\Users\e430287.SPI-GLOBAL\AppData\Roaming\npm\node_modules\promptfoo\node_modules\python-shell\index.js:303:21)
    at terminateIfNeeded (C:\Users\e430287.SPI-GLOBAL\AppData\Roaming\npm\node_modules\promptfoo\node_modules\python-shell\index.js:193:32)
    at ChildProcess.<anonymous> (C:\Users\e430287.SPI-GLOBAL\AppData\Roaming\npm\node_modules\promptfoo\node_modules\python-shell\index.js:185:13)
    at ChildProcess.emit (node:events:514:28)
    at ChildProcess._handle.onexit (node:internal/child_process:294:12)
    --Python Traceback: --
    File "C:\Users\e430287.SPI-GLOBAL\AppData\Roaming\npm\node_modules\promptfoo\dist\src\python\wrapper.py", line 39, in <module>
      result = call_method(script_path, method_name, *data)
               ^^^^^^^^^^^^^^^^^^^^^^^^^^^^^^^^^^^^^^^^^^^^
    File "C:\Users\e430287.SPI-GLOBAL\AppData\Roaming\npm\node_modules\promptfoo\dist\src\python\wrapper.py", line 28, in call_method
      return method_to_call(*args)
             ^^^^^^^^^^^^^^^^^^^^^
    File "C:\Users\e430287.SPI-GLOBAL\Documents\automate_testcases_mine\final_assertions\program_pipes_cpp.py", line 84, in check_cpp_dataflow_dsl
      output = run_cpp_code(extracted_code, test_case)
               ^^^^^^^^^^^^^^^^^^^^^^^^^^^^^^^^^^^^^^^
    File "C:\Users\e430287.SPI-GLOBAL\Documents\automate_testcases_mine\final_assertions\program_pipes_cpp.py", line 42, in run_cpp_code
      f.write(full_code)
    File "C:\Users\e430287.SPI-GLOBAL\AppData\Local\Programs\Python\Python311\Lib\encodings\cp1252.py", line 19, in encode
      return codecs.charmap_encode(input,self.errors,encoding_table)[0]
             ^^^^^^^^^^^^^^^^^^^^^^^^^^^^^^^^^^^^^^^^^^^^^^^^^^^^^^^
2025-07-24T11:22:23.463Z [ERROR]: Error removing C:\Users\E43028~1.SPI\AppData\Local\Temp\3\promptfoo-python-output-json-1753356143344-1db23e6f67ac4.json: Error: ENOENT: no such file or directory, unlink 'C:\Users\E43028~1.SPI\AppData\Local\Temp\3\promptfoo-python-output-json-1753356143344-1db23e6f67ac4.json'
2025-07-24T12:17:18.829Z [ERROR]: API call error: Error: Error parsing response as JSON: <!DOCTYPE html>
<html lang="en">
<head>
<meta charset="utf-8">
<meta name="viewport" content="width=device-width, initial-scale=1.0">
<meta http-equiv="X-UA-Compatible" content="IE=edge">
<title>Application error</title>
<style>
* { box-sizing: border-box; }
html { width: 100%; height: 100%; }
h1, p { text-align: center; }
body { font-family: -apple-system, BlinkMacSystemFont, "Segoe UI", Roboto, "Helvetica Neue", Arial, sans-serif; font-size: 18px; }
.content { margin: 0 auto; max-width: 40rem; }
pre { white-space: pre-wrap; background-color: #f8f8f8; padding: 0.5em; overflow-x: auto; }
pre code { white-space: pre; }
table { margin: 0 auto; }
th, td { text-align: left; border-bottom: 1px solid #eee; padding: 0.5rem 0.5rem 0.5rem 0; vertical-align: top; }
#traceback { display: none; }
#show-traceback { position: fixed; bottom: 0; width: 100%; text-align: center; cursor: pointer; opacity: 0.4; }
</style>
</head>
<body>
<section class="content">
<h1>Application error</h1>
<p>This application made a mistake.</p>
<p>Details are on the server log.</p>

<table><tbody>


<tr><th>Code</th><td>e3q8</td></tr>



<tr><th>Statement</th><td>SELECT log.time, log.duration, log.email, log.app, log.model, log.cost, log.code, log.input_tokens, log.output_tokens, log.&quot;key&quot;, log.template, log.private 
FROM log 
WHERE log.&quot;key&quot; IN (?) ORDER BY log.time DESC
 LIMIT ? OFFSET ?</td></tr>



<tr><th>Params</th><td>(&#x27;LLIUo0fqDxitvYbn+EzrU9tiRQ1HJ+20GMhEHPXrIR0=&#x27;, 1, 0)</td></tr>



<tr><th>Orig</th><td>disk I/O error</td></tr>










</tbody></table>
</section>


<div id="traceback">

      <pre><code>Traceback (most recent call last):
  File &quot;/mnt/gramener/mambaforge/envs/gramexbase/lib/python3.11/site-packages/sqlalchemy/engine/base.py&quot;, line 1910, in _execute_context
    self.dialect.do_execute(
  File &quot;/mnt/gramener/mambaforge/envs/gramexbase/lib/python3.11/site-packages/sqlalchemy/engine/default.py&quot;, line 736, in do_execute
    cursor.execute(statement, parameters)
sqlite3.OperationalError: disk I/O error

The above exception was the direct cause of the following exception:

Traceback (most recent call last):
  File &quot;/mnt/gramener/mambaforge/envs/gramexbase/lib/python3.11/site-packages/tornado/web.py&quot;, line 1790, in _execute
    result = await result
             ^^^^^^^^^^^^
  File &quot;/mnt/gramener/mambaforge/envs/gramexbase/lib/python3.11/site-packages/tornado/gen.py&quot;, line 233, in wrapper
    yielded = ctx_run(next, result)
              ^^^^^^^^^^^^^^^^^^^^^
  File &quot;/mnt/gramener/apps/py3v1-8050/llmproxy/llmfoundry.py&quot;, line 1103, in post
    cached = gramex.data.filter(
             ^^^^^^^^^^^^^^^^^^^
  File &quot;/mnt/gramener/mambaforge/envs/gramexbase/lib/python3.11/site-packages/gramex/data.py&quot;, line 317, in filter
    return _filter_db(engine, table, meta, controls, args, argstype)
           ^^^^^^^^^^^^^^^^^^^^^^^^^^^^^^^^^^^^^^^^^^^^^^^^^^^^^^^^^
  File &quot;/mnt/gramener/mambaforge/envs/gramexbase/lib/python3.11/site-packages/gramex/data.py&quot;, line 1816, in _filter_db
    return pd.read_sql(query, engine)
           ^^^^^^^^^^^^^^^^^^^^^^^^^^
  File &quot;/mnt/gramener/mambaforge/envs/gramexbase/lib/python3.11/site-packages/pandas/io/sql.py&quot;, line 663, in read_sql
    return pandas_sql.read_query(
           ^^^^^^^^^^^^^^^^^^^^^^
  File &quot;/mnt/gramener/mambaforge/envs/gramexbase/lib/python3.11/site-packages/pandas/io/sql.py&quot;, line 1738, in read_query
    result = self.execute(sql, params)
             ^^^^^^^^^^^^^^^^^^^^^^^^^
  File &quot;/mnt/gramener/mambaforge/envs/gramexbase/lib/python3.11/site-packages/pandas/io/sql.py&quot;, line 1563, in execute
    return self.con.execute(sql, *args)
           ^^^^^^^^^^^^^^^^^^^^^^^^^^^^
  File &quot;/mnt/gramener/mambaforge/envs/gramexbase/lib/python3.11/site-packages/sqlalchemy/engine/base.py&quot;, line 1385, in execute
    return meth(self, multiparams, params, _EMPTY_EXECUTION_OPTS)
           ^^^^^^^^^^^^^^^^^^^^^^^^^^^^^^^^^^^^^^^^^^^^^^^^^^^^^^
  File &quot;/mnt/gramener/mambaforge/envs/gramexbase/lib/python3.11/site-packages/sqlalchemy/sql/elements.py&quot;, line 334, in _execute_on_connection
    return connection._execute_clauseelement(
           ^^^^^^^^^^^^^^^^^^^^^^^^^^^^^^^^^^
  File &quot;/mnt/gramener/mambaforge/envs/gramexbase/lib/python3.11/site-packages/sqlalchemy/engine/base.py&quot;, line 1577, in _execute_clauseelement
    ret = self._execute_context(
          ^^^^^^^^^^^^^^^^^^^^^^
  File &quot;/mnt/gramener/mambaforge/envs/gramexbase/lib/python3.11/site-packages/sqlalchemy/engine/base.py&quot;, line 1953, in _execute_context
    self._handle_dbapi_exception(
  File &quot;/mnt/gramener/mambaforge/envs/gramexbase/lib/python3.11/site-packages/sqlalchemy/engine/base.py&quot;, line 2134, in _handle_dbapi_exception
    util.raise_(
  File &quot;/mnt/gramener/mambaforge/envs/gramexbase/lib/python3.11/site-packages/sqlalchemy/util/compat.py&quot;, line 211, in raise_
    raise exception
  File &quot;/mnt/gramener/mambaforge/envs/gramexbase/lib/python3.11/site-packages/sqlalchemy/engine/base.py&quot;, line 1910, in _execute_context
    self.dialect.do_execute(
  File &quot;/mnt/gramener/mambaforge/envs/gramexbase/lib/python3.11/site-packages/sqlalchemy/engine/default.py&quot;, line 736, in do_execute
    cursor.execute(statement, parameters)
sqlalchemy.exc.OperationalError: (sqlite3.OperationalError) disk I/O error
[SQL: SELECT log.time, log.duration, log.email, log.app, log.model, log.cost, log.code, log.input_tokens, log.output_tokens, log.&quot;key&quot;, log.template, log.private 
FROM log 
WHERE log.&quot;key&quot; IN (?) ORDER BY log.time DESC
 LIMIT ? OFFSET ?]
[parameters: (&#x27;LLIUo0fqDxitvYbn+EzrU9tiRQ1HJ+20GMhEHPXrIR0=&#x27;, 1, 0)]
(Background on this error at: https://sqlalche.me/e/14/e3q8)
</code></pre>
<p class="content">Traceback is only for development. Disable it in <code>gramex.yaml</code> with <code>app.settings.serve_traceback: false</code></p>
</div>
<p id="show-traceback">Show traceback</p>
<script>
var $show = document.getElementById('show-traceback')
var $traceback = document.getElementById('traceback')
$show.addEventListener('click', function() {
$traceback.style.display = 'block'
$show.style.display = 'none'
}, false)
</script>

</body>
</html>

2025-07-24T12:17:18.894Z [ERROR]: API call error: Error: Error parsing response as JSON: <!DOCTYPE html>
<html lang="en">
<head>
<meta charset="utf-8">
<meta name="viewport" content="width=device-width, initial-scale=1.0">
<meta http-equiv="X-UA-Compatible" content="IE=edge">
<title>Application error</title>
<style>
* { box-sizing: border-box; }
html { width: 100%; height: 100%; }
h1, p { text-align: center; }
body { font-family: -apple-system, BlinkMacSystemFont, "Segoe UI", Roboto, "Helvetica Neue", Arial, sans-serif; font-size: 18px; }
.content { margin: 0 auto; max-width: 40rem; }
pre { white-space: pre-wrap; background-color: #f8f8f8; padding: 0.5em; overflow-x: auto; }
pre code { white-space: pre; }
table { margin: 0 auto; }
th, td { text-align: left; border-bottom: 1px solid #eee; padding: 0.5rem 0.5rem 0.5rem 0; vertical-align: top; }
#traceback { display: none; }
#show-traceback { position: fixed; bottom: 0; width: 100%; text-align: center; cursor: pointer; opacity: 0.4; }
</style>
</head>
<body>
<section class="content">
<h1>Application error</h1>
<p>This application made a mistake.</p>
<p>Details are on the server log.</p>

<table><tbody>


<tr><th>Code</th><td>e3q8</td></tr>



<tr><th>Statement</th><td>SELECT log.time, log.duration, log.email, log.app, log.model, log.cost, log.code, log.input_tokens, log.output_tokens, log.&quot;key&quot;, log.template, log.private 
FROM log 
WHERE log.&quot;key&quot; IN (?) ORDER BY log.time DESC
 LIMIT ? OFFSET ?</td></tr>



<tr><th>Params</th><td>(&#x27;LLIUo0fqDxitvYbn+EzrU9tiRQ1HJ+20GMhEHPXrIR0=&#x27;, 1, 0)</td></tr>



<tr><th>Orig</th><td>disk I/O error</td></tr>










</tbody></table>
</section>


<div id="traceback">

      <pre><code>Traceback (most recent call last):
  File &quot;/mnt/gramener/mambaforge/envs/gramexbase/lib/python3.11/site-packages/sqlalchemy/engine/base.py&quot;, line 1910, in _execute_context
    self.dialect.do_execute(
  File &quot;/mnt/gramener/mambaforge/envs/gramexbase/lib/python3.11/site-packages/sqlalchemy/engine/default.py&quot;, line 736, in do_execute
    cursor.execute(statement, parameters)
sqlite3.OperationalError: disk I/O error

The above exception was the direct cause of the following exception:

Traceback (most recent call last):
  File &quot;/mnt/gramener/mambaforge/envs/gramexbase/lib/python3.11/site-packages/tornado/web.py&quot;, line 1790, in _execute
    result = await result
             ^^^^^^^^^^^^
  File &quot;/mnt/gramener/mambaforge/envs/gramexbase/lib/python3.11/site-packages/tornado/gen.py&quot;, line 233, in wrapper
    yielded = ctx_run(next, result)
              ^^^^^^^^^^^^^^^^^^^^^
  File &quot;/mnt/gramener/apps/py3v1-8050/llmproxy/llmfoundry.py&quot;, line 1103, in post
    cached = gramex.data.filter(
             ^^^^^^^^^^^^^^^^^^^
  File &quot;/mnt/gramener/mambaforge/envs/gramexbase/lib/python3.11/site-packages/gramex/data.py&quot;, line 317, in filter
    return _filter_db(engine, table, meta, controls, args, argstype)
           ^^^^^^^^^^^^^^^^^^^^^^^^^^^^^^^^^^^^^^^^^^^^^^^^^^^^^^^^^
  File &quot;/mnt/gramener/mambaforge/envs/gramexbase/lib/python3.11/site-packages/gramex/data.py&quot;, line 1816, in _filter_db
    return pd.read_sql(query, engine)
           ^^^^^^^^^^^^^^^^^^^^^^^^^^
  File &quot;/mnt/gramener/mambaforge/envs/gramexbase/lib/python3.11/site-packages/pandas/io/sql.py&quot;, line 663, in read_sql
    return pandas_sql.read_query(
           ^^^^^^^^^^^^^^^^^^^^^^
  File &quot;/mnt/gramener/mambaforge/envs/gramexbase/lib/python3.11/site-packages/pandas/io/sql.py&quot;, line 1738, in read_query
    result = self.execute(sql, params)
             ^^^^^^^^^^^^^^^^^^^^^^^^^
  File &quot;/mnt/gramener/mambaforge/envs/gramexbase/lib/python3.11/site-packages/pandas/io/sql.py&quot;, line 1563, in execute
    return self.con.execute(sql, *args)
           ^^^^^^^^^^^^^^^^^^^^^^^^^^^^
  File &quot;/mnt/gramener/mambaforge/envs/gramexbase/lib/python3.11/site-packages/sqlalchemy/engine/base.py&quot;, line 1385, in execute
    return meth(self, multiparams, params, _EMPTY_EXECUTION_OPTS)
           ^^^^^^^^^^^^^^^^^^^^^^^^^^^^^^^^^^^^^^^^^^^^^^^^^^^^^^
  File &quot;/mnt/gramener/mambaforge/envs/gramexbase/lib/python3.11/site-packages/sqlalchemy/sql/elements.py&quot;, line 334, in _execute_on_connection
    return connection._execute_clauseelement(
           ^^^^^^^^^^^^^^^^^^^^^^^^^^^^^^^^^^
  File &quot;/mnt/gramener/mambaforge/envs/gramexbase/lib/python3.11/site-packages/sqlalchemy/engine/base.py&quot;, line 1577, in _execute_clauseelement
    ret = self._execute_context(
          ^^^^^^^^^^^^^^^^^^^^^^
  File &quot;/mnt/gramener/mambaforge/envs/gramexbase/lib/python3.11/site-packages/sqlalchemy/engine/base.py&quot;, line 1953, in _execute_context
    self._handle_dbapi_exception(
  File &quot;/mnt/gramener/mambaforge/envs/gramexbase/lib/python3.11/site-packages/sqlalchemy/engine/base.py&quot;, line 2134, in _handle_dbapi_exception
    util.raise_(
  File &quot;/mnt/gramener/mambaforge/envs/gramexbase/lib/python3.11/site-packages/sqlalchemy/util/compat.py&quot;, line 211, in raise_
    raise exception
  File &quot;/mnt/gramener/mambaforge/envs/gramexbase/lib/python3.11/site-packages/sqlalchemy/engine/base.py&quot;, line 1910, in _execute_context
    self.dialect.do_execute(
  File &quot;/mnt/gramener/mambaforge/envs/gramexbase/lib/python3.11/site-packages/sqlalchemy/engine/default.py&quot;, line 736, in do_execute
    cursor.execute(statement, parameters)
sqlalchemy.exc.OperationalError: (sqlite3.OperationalError) disk I/O error
[SQL: SELECT log.time, log.duration, log.email, log.app, log.model, log.cost, log.code, log.input_tokens, log.output_tokens, log.&quot;key&quot;, log.template, log.private 
FROM log 
WHERE log.&quot;key&quot; IN (?) ORDER BY log.time DESC
 LIMIT ? OFFSET ?]
[parameters: (&#x27;LLIUo0fqDxitvYbn+EzrU9tiRQ1HJ+20GMhEHPXrIR0=&#x27;, 1, 0)]
(Background on this error at: https://sqlalche.me/e/14/e3q8)
</code></pre>
<p class="content">Traceback is only for development. Disable it in <code>gramex.yaml</code> with <code>app.settings.serve_traceback: false</code></p>
</div>
<p id="show-traceback">Show traceback</p>
<script>
var $show = document.getElementById('show-traceback')
var $traceback = document.getElementById('traceback')
$show.addEventListener('click', function() {
$traceback.style.display = 'block'
$show.style.display = 'none'
}, false)
</script>

</body>
</html>

2025-07-24T12:17:18.911Z [ERROR]: API call error: Error: Error parsing response as JSON: <!DOCTYPE html>
<html lang="en">
<head>
<meta charset="utf-8">
<meta name="viewport" content="width=device-width, initial-scale=1.0">
<meta http-equiv="X-UA-Compatible" content="IE=edge">
<title>Application error</title>
<style>
* { box-sizing: border-box; }
html { width: 100%; height: 100%; }
h1, p { text-align: center; }
body { font-family: -apple-system, BlinkMacSystemFont, "Segoe UI", Roboto, "Helvetica Neue", Arial, sans-serif; font-size: 18px; }
.content { margin: 0 auto; max-width: 40rem; }
pre { white-space: pre-wrap; background-color: #f8f8f8; padding: 0.5em; overflow-x: auto; }
pre code { white-space: pre; }
table { margin: 0 auto; }
th, td { text-align: left; border-bottom: 1px solid #eee; padding: 0.5rem 0.5rem 0.5rem 0; vertical-align: top; }
#traceback { display: none; }
#show-traceback { position: fixed; bottom: 0; width: 100%; text-align: center; cursor: pointer; opacity: 0.4; }
</style>
</head>
<body>
<section class="content">
<h1>Application error</h1>
<p>This application made a mistake.</p>
<p>Details are on the server log.</p>

<table><tbody>


<tr><th>Code</th><td>e3q8</td></tr>



<tr><th>Statement</th><td>SELECT log.time, log.duration, log.email, log.app, log.model, log.cost, log.code, log.input_tokens, log.output_tokens, log.&quot;key&quot;, log.template, log.private 
FROM log 
WHERE log.&quot;key&quot; IN (?) ORDER BY log.time DESC
 LIMIT ? OFFSET ?</td></tr>



<tr><th>Params</th><td>(&#x27;LLIUo0fqDxitvYbn+EzrU9tiRQ1HJ+20GMhEHPXrIR0=&#x27;, 1, 0)</td></tr>



<tr><th>Orig</th><td>disk I/O error</td></tr>










</tbody></table>
</section>


<div id="traceback">

      <pre><code>Traceback (most recent call last):
  File &quot;/mnt/gramener/mambaforge/envs/gramexbase/lib/python3.11/site-packages/sqlalchemy/engine/base.py&quot;, line 1910, in _execute_context
    self.dialect.do_execute(
  File &quot;/mnt/gramener/mambaforge/envs/gramexbase/lib/python3.11/site-packages/sqlalchemy/engine/default.py&quot;, line 736, in do_execute
    cursor.execute(statement, parameters)
sqlite3.OperationalError: disk I/O error

The above exception was the direct cause of the following exception:

Traceback (most recent call last):
  File &quot;/mnt/gramener/mambaforge/envs/gramexbase/lib/python3.11/site-packages/tornado/web.py&quot;, line 1790, in _execute
    result = await result
             ^^^^^^^^^^^^
  File &quot;/mnt/gramener/mambaforge/envs/gramexbase/lib/python3.11/site-packages/tornado/gen.py&quot;, line 233, in wrapper
    yielded = ctx_run(next, result)
              ^^^^^^^^^^^^^^^^^^^^^
  File &quot;/mnt/gramener/apps/py3v1-8050/llmproxy/llmfoundry.py&quot;, line 1103, in post
    cached = gramex.data.filter(
             ^^^^^^^^^^^^^^^^^^^
  File &quot;/mnt/gramener/mambaforge/envs/gramexbase/lib/python3.11/site-packages/gramex/data.py&quot;, line 317, in filter
    return _filter_db(engine, table, meta, controls, args, argstype)
           ^^^^^^^^^^^^^^^^^^^^^^^^^^^^^^^^^^^^^^^^^^^^^^^^^^^^^^^^^
  File &quot;/mnt/gramener/mambaforge/envs/gramexbase/lib/python3.11/site-packages/gramex/data.py&quot;, line 1816, in _filter_db
    return pd.read_sql(query, engine)
           ^^^^^^^^^^^^^^^^^^^^^^^^^^
  File &quot;/mnt/gramener/mambaforge/envs/gramexbase/lib/python3.11/site-packages/pandas/io/sql.py&quot;, line 663, in read_sql
    return pandas_sql.read_query(
           ^^^^^^^^^^^^^^^^^^^^^^
  File &quot;/mnt/gramener/mambaforge/envs/gramexbase/lib/python3.11/site-packages/pandas/io/sql.py&quot;, line 1738, in read_query
    result = self.execute(sql, params)
             ^^^^^^^^^^^^^^^^^^^^^^^^^
  File &quot;/mnt/gramener/mambaforge/envs/gramexbase/lib/python3.11/site-packages/pandas/io/sql.py&quot;, line 1563, in execute
    return self.con.execute(sql, *args)
           ^^^^^^^^^^^^^^^^^^^^^^^^^^^^
  File &quot;/mnt/gramener/mambaforge/envs/gramexbase/lib/python3.11/site-packages/sqlalchemy/engine/base.py&quot;, line 1385, in execute
    return meth(self, multiparams, params, _EMPTY_EXECUTION_OPTS)
           ^^^^^^^^^^^^^^^^^^^^^^^^^^^^^^^^^^^^^^^^^^^^^^^^^^^^^^
  File &quot;/mnt/gramener/mambaforge/envs/gramexbase/lib/python3.11/site-packages/sqlalchemy/sql/elements.py&quot;, line 334, in _execute_on_connection
    return connection._execute_clauseelement(
           ^^^^^^^^^^^^^^^^^^^^^^^^^^^^^^^^^^
  File &quot;/mnt/gramener/mambaforge/envs/gramexbase/lib/python3.11/site-packages/sqlalchemy/engine/base.py&quot;, line 1577, in _execute_clauseelement
    ret = self._execute_context(
          ^^^^^^^^^^^^^^^^^^^^^^
  File &quot;/mnt/gramener/mambaforge/envs/gramexbase/lib/python3.11/site-packages/sqlalchemy/engine/base.py&quot;, line 1953, in _execute_context
    self._handle_dbapi_exception(
  File &quot;/mnt/gramener/mambaforge/envs/gramexbase/lib/python3.11/site-packages/sqlalchemy/engine/base.py&quot;, line 2134, in _handle_dbapi_exception
    util.raise_(
  File &quot;/mnt/gramener/mambaforge/envs/gramexbase/lib/python3.11/site-packages/sqlalchemy/util/compat.py&quot;, line 211, in raise_
    raise exception
  File &quot;/mnt/gramener/mambaforge/envs/gramexbase/lib/python3.11/site-packages/sqlalchemy/engine/base.py&quot;, line 1910, in _execute_context
    self.dialect.do_execute(
  File &quot;/mnt/gramener/mambaforge/envs/gramexbase/lib/python3.11/site-packages/sqlalchemy/engine/default.py&quot;, line 736, in do_execute
    cursor.execute(statement, parameters)
sqlalchemy.exc.OperationalError: (sqlite3.OperationalError) disk I/O error
[SQL: SELECT log.time, log.duration, log.email, log.app, log.model, log.cost, log.code, log.input_tokens, log.output_tokens, log.&quot;key&quot;, log.template, log.private 
FROM log 
WHERE log.&quot;key&quot; IN (?) ORDER BY log.time DESC
 LIMIT ? OFFSET ?]
[parameters: (&#x27;LLIUo0fqDxitvYbn+EzrU9tiRQ1HJ+20GMhEHPXrIR0=&#x27;, 1, 0)]
(Background on this error at: https://sqlalche.me/e/14/e3q8)
</code></pre>
<p class="content">Traceback is only for development. Disable it in <code>gramex.yaml</code> with <code>app.settings.serve_traceback: false</code></p>
</div>
<p id="show-traceback">Show traceback</p>
<script>
var $show = document.getElementById('show-traceback')
var $traceback = document.getElementById('traceback')
$show.addEventListener('click', function() {
$traceback.style.display = 'block'
$show.style.display = 'none'
}, false)
</script>

</body>
</html>

2025-07-24T12:17:18.944Z [ERROR]: API call error: Error: Error parsing response as JSON: <!DOCTYPE html>
<html lang="en">
<head>
<meta charset="utf-8">
<meta name="viewport" content="width=device-width, initial-scale=1.0">
<meta http-equiv="X-UA-Compatible" content="IE=edge">
<title>Application error</title>
<style>
* { box-sizing: border-box; }
html { width: 100%; height: 100%; }
h1, p { text-align: center; }
body { font-family: -apple-system, BlinkMacSystemFont, "Segoe UI", Roboto, "Helvetica Neue", Arial, sans-serif; font-size: 18px; }
.content { margin: 0 auto; max-width: 40rem; }
pre { white-space: pre-wrap; background-color: #f8f8f8; padding: 0.5em; overflow-x: auto; }
pre code { white-space: pre; }
table { margin: 0 auto; }
th, td { text-align: left; border-bottom: 1px solid #eee; padding: 0.5rem 0.5rem 0.5rem 0; vertical-align: top; }
#traceback { display: none; }
#show-traceback { position: fixed; bottom: 0; width: 100%; text-align: center; cursor: pointer; opacity: 0.4; }
</style>
</head>
<body>
<section class="content">
<h1>Application error</h1>
<p>This application made a mistake.</p>
<p>Details are on the server log.</p>

<table><tbody>


<tr><th>Code</th><td>e3q8</td></tr>



<tr><th>Statement</th><td>SELECT log.time, log.duration, log.email, log.app, log.model, log.cost, log.code, log.input_tokens, log.output_tokens, log.&quot;key&quot;, log.template, log.private 
FROM log 
WHERE log.&quot;key&quot; IN (?) ORDER BY log.time DESC
 LIMIT ? OFFSET ?</td></tr>



<tr><th>Params</th><td>(&#x27;LLIUo0fqDxitvYbn+EzrU9tiRQ1HJ+20GMhEHPXrIR0=&#x27;, 1, 0)</td></tr>



<tr><th>Orig</th><td>disk I/O error</td></tr>










</tbody></table>
</section>


<div id="traceback">

      <pre><code>Traceback (most recent call last):
  File &quot;/mnt/gramener/mambaforge/envs/gramexbase/lib/python3.11/site-packages/sqlalchemy/engine/base.py&quot;, line 1910, in _execute_context
    self.dialect.do_execute(
  File &quot;/mnt/gramener/mambaforge/envs/gramexbase/lib/python3.11/site-packages/sqlalchemy/engine/default.py&quot;, line 736, in do_execute
    cursor.execute(statement, parameters)
sqlite3.OperationalError: disk I/O error

The above exception was the direct cause of the following exception:

Traceback (most recent call last):
  File &quot;/mnt/gramener/mambaforge/envs/gramexbase/lib/python3.11/site-packages/tornado/web.py&quot;, line 1790, in _execute
    result = await result
             ^^^^^^^^^^^^
  File &quot;/mnt/gramener/mambaforge/envs/gramexbase/lib/python3.11/site-packages/tornado/gen.py&quot;, line 233, in wrapper
    yielded = ctx_run(next, result)
              ^^^^^^^^^^^^^^^^^^^^^
  File &quot;/mnt/gramener/apps/py3v1-8050/llmproxy/llmfoundry.py&quot;, line 1103, in post
    cached = gramex.data.filter(
             ^^^^^^^^^^^^^^^^^^^
  File &quot;/mnt/gramener/mambaforge/envs/gramexbase/lib/python3.11/site-packages/gramex/data.py&quot;, line 317, in filter
    return _filter_db(engine, table, meta, controls, args, argstype)
           ^^^^^^^^^^^^^^^^^^^^^^^^^^^^^^^^^^^^^^^^^^^^^^^^^^^^^^^^^
  File &quot;/mnt/gramener/mambaforge/envs/gramexbase/lib/python3.11/site-packages/gramex/data.py&quot;, line 1816, in _filter_db
    return pd.read_sql(query, engine)
           ^^^^^^^^^^^^^^^^^^^^^^^^^^
  File &quot;/mnt/gramener/mambaforge/envs/gramexbase/lib/python3.11/site-packages/pandas/io/sql.py&quot;, line 663, in read_sql
    return pandas_sql.read_query(
           ^^^^^^^^^^^^^^^^^^^^^^
  File &quot;/mnt/gramener/mambaforge/envs/gramexbase/lib/python3.11/site-packages/pandas/io/sql.py&quot;, line 1738, in read_query
    result = self.execute(sql, params)
             ^^^^^^^^^^^^^^^^^^^^^^^^^
  File &quot;/mnt/gramener/mambaforge/envs/gramexbase/lib/python3.11/site-packages/pandas/io/sql.py&quot;, line 1563, in execute
    return self.con.execute(sql, *args)
           ^^^^^^^^^^^^^^^^^^^^^^^^^^^^
  File &quot;/mnt/gramener/mambaforge/envs/gramexbase/lib/python3.11/site-packages/sqlalchemy/engine/base.py&quot;, line 1385, in execute
    return meth(self, multiparams, params, _EMPTY_EXECUTION_OPTS)
           ^^^^^^^^^^^^^^^^^^^^^^^^^^^^^^^^^^^^^^^^^^^^^^^^^^^^^^
  File &quot;/mnt/gramener/mambaforge/envs/gramexbase/lib/python3.11/site-packages/sqlalchemy/sql/elements.py&quot;, line 334, in _execute_on_connection
    return connection._execute_clauseelement(
           ^^^^^^^^^^^^^^^^^^^^^^^^^^^^^^^^^^
  File &quot;/mnt/gramener/mambaforge/envs/gramexbase/lib/python3.11/site-packages/sqlalchemy/engine/base.py&quot;, line 1577, in _execute_clauseelement
    ret = self._execute_context(
          ^^^^^^^^^^^^^^^^^^^^^^
  File &quot;/mnt/gramener/mambaforge/envs/gramexbase/lib/python3.11/site-packages/sqlalchemy/engine/base.py&quot;, line 1953, in _execute_context
    self._handle_dbapi_exception(
  File &quot;/mnt/gramener/mambaforge/envs/gramexbase/lib/python3.11/site-packages/sqlalchemy/engine/base.py&quot;, line 2134, in _handle_dbapi_exception
    util.raise_(
  File &quot;/mnt/gramener/mambaforge/envs/gramexbase/lib/python3.11/site-packages/sqlalchemy/util/compat.py&quot;, line 211, in raise_
    raise exception
  File &quot;/mnt/gramener/mambaforge/envs/gramexbase/lib/python3.11/site-packages/sqlalchemy/engine/base.py&quot;, line 1910, in _execute_context
    self.dialect.do_execute(
  File &quot;/mnt/gramener/mambaforge/envs/gramexbase/lib/python3.11/site-packages/sqlalchemy/engine/default.py&quot;, line 736, in do_execute
    cursor.execute(statement, parameters)
sqlalchemy.exc.OperationalError: (sqlite3.OperationalError) disk I/O error
[SQL: SELECT log.time, log.duration, log.email, log.app, log.model, log.cost, log.code, log.input_tokens, log.output_tokens, log.&quot;key&quot;, log.template, log.private 
FROM log 
WHERE log.&quot;key&quot; IN (?) ORDER BY log.time DESC
 LIMIT ? OFFSET ?]
[parameters: (&#x27;LLIUo0fqDxitvYbn+EzrU9tiRQ1HJ+20GMhEHPXrIR0=&#x27;, 1, 0)]
(Background on this error at: https://sqlalche.me/e/14/e3q8)
</code></pre>
<p class="content">Traceback is only for development. Disable it in <code>gramex.yaml</code> with <code>app.settings.serve_traceback: false</code></p>
</div>
<p id="show-traceback">Show traceback</p>
<script>
var $show = document.getElementById('show-traceback')
var $traceback = document.getElementById('traceback')
$show.addEventListener('click', function() {
$traceback.style.display = 'block'
$show.style.display = 'none'
}, false)
</script>

</body>
</html>

2025-07-24T12:17:19.203Z [ERROR]: API call error: Error: Error parsing response as JSON: <!DOCTYPE html>
<html lang="en">
<head>
<meta charset="utf-8">
<meta name="viewport" content="width=device-width, initial-scale=1.0">
<meta http-equiv="X-UA-Compatible" content="IE=edge">
<title>Application error</title>
<style>
* { box-sizing: border-box; }
html { width: 100%; height: 100%; }
h1, p { text-align: center; }
body { font-family: -apple-system, BlinkMacSystemFont, "Segoe UI", Roboto, "Helvetica Neue", Arial, sans-serif; font-size: 18px; }
.content { margin: 0 auto; max-width: 40rem; }
pre { white-space: pre-wrap; background-color: #f8f8f8; padding: 0.5em; overflow-x: auto; }
pre code { white-space: pre; }
table { margin: 0 auto; }
th, td { text-align: left; border-bottom: 1px solid #eee; padding: 0.5rem 0.5rem 0.5rem 0; vertical-align: top; }
#traceback { display: none; }
#show-traceback { position: fixed; bottom: 0; width: 100%; text-align: center; cursor: pointer; opacity: 0.4; }
</style>
</head>
<body>
<section class="content">
<h1>Application error</h1>
<p>This application made a mistake.</p>
<p>Details are on the server log.</p>

<table><tbody>


<tr><th>Code</th><td>e3q8</td></tr>



<tr><th>Statement</th><td>SELECT log.time, log.duration, log.email, log.app, log.model, log.cost, log.code, log.input_tokens, log.output_tokens, log.&quot;key&quot;, log.template, log.private 
FROM log 
WHERE log.&quot;key&quot; IN (?) ORDER BY log.time DESC
 LIMIT ? OFFSET ?</td></tr>



<tr><th>Params</th><td>(&#x27;LLIUo0fqDxitvYbn+EzrU9tiRQ1HJ+20GMhEHPXrIR0=&#x27;, 1, 0)</td></tr>



<tr><th>Orig</th><td>disk I/O error</td></tr>










</tbody></table>
</section>


<div id="traceback">

      <pre><code>Traceback (most recent call last):
  File &quot;/mnt/gramener/mambaforge/envs/gramexbase/lib/python3.11/site-packages/sqlalchemy/engine/base.py&quot;, line 1910, in _execute_context
    self.dialect.do_execute(
  File &quot;/mnt/gramener/mambaforge/envs/gramexbase/lib/python3.11/site-packages/sqlalchemy/engine/default.py&quot;, line 736, in do_execute
    cursor.execute(statement, parameters)
sqlite3.OperationalError: disk I/O error

The above exception was the direct cause of the following exception:

Traceback (most recent call last):
  File &quot;/mnt/gramener/mambaforge/envs/gramexbase/lib/python3.11/site-packages/tornado/web.py&quot;, line 1790, in _execute
    result = await result
             ^^^^^^^^^^^^
  File &quot;/mnt/gramener/mambaforge/envs/gramexbase/lib/python3.11/site-packages/tornado/gen.py&quot;, line 233, in wrapper
    yielded = ctx_run(next, result)
              ^^^^^^^^^^^^^^^^^^^^^
  File &quot;/mnt/gramener/apps/py3v1-8050/llmproxy/llmfoundry.py&quot;, line 1103, in post
    cached = gramex.data.filter(
             ^^^^^^^^^^^^^^^^^^^
  File &quot;/mnt/gramener/mambaforge/envs/gramexbase/lib/python3.11/site-packages/gramex/data.py&quot;, line 317, in filter
    return _filter_db(engine, table, meta, controls, args, argstype)
           ^^^^^^^^^^^^^^^^^^^^^^^^^^^^^^^^^^^^^^^^^^^^^^^^^^^^^^^^^
  File &quot;/mnt/gramener/mambaforge/envs/gramexbase/lib/python3.11/site-packages/gramex/data.py&quot;, line 1816, in _filter_db
    return pd.read_sql(query, engine)
           ^^^^^^^^^^^^^^^^^^^^^^^^^^
  File &quot;/mnt/gramener/mambaforge/envs/gramexbase/lib/python3.11/site-packages/pandas/io/sql.py&quot;, line 663, in read_sql
    return pandas_sql.read_query(
           ^^^^^^^^^^^^^^^^^^^^^^
  File &quot;/mnt/gramener/mambaforge/envs/gramexbase/lib/python3.11/site-packages/pandas/io/sql.py&quot;, line 1738, in read_query
    result = self.execute(sql, params)
             ^^^^^^^^^^^^^^^^^^^^^^^^^
  File &quot;/mnt/gramener/mambaforge/envs/gramexbase/lib/python3.11/site-packages/pandas/io/sql.py&quot;, line 1563, in execute
    return self.con.execute(sql, *args)
           ^^^^^^^^^^^^^^^^^^^^^^^^^^^^
  File &quot;/mnt/gramener/mambaforge/envs/gramexbase/lib/python3.11/site-packages/sqlalchemy/engine/base.py&quot;, line 1385, in execute
    return meth(self, multiparams, params, _EMPTY_EXECUTION_OPTS)
           ^^^^^^^^^^^^^^^^^^^^^^^^^^^^^^^^^^^^^^^^^^^^^^^^^^^^^^
  File &quot;/mnt/gramener/mambaforge/envs/gramexbase/lib/python3.11/site-packages/sqlalchemy/sql/elements.py&quot;, line 334, in _execute_on_connection
    return connection._execute_clauseelement(
           ^^^^^^^^^^^^^^^^^^^^^^^^^^^^^^^^^^
  File &quot;/mnt/gramener/mambaforge/envs/gramexbase/lib/python3.11/site-packages/sqlalchemy/engine/base.py&quot;, line 1577, in _execute_clauseelement
    ret = self._execute_context(
          ^^^^^^^^^^^^^^^^^^^^^^
  File &quot;/mnt/gramener/mambaforge/envs/gramexbase/lib/python3.11/site-packages/sqlalchemy/engine/base.py&quot;, line 1953, in _execute_context
    self._handle_dbapi_exception(
  File &quot;/mnt/gramener/mambaforge/envs/gramexbase/lib/python3.11/site-packages/sqlalchemy/engine/base.py&quot;, line 2134, in _handle_dbapi_exception
    util.raise_(
  File &quot;/mnt/gramener/mambaforge/envs/gramexbase/lib/python3.11/site-packages/sqlalchemy/util/compat.py&quot;, line 211, in raise_
    raise exception
  File &quot;/mnt/gramener/mambaforge/envs/gramexbase/lib/python3.11/site-packages/sqlalchemy/engine/base.py&quot;, line 1910, in _execute_context
    self.dialect.do_execute(
  File &quot;/mnt/gramener/mambaforge/envs/gramexbase/lib/python3.11/site-packages/sqlalchemy/engine/default.py&quot;, line 736, in do_execute
    cursor.execute(statement, parameters)
sqlalchemy.exc.OperationalError: (sqlite3.OperationalError) disk I/O error
[SQL: SELECT log.time, log.duration, log.email, log.app, log.model, log.cost, log.code, log.input_tokens, log.output_tokens, log.&quot;key&quot;, log.template, log.private 
FROM log 
WHERE log.&quot;key&quot; IN (?) ORDER BY log.time DESC
 LIMIT ? OFFSET ?]
[parameters: (&#x27;LLIUo0fqDxitvYbn+EzrU9tiRQ1HJ+20GMhEHPXrIR0=&#x27;, 1, 0)]
(Background on this error at: https://sqlalche.me/e/14/e3q8)
</code></pre>
<p class="content">Traceback is only for development. Disable it in <code>gramex.yaml</code> with <code>app.settings.serve_traceback: false</code></p>
</div>
<p id="show-traceback">Show traceback</p>
<script>
var $show = document.getElementById('show-traceback')
var $traceback = document.getElementById('traceback')
$show.addEventListener('click', function() {
$traceback.style.display = 'block'
$show.style.display = 'none'
}, false)
</script>

</body>
</html>

2025-07-24T19:10:34.916Z [ERROR]: Exception in thread Thread-2 (_readerthread):
2025-07-24T19:10:34.924Z [ERROR]: Traceback (most recent call last):
  File "C:\Users\e430287.SPI-GLOBAL\AppData\Local\Programs\Python\Python311\Lib\threading.py", line 1038, in _bootstrap_inner
    self.run()
  File "C:\Users\e430287.SPI-GLOBAL\AppData\Local\Programs\Python\Python311\Lib\threading.py", line 975, in run
    self._target(*self._args, **self._kwargs)
  File "C:\Users\e430287.SPI-GLOBAL\AppData\Local\Programs\Python\Python311\Lib\subprocess.py", line 1550, in _readerthread
    buffer.append(fh.read())
                  ^^^^^^^^^
  File "C:\Users\e430287.SPI-GLOBAL\AppData\Local\Programs\Python\Python311\Lib\encodings\cp1252.py", line 23, in decode
    return codecs.charmap_decode(input,self.errors,decoding_table)[0]
           ^^^^^^^^^^^^^^^^^^^^^^^^^^^^^^^^^^^^^^^^^^^^^^^^^^^^^^^
UnicodeDecodeError: 'charmap' codec can't decode byte 0x9d in position 493: character maps to <undefined>
2025-07-24T19:49:44.620Z [ERROR]: API call error: Error: Error parsing response as JSON: <!DOCTYPE html>
<html lang="en">

<head>
  <title>LLM Foundry is down</title>
  <meta charset="UTF-8">
  <meta name="viewport" content="width=device-width, initial-scale=1.0">
  <meta http-equiv="Cache-Control" content="no-cache, no-store, must-revalidate">
  <meta http-equiv="Pragma" content="no-cache">
  <meta http-equiv="Expires" content="0">
  <link rel="icon" href="favicon.svg">
  <link href="https://cdn.jsdelivr.net/npm/bootstrap@5.3/dist/css/bootstrap.min.css" rel="stylesheet" crossorigin="anonymous">
  <link rel="stylesheet" href="https://cdn.jsdelivr.net/npm/bootstrap-icons@1/font/bootstrap-icons.min.css" crossorigin="anonymous">
  <script>
    setTimeout(() => location.reload(), 30000);
  </script>
</head>

<body>
  <div class="position-relative overflow-hidden p-3 p-md-5 m-md-3 text-center bg-body-tertiary">
    <div class="col-md-6 p-lg-5 mx-auto my-5">
      <h1 class="display-3 fw-bold">LLM Foundry is down</h1>
      <div class="mt-5 fs-5">It might be re-starting. That takes about 60 seconds.</div>
      <div class="mt-5 fs-5">Contact <a href="mailto:servicedesk@straive.com" class="text-monospace fw-bold">servicedesk@straive.com</a> if it's down for more than 60 seconds.</div>
    </div>
    <div class="product-device shadow-sm d-none d-md-block"></div>
    <div class="product-device product-device-2 shadow-sm d-none d-md-block"></div>
  </div>

  <footer class="my-5 vh-100 d-flex align-items-center justify-content-center">
    <h1 class="display-4">Designed by <a href="https://gramener.com/" ping="log/click" class="text-reset link-offset-3 link-underline link-underline-opacity-25">Gramener</a></h1>
  </footer>
</body>

</html>

2025-07-24T19:54:51.543Z [ERROR]: Exception in thread Thread-2 (_readerthread):
2025-07-24T19:54:51.544Z [ERROR]: Traceback (most recent call last):
  File "C:\Users\e430287.SPI-GLOBAL\AppData\Local\Programs\Python\Python311\Lib\threading.py", line 1038, in _bootstrap_inner
    self.run()
  File "C:\Users\e430287.SPI-GLOBAL\AppData\Local\Programs\Python\Python311\Lib\threading.py", line 975, in run
    self._target(*self._args, **self._kwargs)
  File "C:\Users\e430287.SPI-GLOBAL\AppData\Local\Programs\Python\Python311\Lib\subprocess.py", line 1550, in _readerthread
2025-07-24T19:54:51.545Z [ERROR]: buffer.append(fh.read())
                  ^^^^^^^^^
  File "C:\Users\e430287.SPI-GLOBAL\AppData\Local\Programs\Python\Python311\Lib\encodings\cp1252.py", line 23, in decode
    return codecs.charmap_decode(input,self.errors,decoding_table)[0]
           ^^^^^^^^^^^^^^^^^^^^^^^^^^^^^^^^^^^^^^^^^^^^^^^^^^^^^^^
UnicodeDecodeError: 'charmap' codec can't decode byte 0x9d in position 157: character maps to <undefined>
2025-07-24T19:56:30.429Z [ERROR]: Exception in thread Thread-2 (_readerthread):
2025-07-24T19:56:30.431Z [ERROR]: Traceback (most recent call last):
  File "C:\Users\e430287.SPI-GLOBAL\AppData\Local\Programs\Python\Python311\Lib\threading.py", line 1038, in _bootstrap_inner
    self.run()
  File "C:\Users\e430287.SPI-GLOBAL\AppData\Local\Programs\Python\Python311\Lib\threading.py", line 975, in run
2025-07-24T19:56:30.432Z [ERROR]: self._target(*self._args, **self._kwargs)
  File "C:\Users\e430287.SPI-GLOBAL\AppData\Local\Programs\Python\Python311\Lib\subprocess.py", line 1550, in _readerthread
2025-07-24T19:56:30.433Z [ERROR]: buffer.append(fh.read())
                  ^^^^^^^^^
  File "C:\Users\e430287.SPI-GLOBAL\AppData\Local\Programs\Python\Python311\Lib\encodings\cp1252.py", line 23, in decode
    return codecs.charmap_decode(input,self.errors,decoding_table)[0]
           ^^^^^^^^^^^^^^^^^^^^^^^^^^^^^^^^^^^^^^^^^^^^^^^^^^^^^^^
UnicodeDecodeError: 'charmap' codec can't decode byte 0x9d in position 157: character maps to <undefined>
2025-07-24T19:56:34.147Z [ERROR]: Exception in thread Thread-2 (_readerthread):
2025-07-24T19:56:34.148Z [ERROR]: Traceback (most recent call last):
  File "C:\Users\e430287.SPI-GLOBAL\AppData\Local\Programs\Python\Python311\Lib\threading.py", line 1038, in _bootstrap_inner
    self.run()
  File "C:\Users\e430287.SPI-GLOBAL\AppData\Local\Programs\Python\Python311\Lib\threading.py", line 975, in run
2025-07-24T19:56:34.150Z [ERROR]: self._target(*self._args, **self._kwargs)
  File "C:\Users\e430287.SPI-GLOBAL\AppData\Local\Programs\Python\Python311\Lib\subprocess.py", line 1550, in _readerthread
2025-07-24T19:56:34.152Z [ERROR]: buffer.append(fh.read())
                  ^^^^^^^^^
  File "C:\Users\e430287.SPI-GLOBAL\AppData\Local\Programs\Python\Python311\Lib\encodings\cp1252.py", line 23, in decode
    return codecs.charmap_decode(input,self.errors,decoding_table)[0]
           ^^^^^^^^^^^^^^^^^^^^^^^^^^^^^^^^^^^^^^^^^^^^^^^^^^^^^^^
UnicodeDecodeError: 'charmap' codec can't decode byte 0x9d in position 157: character maps to <undefined>
2025-07-24T19:56:34.239Z [ERROR]: Exception in thread Thread-2 (_readerthread):
2025-07-24T19:56:34.240Z [ERROR]: Traceback (most recent call last):
  File "C:\Users\e430287.SPI-GLOBAL\AppData\Local\Programs\Python\Python311\Lib\threading.py", line 1038, in _bootstrap_inner
    self.run()
  File "C:\Users\e430287.SPI-GLOBAL\AppData\Local\Programs\Python\Python311\Lib\threading.py", line 975, in run
    self._target(*self._args, **self._kwargs)
  File "C:\Users\e430287.SPI-GLOBAL\AppData\Local\Programs\Python\Python311\Lib\subprocess.py", line 1550, in _readerthread
2025-07-24T19:56:34.241Z [ERROR]: buffer.append(fh.read())
                  ^^^^^^^^^
  File "C:\Users\e430287.SPI-GLOBAL\AppData\Local\Programs\Python\Python311\Lib\encodings\cp1252.py", line 23, in decode
    return codecs.charmap_decode(input,self.errors,decoding_table)[0]
2025-07-24T19:56:34.242Z [ERROR]: ^^^^^^^^^^^^^^^^^^^^^^^^^^^^^^^^^^^^^^^^^^^^^^^^^^^^^^^
UnicodeDecodeError: 'charmap' codec can't decode byte 0x9d in position 157: character maps to <undefined>
2025-07-24T20:00:47.144Z [ERROR]: Exception in thread Thread-2 (_readerthread):
2025-07-24T20:00:47.150Z [ERROR]: Traceback (most recent call last):
  File "C:\Users\e430287.SPI-GLOBAL\AppData\Local\Programs\Python\Python311\Lib\threading.py", line 1038, in _bootstrap_inner
    self.run()
  File "C:\Users\e430287.SPI-GLOBAL\AppData\Local\Programs\Python\Python311\Lib\threading.py", line 975, in run
    self._target(*self._args, **self._kwargs)
  File "C:\Users\e430287.SPI-GLOBAL\AppData\Local\Programs\Python\Python311\Lib\subprocess.py", line 1550, in _readerthread
    buffer.append(fh.read())
                  ^^^^^^^^^
  File "C:\Users\e430287.SPI-GLOBAL\AppData\Local\Programs\Python\Python311\Lib\encodings\cp1252.py", line 23, in decode
    return codecs.charmap_decode(input,self.errors,decoding_table)[0]
           ^^^^^^^^^^^^^^^^^^^^^^^^^^^^^^^^^^^^^^^^^^^^^^^^^^^^^^^
UnicodeDecodeError: 'charmap' codec can't decode byte 0x9d in position 157: character maps to <undefined>
2025-07-24T20:00:47.177Z [ERROR]: Exception in thread Thread-2 (_readerthread):
2025-07-24T20:00:47.180Z [ERROR]: Traceback (most recent call last):
  File "C:\Users\e430287.SPI-GLOBAL\AppData\Local\Programs\Python\Python311\Lib\threading.py", line 1038, in _bootstrap_inner
    self.run()
  File "C:\Users\e430287.SPI-GLOBAL\AppData\Local\Programs\Python\Python311\Lib\threading.py", line 975, in run
    self._target(*self._args, **self._kwargs)
  File "C:\Users\e430287.SPI-GLOBAL\AppData\Local\Programs\Python\Python311\Lib\subprocess.py", line 1550, in _readerthread
    buffer.append(fh.read())
                  ^^^^^^^^^
  File "C:\Users\e430287.SPI-GLOBAL\AppData\Local\Programs\Python\Python311\Lib\encodings\cp1252.py", line 23, in decode
    return codecs.charmap_decode(input,self.errors,decoding_table)[0]
           ^^^^^^^^^^^^^^^^^^^^^^^^^^^^^^^^^^^^^^^^^^^^^^^^^^^^^^^
UnicodeDecodeError: 'charmap' codec can't decode byte 0x9d in position 157: character maps to <undefined>
2025-07-24T20:00:47.192Z [ERROR]: Exception in thread Thread-2 (_readerthread):
2025-07-24T20:00:47.194Z [ERROR]: Traceback (most recent call last):
  File "C:\Users\e430287.SPI-GLOBAL\AppData\Local\Programs\Python\Python311\Lib\threading.py", line 1038, in _bootstrap_inner
    self.run()
  File "C:\Users\e430287.SPI-GLOBAL\AppData\Local\Programs\Python\Python311\Lib\threading.py", line 975, in run
2025-07-24T20:00:47.256Z [ERROR]: self._target(*self._args, **self._kwargs)
  File "C:\Users\e430287.SPI-GLOBAL\AppData\Local\Programs\Python\Python311\Lib\subprocess.py", line 1550, in _readerthread
    buffer.append(fh.read())
                  ^^^^^^^^^
  File "C:\Users\e430287.SPI-GLOBAL\AppData\Local\Programs\Python\Python311\Lib\encodings\cp1252.py", line 23, in decode
    return codecs.charmap_decode(input,self.errors,decoding_table)[0]
           ^^^^^^^^^^^^^^^^^^^^^^^^^^^^^^^^^^^^^^^^^^^^^^^^^^^^^^^
UnicodeDecodeError: 'charmap' codec can't decode byte 0x9d in position 157: character maps to <undefined>
2025-07-24T20:00:47.263Z [ERROR]: Exception in thread Thread-2 (_readerthread):
Traceback (most recent call last):
  File "C:\Users\e430287.SPI-GLOBAL\AppData\Local\Programs\Python\Python311\Lib\threading.py", line 1038, in _bootstrap_inner
    self.run()
  File "C:\Users\e430287.SPI-GLOBAL\AppData\Local\Programs\Python\Python311\Lib\threading.py", line 975, in run
    self._target(*self._args, **self._kwargs)
  File "C:\Users\e430287.SPI-GLOBAL\AppData\Local\Programs\Python\Python311\Lib\subprocess.py", line 1550, in _readerthread
    buffer.append(fh.read())
                  ^^^^^^^^^
  File "C:\Users\e430287.SPI-GLOBAL\AppData\Local\Programs\Python\Python311\Lib\encodings\cp1252.py", line 23, in decode
    return codecs.charmap_decode(input,self.errors,decoding_table)[0]
           ^^^^^^^^^^^^^^^^^^^^^^^^^^^^^^^^^^^^^^^^^^^^^^^^^^^^^^^
UnicodeDecodeError: 'charmap' codec can't decode byte 0x9d in position 157: character maps to <undefined>
2025-07-24T20:00:48.019Z [ERROR]: Exception in thread Thread-2 (_readerthread):
Traceback (most recent call last):
  File "C:\Users\e430287.SPI-GLOBAL\AppData\Local\Programs\Python\Python311\Lib\threading.py", line 1038, in _bootstrap_inner
2025-07-24T20:00:48.021Z [ERROR]: self.run()
  File "C:\Users\e430287.SPI-GLOBAL\AppData\Local\Programs\Python\Python311\Lib\threading.py", line 975, in run
    self._target(*self._args, **self._kwargs)
  File "C:\Users\e430287.SPI-GLOBAL\AppData\Local\Programs\Python\Python311\Lib\subprocess.py", line 1550, in _readerthread
    buffer.append(fh.read())
                  ^^^^^^^^^
  File "C:\Users\e430287.SPI-GLOBAL\AppData\Local\Programs\Python\Python311\Lib\encodings\cp1252.py", line 23, in decode
    return codecs.charmap_decode(input,self.errors,decoding_table)[0]
           ^^^^^^^^^^^^^^^^^^^^^^^^^^^^^^^^^^^^^^^^^^^^^^^^^^^^^^^
UnicodeDecodeError: 'charmap' codec can't decode byte 0x9d in position 157: character maps to <undefined>
2025-07-24T23:30:06.477Z [ERROR]: API call error: TypeError: terminated
2025-07-24T23:39:16.889Z [ERROR]: API call error: TypeError: terminated
2025-07-25T00:22:08.589Z [ERROR]: API call error: TypeError: terminated
2025-07-25T01:50:52.762Z [ERROR]: Traceback (most recent call last):
  File "C:\Users\e430287.SPI-GLOBAL\AppData\Roaming\npm\node_modules\promptfoo\dist\src\python\wrapper.py", line 39, in <module>
    result = call_method(script_path, method_name, *data)
             ^^^^^^^^^^^^^^^^^^^^^^^^^^^^^^^^^^^^^^^^^^^^
  File "C:\Users\e430287.SPI-GLOBAL\AppData\Roaming\npm\node_modules\promptfoo\dist\src\python\wrapper.py", line 28, in call_method
    return method_to_call(*args)
           ^^^^^^^^^^^^^^^^^^^^^
  File "C:\Users\e430287.SPI-GLOBAL\Documents\automate_testcases_mine\final_assertions\fix_tokenizer.py", line 65, in assert_tokenizer_fix
    output = run_python_code(extracted_code, test_case)
             ^^^^^^^^^^^^^^^^^^^^^^^^^^^^^^^^^^^^^^^^^^
  File "C:\Users\e430287.SPI-GLOBAL\Documents\automate_testcases_mine\final_assertions\fix_tokenizer.py", line 28, in run_python_code
    f.write(full_code)
  File "C:\Users\e430287.SPI-GLOBAL\AppData\Local\Programs\Python\Python311\Lib\tempfile.py", line 483, in func_wrapper
2025-07-25T01:50:52.770Z [ERROR]: return func(*args, **kwargs)
2025-07-25T01:50:52.771Z [ERROR]: ^^^^^^^^^^^^^^^^^^^^^
  File "C:\Users\e430287.SPI-GLOBAL\AppData\Local\Programs\Python\Python311\Lib\encodings\cp1252.py", line 19, in encode
2025-07-25T01:50:52.771Z [ERROR]: return codecs.charmap_encode(input,self.errors,encoding_table)[0]
2025-07-25T01:50:52.771Z [ERROR]: ^^^^^^^^^^^^^^^^^^^^^^^^^^^^^^^^^^^^^^^^^^^^^^^^^^^^^^^
UnicodeEncodeError: 'charmap' codec can't encode character '\u2010' in position 449: character maps to <undefined>
2025-07-25T01:50:52.785Z [ERROR]: Error running Python script: UnicodeEncodeError: 'charmap' codec can't encode character '\u2010' in position 449: character maps to <undefined>
Stack Trace: Error: UnicodeEncodeError: 'charmap' codec can't encode character '\u2010' in position 449: character maps to <undefined>
    at PythonShell.parseError (C:\Users\e430287.SPI-GLOBAL\AppData\Roaming\npm\node_modules\promptfoo\node_modules\python-shell\index.js:303:21)
    at terminateIfNeeded (C:\Users\e430287.SPI-GLOBAL\AppData\Roaming\npm\node_modules\promptfoo\node_modules\python-shell\index.js:193:32)
    at ChildProcess.<anonymous> (C:\Users\e430287.SPI-GLOBAL\AppData\Roaming\npm\node_modules\promptfoo\node_modules\python-shell\index.js:185:13)
    at ChildProcess.emit (node:events:514:28)
    at ChildProcess._handle.onexit (node:internal/child_process:294:12)
    --Python Traceback: --
    File "C:\Users\e430287.SPI-GLOBAL\AppData\Roaming\npm\node_modules\promptfoo\dist\src\python\wrapper.py", line 39, in <module>
      result = call_method(script_path, method_name, *data)
               ^^^^^^^^^^^^^^^^^^^^^^^^^^^^^^^^^^^^^^^^^^^^
    File "C:\Users\e430287.SPI-GLOBAL\AppData\Roaming\npm\node_modules\promptfoo\dist\src\python\wrapper.py", line 28, in call_method
      return method_to_call(*args)
             ^^^^^^^^^^^^^^^^^^^^^
    File "C:\Users\e430287.SPI-GLOBAL\Documents\automate_testcases_mine\final_assertions\fix_tokenizer.py", line 65, in assert_tokenizer_fix
      output = run_python_code(extracted_code, test_case)
               ^^^^^^^^^^^^^^^^^^^^^^^^^^^^^^^^^^^^^^^^^^
    File "C:\Users\e430287.SPI-GLOBAL\Documents\automate_testcases_mine\final_assertions\fix_tokenizer.py", line 28, in run_python_code
      f.write(full_code)
    File "C:\Users\e430287.SPI-GLOBAL\AppData\Local\Programs\Python\Python311\Lib\tempfile.py", line 483, in func_wrapper
      return func(*args, **kwargs)
             ^^^^^^^^^^^^^^^^^^^^^
    File "C:\Users\e430287.SPI-GLOBAL\AppData\Local\Programs\Python\Python311\Lib\encodings\cp1252.py", line 19, in encode
      return codecs.charmap_encode(input,self.errors,encoding_table)[0]
             ^^^^^^^^^^^^^^^^^^^^^^^^^^^^^^^^^^^^^^^^^^^^^^^^^^^^^^^
2025-07-25T01:50:52.786Z [ERROR]: Error removing C:\Users\E43028~1.SPI\AppData\Local\Temp\1\promptfoo-python-output-json-1753408252659-99eed0e81a383.json: Error: ENOENT: no such file or directory, unlink 'C:\Users\E43028~1.SPI\AppData\Local\Temp\1\promptfoo-python-output-json-1753408252659-99eed0e81a383.json'
2025-07-25T01:50:53.816Z [ERROR]: Exception in thread Thread-1 (_readerthread):
2025-07-25T01:50:53.817Z [ERROR]: Traceback (most recent call last):
  File "C:\Users\e430287.SPI-GLOBAL\AppData\Local\Programs\Python\Python311\Lib\threading.py", line 1038, in _bootstrap_inner
2025-07-25T01:50:53.826Z [ERROR]: self.run()
  File "C:\Users\e430287.SPI-GLOBAL\AppData\Local\Programs\Python\Python311\Lib\threading.py", line 975, in run
2025-07-25T01:50:53.826Z [ERROR]: self._target(*self._args, **self._kwargs)
  File "C:\Users\e430287.SPI-GLOBAL\AppData\Local\Programs\Python\Python311\Lib\subprocess.py", line 1550, in _readerthread
2025-07-25T01:50:53.851Z [ERROR]: buffer.append(fh.read())
2025-07-25T01:50:53.852Z [ERROR]: ^^^^^^^^^
  File "C:\Users\e430287.SPI-GLOBAL\AppData\Local\Programs\Python\Python311\Lib\encodings\cp1252.py", line 23, in decode
    return codecs.charmap_decode(input,self.errors,decoding_table)[0]
           ^^^^^^^^^^^^^^^^^^^^^^^^^^^^^^^^^^^^^^^^^^^^^^^^^^^^^^^
UnicodeDecodeError: 'charmap' codec can't decode byte 0x9d in position 1320: character maps to <undefined>
2025-07-25T01:51:09.945Z [ERROR]: Traceback (most recent call last):
  File "C:\Users\e430287.SPI-GLOBAL\AppData\Roaming\npm\node_modules\promptfoo\dist\src\python\wrapper.py", line 39, in <module>
    result = call_method(script_path, method_name, *data)
             ^^^^^^^^^^^^^^^^^^^^^^^^^^^^^^^^^^^^^^^^^^^^
  File "C:\Users\e430287.SPI-GLOBAL\AppData\Roaming\npm\node_modules\promptfoo\dist\src\python\wrapper.py", line 28, in call_method
    return method_to_call(*args)
           ^^^^^^^^^^^^^^^^^^^^^
  File "C:\Users\e430287.SPI-GLOBAL\Documents\automate_testcases_mine\final_assertions\fix_tokenizer.py", line 65, in assert_tokenizer_fix
    output = run_python_code(extracted_code, test_case)
             ^^^^^^^^^^^^^^^^^^^^^^^^^^^^^^^^^^^^^^^^^^
  File "C:\Users\e430287.SPI-GLOBAL\Documents\automate_testcases_mine\final_assertions\fix_tokenizer.py", line 28, in run_python_code
    f.write(full_code)
  File "C:\Users\e430287.SPI-GLOBAL\AppData\Local\Programs\Python\Python311\Lib\tempfile.py", line 483, in func_wrapper
    return func(*args, **kwargs)
           ^^^^^^^^^^^^^^^^^^^^^
  File "C:\Users\e430287.SPI-GLOBAL\AppData\Local\Programs\Python\Python311\Lib\encodings\cp1252.py", line 19, in encode
    return codecs.charmap_encode(input,self.errors,encoding_table)[0]
           ^^^^^^^^^^^^^^^^^^^^^^^^^^^^^^^^^^^^^^^^^^^^^^^^^^^^^^^
UnicodeEncodeError: 'charmap' codec can't encode character '\u2010' in position 249: character maps to <undefined>
2025-07-25T01:51:09.957Z [ERROR]: Error running Python script: UnicodeEncodeError: 'charmap' codec can't encode character '\u2010' in position 249: character maps to <undefined>
Stack Trace: Error: UnicodeEncodeError: 'charmap' codec can't encode character '\u2010' in position 249: character maps to <undefined>
    at PythonShell.parseError (C:\Users\e430287.SPI-GLOBAL\AppData\Roaming\npm\node_modules\promptfoo\node_modules\python-shell\index.js:303:21)
    at terminateIfNeeded (C:\Users\e430287.SPI-GLOBAL\AppData\Roaming\npm\node_modules\promptfoo\node_modules\python-shell\index.js:193:32)
    at ChildProcess.<anonymous> (C:\Users\e430287.SPI-GLOBAL\AppData\Roaming\npm\node_modules\promptfoo\node_modules\python-shell\index.js:185:13)
    at ChildProcess.emit (node:events:514:28)
    at ChildProcess._handle.onexit (node:internal/child_process:294:12)
    --Python Traceback: --
    File "C:\Users\e430287.SPI-GLOBAL\AppData\Roaming\npm\node_modules\promptfoo\dist\src\python\wrapper.py", line 39, in <module>
      result = call_method(script_path, method_name, *data)
               ^^^^^^^^^^^^^^^^^^^^^^^^^^^^^^^^^^^^^^^^^^^^
    File "C:\Users\e430287.SPI-GLOBAL\AppData\Roaming\npm\node_modules\promptfoo\dist\src\python\wrapper.py", line 28, in call_method
      return method_to_call(*args)
             ^^^^^^^^^^^^^^^^^^^^^
    File "C:\Users\e430287.SPI-GLOBAL\Documents\automate_testcases_mine\final_assertions\fix_tokenizer.py", line 65, in assert_tokenizer_fix
      output = run_python_code(extracted_code, test_case)
               ^^^^^^^^^^^^^^^^^^^^^^^^^^^^^^^^^^^^^^^^^^
    File "C:\Users\e430287.SPI-GLOBAL\Documents\automate_testcases_mine\final_assertions\fix_tokenizer.py", line 28, in run_python_code
      f.write(full_code)
    File "C:\Users\e430287.SPI-GLOBAL\AppData\Local\Programs\Python\Python311\Lib\tempfile.py", line 483, in func_wrapper
      return func(*args, **kwargs)
             ^^^^^^^^^^^^^^^^^^^^^
    File "C:\Users\e430287.SPI-GLOBAL\AppData\Local\Programs\Python\Python311\Lib\encodings\cp1252.py", line 19, in encode
      return codecs.charmap_encode(input,self.errors,encoding_table)[0]
             ^^^^^^^^^^^^^^^^^^^^^^^^^^^^^^^^^^^^^^^^^^^^^^^^^^^^^^^
2025-07-25T01:51:09.958Z [ERROR]: Error removing C:\Users\E43028~1.SPI\AppData\Local\Temp\1\promptfoo-python-output-json-1753408269844-734b32533972a.json: Error: ENOENT: no such file or directory, unlink 'C:\Users\E43028~1.SPI\AppData\Local\Temp\1\promptfoo-python-output-json-1753408269844-734b32533972a.json'
2025-07-25T01:51:33.598Z [ERROR]: Traceback (most recent call last):
  File "C:\Users\e430287.SPI-GLOBAL\AppData\Roaming\npm\node_modules\promptfoo\dist\src\python\wrapper.py", line 39, in <module>
    result = call_method(script_path, method_name, *data)
             ^^^^^^^^^^^^^^^^^^^^^^^^^^^^^^^^^^^^^^^^^^^^
  File "C:\Users\e430287.SPI-GLOBAL\AppData\Roaming\npm\node_modules\promptfoo\dist\src\python\wrapper.py", line 28, in call_method
    return method_to_call(*args)
           ^^^^^^^^^^^^^^^^^^^^^
  File "C:\Users\e430287.SPI-GLOBAL\Documents\automate_testcases_mine\final_assertions\fix_tokenizer.py", line 65, in assert_tokenizer_fix
    output = run_python_code(extracted_code, test_case)
             ^^^^^^^^^^^^^^^^^^^^^^^^^^^^^^^^^^^^^^^^^^
  File "C:\Users\e430287.SPI-GLOBAL\Documents\automate_testcases_mine\final_assertions\fix_tokenizer.py", line 28, in run_python_code
    f.write(full_code)
  File "C:\Users\e430287.SPI-GLOBAL\AppData\Local\Programs\Python\Python311\Lib\tempfile.py", line 483, in func_wrapper
    return func(*args, **kwargs)
           ^^^^^^^^^^^^^^^^^^^^^
  File "C:\Users\e430287.SPI-GLOBAL\AppData\Local\Programs\Python\Python311\Lib\encodings\cp1252.py", line 19, in encode
    return codecs.charmap_encode(input,self.errors,encoding_table)[0]
           ^^^^^^^^^^^^^^^^^^^^^^^^^^^^^^^^^^^^^^^^^^^^^^^^^^^^^^^
UnicodeEncodeError: 'charmap' codec can't encode character '\u2010' in position 152: character maps to <undefined>
2025-07-25T01:51:33.610Z [ERROR]: Error running Python script: UnicodeEncodeError: 'charmap' codec can't encode character '\u2010' in position 152: character maps to <undefined>
Stack Trace: Error: UnicodeEncodeError: 'charmap' codec can't encode character '\u2010' in position 152: character maps to <undefined>
    at PythonShell.parseError (C:\Users\e430287.SPI-GLOBAL\AppData\Roaming\npm\node_modules\promptfoo\node_modules\python-shell\index.js:303:21)
    at terminateIfNeeded (C:\Users\e430287.SPI-GLOBAL\AppData\Roaming\npm\node_modules\promptfoo\node_modules\python-shell\index.js:193:32)
    at ChildProcess.<anonymous> (C:\Users\e430287.SPI-GLOBAL\AppData\Roaming\npm\node_modules\promptfoo\node_modules\python-shell\index.js:185:13)
    at ChildProcess.emit (node:events:514:28)
    at ChildProcess._handle.onexit (node:internal/child_process:294:12)
    --Python Traceback: --
    File "C:\Users\e430287.SPI-GLOBAL\AppData\Roaming\npm\node_modules\promptfoo\dist\src\python\wrapper.py", line 39, in <module>
      result = call_method(script_path, method_name, *data)
               ^^^^^^^^^^^^^^^^^^^^^^^^^^^^^^^^^^^^^^^^^^^^
    File "C:\Users\e430287.SPI-GLOBAL\AppData\Roaming\npm\node_modules\promptfoo\dist\src\python\wrapper.py", line 28, in call_method
      return method_to_call(*args)
             ^^^^^^^^^^^^^^^^^^^^^
    File "C:\Users\e430287.SPI-GLOBAL\Documents\automate_testcases_mine\final_assertions\fix_tokenizer.py", line 65, in assert_tokenizer_fix
      output = run_python_code(extracted_code, test_case)
               ^^^^^^^^^^^^^^^^^^^^^^^^^^^^^^^^^^^^^^^^^^
    File "C:\Users\e430287.SPI-GLOBAL\Documents\automate_testcases_mine\final_assertions\fix_tokenizer.py", line 28, in run_python_code
      f.write(full_code)
    File "C:\Users\e430287.SPI-GLOBAL\AppData\Local\Programs\Python\Python311\Lib\tempfile.py", line 483, in func_wrapper
      return func(*args, **kwargs)
             ^^^^^^^^^^^^^^^^^^^^^
    File "C:\Users\e430287.SPI-GLOBAL\AppData\Local\Programs\Python\Python311\Lib\encodings\cp1252.py", line 19, in encode
      return codecs.charmap_encode(input,self.errors,encoding_table)[0]
             ^^^^^^^^^^^^^^^^^^^^^^^^^^^^^^^^^^^^^^^^^^^^^^^^^^^^^^^
2025-07-25T01:51:33.611Z [ERROR]: Error removing C:\Users\E43028~1.SPI\AppData\Local\Temp\1\promptfoo-python-output-json-1753408293498-6e1fa30813cbc.json: Error: ENOENT: no such file or directory, unlink 'C:\Users\E43028~1.SPI\AppData\Local\Temp\1\promptfoo-python-output-json-1753408293498-6e1fa30813cbc.json'
2025-07-25T01:52:03.278Z [ERROR]: Traceback (most recent call last):
  File "C:\Users\e430287.SPI-GLOBAL\AppData\Roaming\npm\node_modules\promptfoo\dist\src\python\wrapper.py", line 39, in <module>
    result = call_method(script_path, method_name, *data)
             ^^^^^^^^^^^^^^^^^^^^^^^^^^^^^^^^^^^^^^^^^^^^
  File "C:\Users\e430287.SPI-GLOBAL\AppData\Roaming\npm\node_modules\promptfoo\dist\src\python\wrapper.py", line 28, in call_method
    return method_to_call(*args)
           ^^^^^^^^^^^^^^^^^^^^^
  File "C:\Users\e430287.SPI-GLOBAL\Documents\automate_testcases_mine\final_assertions\fix_tokenizer.py", line 65, in assert_tokenizer_fix
    output = run_python_code(extracted_code, test_case)
             ^^^^^^^^^^^^^^^^^^^^^^^^^^^^^^^^^^^^^^^^^^
  File "C:\Users\e430287.SPI-GLOBAL\Documents\automate_testcases_mine\final_assertions\fix_tokenizer.py", line 28, in run_python_code
    f.write(full_code)
  File "C:\Users\e430287.SPI-GLOBAL\AppData\Local\Programs\Python\Python311\Lib\tempfile.py", line 483, in func_wrapper
    return func(*args, **kwargs)
           ^^^^^^^^^^^^^^^^^^^^^
  File "C:\Users\e430287.SPI-GLOBAL\AppData\Local\Programs\Python\Python311\Lib\encodings\cp1252.py", line 19, in encode
    return codecs.charmap_encode(input,self.errors,encoding_table)[0]
           ^^^^^^^^^^^^^^^^^^^^^^^^^^^^^^^^^^^^^^^^^^^^^^^^^^^^^^^
UnicodeEncodeError: 'charmap' codec can't encode character '\u2010' in position 285: character maps to <undefined>
2025-07-25T01:52:03.290Z [ERROR]: Error running Python script: UnicodeEncodeError: 'charmap' codec can't encode character '\u2010' in position 285: character maps to <undefined>
Stack Trace: Error: UnicodeEncodeError: 'charmap' codec can't encode character '\u2010' in position 285: character maps to <undefined>
    at PythonShell.parseError (C:\Users\e430287.SPI-GLOBAL\AppData\Roaming\npm\node_modules\promptfoo\node_modules\python-shell\index.js:303:21)
    at terminateIfNeeded (C:\Users\e430287.SPI-GLOBAL\AppData\Roaming\npm\node_modules\promptfoo\node_modules\python-shell\index.js:193:32)
    at ChildProcess.<anonymous> (C:\Users\e430287.SPI-GLOBAL\AppData\Roaming\npm\node_modules\promptfoo\node_modules\python-shell\index.js:185:13)
    at ChildProcess.emit (node:events:514:28)
    at ChildProcess._handle.onexit (node:internal/child_process:294:12)
    --Python Traceback: --
    File "C:\Users\e430287.SPI-GLOBAL\AppData\Roaming\npm\node_modules\promptfoo\dist\src\python\wrapper.py", line 39, in <module>
      result = call_method(script_path, method_name, *data)
               ^^^^^^^^^^^^^^^^^^^^^^^^^^^^^^^^^^^^^^^^^^^^
    File "C:\Users\e430287.SPI-GLOBAL\AppData\Roaming\npm\node_modules\promptfoo\dist\src\python\wrapper.py", line 28, in call_method
      return method_to_call(*args)
             ^^^^^^^^^^^^^^^^^^^^^
    File "C:\Users\e430287.SPI-GLOBAL\Documents\automate_testcases_mine\final_assertions\fix_tokenizer.py", line 65, in assert_tokenizer_fix
      output = run_python_code(extracted_code, test_case)
               ^^^^^^^^^^^^^^^^^^^^^^^^^^^^^^^^^^^^^^^^^^
    File "C:\Users\e430287.SPI-GLOBAL\Documents\automate_testcases_mine\final_assertions\fix_tokenizer.py", line 28, in run_python_code
      f.write(full_code)
    File "C:\Users\e430287.SPI-GLOBAL\AppData\Local\Programs\Python\Python311\Lib\tempfile.py", line 483, in func_wrapper
      return func(*args, **kwargs)
             ^^^^^^^^^^^^^^^^^^^^^
    File "C:\Users\e430287.SPI-GLOBAL\AppData\Local\Programs\Python\Python311\Lib\encodings\cp1252.py", line 19, in encode
      return codecs.charmap_encode(input,self.errors,encoding_table)[0]
             ^^^^^^^^^^^^^^^^^^^^^^^^^^^^^^^^^^^^^^^^^^^^^^^^^^^^^^^
2025-07-25T01:52:03.291Z [ERROR]: Error removing C:\Users\E43028~1.SPI\AppData\Local\Temp\1\promptfoo-python-output-json-1753408323172-62f9a0978e80e.json: Error: ENOENT: no such file or directory, unlink 'C:\Users\E43028~1.SPI\AppData\Local\Temp\1\promptfoo-python-output-json-1753408323172-62f9a0978e80e.json'
2025-07-25T02:27:08.557Z [ERROR]: Traceback (most recent call last):
  File "C:\Users\e430287.SPI-GLOBAL\AppData\Roaming\npm\node_modules\promptfoo\dist\src\python\wrapper.py", line 39, in <module>
    result = call_method(script_path, method_name, *data)
             ^^^^^^^^^^^^^^^^^^^^^^^^^^^^^^^^^^^^^^^^^^^^
  File "C:\Users\e430287.SPI-GLOBAL\AppData\Roaming\npm\node_modules\promptfoo\dist\src\python\wrapper.py", line 28, in call_method
    return method_to_call(*args)
           ^^^^^^^^^^^^^^^^^^^^^
  File "C:\Users\e430287.SPI-GLOBAL\Documents\automate_testcases_mine\final_assertions\make_json.py", line 140, in get_assertion
    is_valid, missing_keys, incorrect_values = check_json_subset(parsed_json, expected_data)
    ^^^^^^^^^^^^^^^^^^^^^^^^^^^^^^^^^^^^^^^^
TypeError: cannot unpack non-iterable bool object
2025-07-25T02:27:08.570Z [ERROR]: Error running Python script: TypeError: cannot unpack non-iterable bool object
Stack Trace: Error: TypeError: cannot unpack non-iterable bool object
    at PythonShell.parseError (C:\Users\e430287.SPI-GLOBAL\AppData\Roaming\npm\node_modules\promptfoo\node_modules\python-shell\index.js:303:21)
    at terminateIfNeeded (C:\Users\e430287.SPI-GLOBAL\AppData\Roaming\npm\node_modules\promptfoo\node_modules\python-shell\index.js:193:32)
    at ChildProcess.<anonymous> (C:\Users\e430287.SPI-GLOBAL\AppData\Roaming\npm\node_modules\promptfoo\node_modules\python-shell\index.js:185:13)
    at ChildProcess.emit (node:events:514:28)
    at ChildProcess._handle.onexit (node:internal/child_process:294:12)
    --Python Traceback: --
    File "C:\Users\e430287.SPI-GLOBAL\AppData\Roaming\npm\node_modules\promptfoo\dist\src\python\wrapper.py", line 39, in <module>
      result = call_method(script_path, method_name, *data)
               ^^^^^^^^^^^^^^^^^^^^^^^^^^^^^^^^^^^^^^^^^^^^
    File "C:\Users\e430287.SPI-GLOBAL\AppData\Roaming\npm\node_modules\promptfoo\dist\src\python\wrapper.py", line 28, in call_method
      return method_to_call(*args)
             ^^^^^^^^^^^^^^^^^^^^^
    File "C:\Users\e430287.SPI-GLOBAL\Documents\automate_testcases_mine\final_assertions\make_json.py", line 140, in get_assertion
      is_valid, missing_keys, incorrect_values = check_json_subset(parsed_json, expected_data)
      ^^^^^^^^^^^^^^^^^^^^^^^^^^^^^^^^^^^^^^^^
2025-07-25T02:27:08.571Z [ERROR]: Error removing C:\Users\E43028~1.SPI\AppData\Local\Temp\1\promptfoo-python-output-json-1753410425224-50ae6fa204277.json: Error: ENOENT: no such file or directory, unlink 'C:\Users\E43028~1.SPI\AppData\Local\Temp\1\promptfoo-python-output-json-1753410425224-50ae6fa204277.json'
2025-07-25T03:25:20.187Z [ERROR]: Exception in thread Thread-2 (_readerthread):
2025-07-25T03:25:20.188Z [ERROR]: Traceback (most recent call last):
  File "C:\Users\e430287.SPI-GLOBAL\AppData\Local\Programs\Python\Python311\Lib\threading.py", line 1038, in _bootstrap_inner
    self.run()
  File "C:\Users\e430287.SPI-GLOBAL\AppData\Local\Programs\Python\Python311\Lib\threading.py", line 975, in run
    self._target(*self._args, **self._kwargs)
  File "C:\Users\e430287.SPI-GLOBAL\AppData\Local\Programs\Python\Python311\Lib\subprocess.py", line 1550, in _readerthread
    buffer.append(fh.read())
                  ^^^^^^^^^
  File "C:\Users\e430287.SPI-GLOBAL\AppData\Local\Programs\Python\Python311\Lib\encodings\cp1252.py", line 23, in decode
    return codecs.charmap_decode(input,self.errors,decoding_table)[0]
           ^^^^^^^^^^^^^^^^^^^^^^^^^^^^^^^^^^^^^^^^^^^^^^^^^^^^^^^
UnicodeDecodeError: 'charmap' codec can't decode byte 0x9d in position 83521: character maps to <undefined>
2025-07-25T06:11:19.965Z [ERROR]: Traceback (most recent call last):
  File "C:\Users\e430287.SPI-GLOBAL\AppData\Roaming\npm\node_modules\promptfoo\dist\src\python\wrapper.py", line 39, in <module>
    result = call_method(script_path, method_name, *data)
             ^^^^^^^^^^^^^^^^^^^^^^^^^^^^^^^^^^^^^^^^^^^^
  File "C:\Users\e430287.SPI-GLOBAL\AppData\Roaming\npm\node_modules\promptfoo\dist\src\python\wrapper.py", line 28, in call_method
    return method_to_call(*args)
           ^^^^^^^^^^^^^^^^^^^^^
  File "C:\Users\e430287.SPI-GLOBAL\Documents\automate_testcases_mine\final_assertions\shorten_c_function_hard.py", line 77, in check_c_short_and_correct
    run_process = subprocess.run(
                  ^^^^^^^^^^^^^^^
  File "C:\Users\e430287.SPI-GLOBAL\AppData\Local\Programs\Python\Python311\Lib\subprocess.py", line 548, in run
    stdout, stderr = process.communicate(input, timeout=timeout)
                     ^^^^^^^^^^^^^^^^^^^^^^^^^^^^^^^^^^^^^^^^^^^
  File "C:\Users\e430287.SPI-GLOBAL\AppData\Local\Programs\Python\Python311\Lib\subprocess.py", line 1205, in communicate
2025-07-25T06:11:19.967Z [ERROR]: stdout, stderr = self._communicate(input, endtime, timeout)
                     ^^^^^^^^^^^^^^^^^^^^^^^^^^^^^^^^^^^^^^^^^^
  File "C:\Users\e430287.SPI-GLOBAL\AppData\Local\Programs\Python\Python311\Lib\subprocess.py", line 1579, in _communicate
    self.stdout_thread.join(self._remaining_time(endtime))
  File "C:\Users\e430287.SPI-GLOBAL\AppData\Local\Programs\Python\Python311\Lib\threading.py", line 1112, in join
2025-07-25T06:11:19.967Z [ERROR]: self._wait_for_tstate_lock()
  File "C:\Users\e430287.SPI-GLOBAL\AppData\Local\Programs\Python\Python311\Lib\threading.py", line 1132, in _wait_for_tstate_lock
2025-07-25T06:11:19.969Z [ERROR]: if lock.acquire(block, timeout):
2025-07-25T06:11:19.970Z [ERROR]: ^^^^^^^^^^^^^^^^^^^^^^^^^^^^
KeyboardInterrupt
2025-07-25T06:11:20.015Z [ERROR]: Error running Python script: KeyboardInterrupt
Stack Trace: Error: KeyboardInterrupt
    at PythonShell.parseError (C:\Users\e430287.SPI-GLOBAL\AppData\Roaming\npm\node_modules\promptfoo\node_modules\python-shell\index.js:303:21)
    at terminateIfNeeded (C:\Users\e430287.SPI-GLOBAL\AppData\Roaming\npm\node_modules\promptfoo\node_modules\python-shell\index.js:193:32)
    at ChildProcess.<anonymous> (C:\Users\e430287.SPI-GLOBAL\AppData\Roaming\npm\node_modules\promptfoo\node_modules\python-shell\index.js:185:13)
    at ChildProcess.emit (node:events:514:28)
    at ChildProcess._handle.onexit (node:internal/child_process:294:12)
    --Python Traceback: --
    File "C:\Users\e430287.SPI-GLOBAL\AppData\Roaming\npm\node_modules\promptfoo\dist\src\python\wrapper.py", line 39, in <module>
      result = call_method(script_path, method_name, *data)
               ^^^^^^^^^^^^^^^^^^^^^^^^^^^^^^^^^^^^^^^^^^^^
    File "C:\Users\e430287.SPI-GLOBAL\AppData\Roaming\npm\node_modules\promptfoo\dist\src\python\wrapper.py", line 28, in call_method
      return method_to_call(*args)
             ^^^^^^^^^^^^^^^^^^^^^
    File "C:\Users\e430287.SPI-GLOBAL\Documents\automate_testcases_mine\final_assertions\shorten_c_function_hard.py", line 77, in check_c_short_and_correct
      run_process = subprocess.run(
                    ^^^^^^^^^^^^^^^
    File "C:\Users\e430287.SPI-GLOBAL\AppData\Local\Programs\Python\Python311\Lib\subprocess.py", line 548, in run
      stdout, stderr = process.communicate(input, timeout=timeout)
                       ^^^^^^^^^^^^^^^^^^^^^^^^^^^^^^^^^^^^^^^^^^^
    File "C:\Users\e430287.SPI-GLOBAL\AppData\Local\Programs\Python\Python311\Lib\subprocess.py", line 1205, in communicate
      stdout, stderr = self._communicate(input, endtime, timeout)
                       ^^^^^^^^^^^^^^^^^^^^^^^^^^^^^^^^^^^^^^^^^^
    File "C:\Users\e430287.SPI-GLOBAL\AppData\Local\Programs\Python\Python311\Lib\subprocess.py", line 1579, in _communicate
      self.stdout_thread.join(self._remaining_time(endtime))
    File "C:\Users\e430287.SPI-GLOBAL\AppData\Local\Programs\Python\Python311\Lib\threading.py", line 1112, in join
      self._wait_for_tstate_lock()
    File "C:\Users\e430287.SPI-GLOBAL\AppData\Local\Programs\Python\Python311\Lib\threading.py", line 1132, in _wait_for_tstate_lock
      if lock.acquire(block, timeout):
         ^^^^^^^^^^^^^^^^^^^^^^^^^^^^
2025-07-25T06:11:20.017Z [ERROR]: Error removing C:\Users\E43028~1.SPI\AppData\Local\Temp\1\promptfoo-python-output-json-1753413743095-f472f6b56d399.json: Error: ENOENT: no such file or directory, unlink 'C:\Users\E43028~1.SPI\AppData\Local\Temp\1\promptfoo-python-output-json-1753413743095-f472f6b56d399.json'
